2023-07-15 14:56:56.455 DEBUG 21004 --- [XNIO-1 task-27] r.c.m.x.r.UserMapper.getUserByUserName   : ==>  Preparing: select id, user_uuid, user_name, password, real_name, age, sex, birth_day, user_level, phone, role, status, image_path, create_time, modify_time, last_active_time, deleted, wx_open_id from t_user where deleted=0 and user_name=? limit 1 
2023-07-15 14:56:56.517 DEBUG 21004 --- [XNIO-1 task-27] r.c.m.x.r.UserMapper.getUserByUserName   : ==> Parameters: admin(String)
2023-07-15 14:56:56.529 DEBUG 21004 --- [XNIO-1 task-27] r.c.m.x.r.UserMapper.getUserByUserName   : <==      Total: 1
2023-07-15 14:56:56.537 DEBUG 21004 --- [XNIO-1 task-27] r.c.m.x.r.UserMapper.getUserByUserName   : ==>  Preparing: select id, user_uuid, user_name, password, real_name, age, sex, birth_day, user_level, phone, role, status, image_path, create_time, modify_time, last_active_time, deleted, wx_open_id from t_user where deleted=0 and user_name=? limit 1 
2023-07-15 14:56:56.537 DEBUG 21004 --- [XNIO-1 task-27] r.c.m.x.r.UserMapper.getUserByUserName   : ==> Parameters: admin(String)
2023-07-15 14:56:56.538 DEBUG 21004 --- [XNIO-1 task-27] r.c.m.x.r.UserMapper.getUserByUserName   : <==      Total: 1
2023-07-15 14:56:56.560 DEBUG 21004 --- [XNIO-1 task-27] r.c.m.x.r.E.selectAllCount               : ==>  Preparing: SELECT count(*) from t_exam_paper where deleted=0 
2023-07-15 14:56:56.560 DEBUG 21004 --- [XNIO-1 task-27] r.c.m.x.r.E.selectAllCount               : ==> Parameters: 
2023-07-15 14:56:56.563 DEBUG 21004 --- [XNIO-1 task-27] r.c.m.x.r.E.selectAllCount               : <==      Total: 1
2023-07-15 14:56:56.564 DEBUG 21004 --- [XNIO-1 task-27] r.c.m.x.r.QuestionMapper.selectAllCount  : ==>  Preparing: SELECT count(*) from t_question where deleted=0 
2023-07-15 14:56:56.565 DEBUG 21004 --- [XNIO-1 task-27] r.c.m.x.r.QuestionMapper.selectAllCount  : ==> Parameters: 
2023-07-15 14:56:56.565 DEBUG 21004 --- [XNIO-1 task-27] r.c.m.x.r.QuestionMapper.selectAllCount  : <==      Total: 1
2023-07-15 14:56:56.566 DEBUG 21004 --- [XNIO-1 task-27] r.c.m.x.r.E.selectAllCount               : ==>  Preparing: SELECT count(*) from t_exam_paper_answer 
2023-07-15 14:56:56.566 DEBUG 21004 --- [XNIO-1 task-27] r.c.m.x.r.E.selectAllCount               : ==> Parameters: 
2023-07-15 14:56:56.569 DEBUG 21004 --- [XNIO-1 task-27] r.c.m.x.r.E.selectAllCount               : <==      Total: 1
2023-07-15 14:56:56.570 DEBUG 21004 --- [XNIO-1 task-27] r.c.m.x.r.E.selectAllCount               : ==>  Preparing: SELECT count(*) from t_exam_paper_question_customer_answer 
2023-07-15 14:56:56.570 DEBUG 21004 --- [XNIO-1 task-27] r.c.m.x.r.E.selectAllCount               : ==> Parameters: 
2023-07-15 14:56:56.572 DEBUG 21004 --- [XNIO-1 task-27] r.c.m.x.r.E.selectAllCount               : <==      Total: 1
2023-07-15 14:56:56.574 DEBUG 21004 --- [XNIO-1 task-27] r.c.m.x.r.U.selectCountByDate            : ==>  Preparing: SELECT create_time as name,COUNT(create_time) as value from ( SELECT DATE_FORMAT(create_time,'%Y-%m-%d') as create_time from t_user_event_log WHERE create_time between ? and ? ) a GROUP BY create_time 
2023-07-15 14:56:56.576 DEBUG 21004 --- [XNIO-1 task-27] r.c.m.x.r.U.selectCountByDate            : ==> Parameters: 2023-07-01 00:00:00.0(Timestamp), 2023-07-31 23:59:59.0(Timestamp)
2023-07-15 14:56:56.579 DEBUG 21004 --- [XNIO-1 task-27] r.c.m.x.r.U.selectCountByDate            : <==      Total: 4
2023-07-15 14:56:56.581 DEBUG 21004 --- [XNIO-1 task-27] r.c.m.x.r.E.selectCountByDate            : ==>  Preparing: SELECT create_time as name,COUNT(create_time) as value from ( SELECT DATE_FORMAT(create_time,'%Y-%m-%d') as create_time from t_exam_paper_question_customer_answer WHERE create_time between ? and ? ) a GROUP BY create_time 
2023-07-15 14:56:56.581 DEBUG 21004 --- [XNIO-1 task-27] r.c.m.x.r.E.selectCountByDate            : ==> Parameters: 2023-07-01 00:00:00.0(Timestamp), 2023-07-31 23:59:59.0(Timestamp)
2023-07-15 14:56:56.582 DEBUG 21004 --- [XNIO-1 task-27] r.c.m.x.r.E.selectCountByDate            : <==      Total: 1
2023-07-15 14:57:19.326 DEBUG 21004 --- [XNIO-1 task-28] r.c.m.x.r.E.selectAllCount               : ==>  Preparing: SELECT count(*) from t_exam_paper where deleted=0 
2023-07-15 14:57:19.329 DEBUG 21004 --- [XNIO-1 task-28] r.c.m.x.r.E.selectAllCount               : ==> Parameters: 
2023-07-15 14:57:19.333 DEBUG 21004 --- [XNIO-1 task-28] r.c.m.x.r.E.selectAllCount               : <==      Total: 1
2023-07-15 14:57:19.335 DEBUG 21004 --- [XNIO-1 task-28] r.c.m.x.r.QuestionMapper.selectAllCount  : ==>  Preparing: SELECT count(*) from t_question where deleted=0 
2023-07-15 14:57:19.335 DEBUG 21004 --- [XNIO-1 task-28] r.c.m.x.r.QuestionMapper.selectAllCount  : ==> Parameters: 
2023-07-15 14:57:19.336 DEBUG 21004 --- [XNIO-1 task-28] r.c.m.x.r.QuestionMapper.selectAllCount  : <==      Total: 1
2023-07-15 14:57:19.336 DEBUG 21004 --- [XNIO-1 task-28] r.c.m.x.r.E.selectAllCount               : ==>  Preparing: SELECT count(*) from t_exam_paper_answer 
2023-07-15 14:57:19.336 DEBUG 21004 --- [XNIO-1 task-28] r.c.m.x.r.E.selectAllCount               : ==> Parameters: 
2023-07-15 14:57:19.338 DEBUG 21004 --- [XNIO-1 task-28] r.c.m.x.r.E.selectAllCount               : <==      Total: 1
2023-07-15 14:57:19.339 DEBUG 21004 --- [XNIO-1 task-28] r.c.m.x.r.E.selectAllCount               : ==>  Preparing: SELECT count(*) from t_exam_paper_question_customer_answer 
2023-07-15 14:57:19.339 DEBUG 21004 --- [XNIO-1 task-28] r.c.m.x.r.E.selectAllCount               : ==> Parameters: 
2023-07-15 14:57:19.340 DEBUG 21004 --- [XNIO-1 task-28] r.c.m.x.r.E.selectAllCount               : <==      Total: 1
2023-07-15 14:57:19.341 DEBUG 21004 --- [XNIO-1 task-28] r.c.m.x.r.U.selectCountByDate            : ==>  Preparing: SELECT create_time as name,COUNT(create_time) as value from ( SELECT DATE_FORMAT(create_time,'%Y-%m-%d') as create_time from t_user_event_log WHERE create_time between ? and ? ) a GROUP BY create_time 
2023-07-15 14:57:19.349 DEBUG 21004 --- [XNIO-1 task-28] r.c.m.x.r.U.selectCountByDate            : ==> Parameters: 2023-07-01 00:00:00.0(Timestamp), 2023-07-31 23:59:59.0(Timestamp)
2023-07-15 14:57:19.356 DEBUG 21004 --- [XNIO-1 task-28] r.c.m.x.r.U.selectCountByDate            : <==      Total: 4
2023-07-15 14:57:19.357 DEBUG 21004 --- [XNIO-1 task-28] r.c.m.x.r.E.selectCountByDate            : ==>  Preparing: SELECT create_time as name,COUNT(create_time) as value from ( SELECT DATE_FORMAT(create_time,'%Y-%m-%d') as create_time from t_exam_paper_question_customer_answer WHERE create_time between ? and ? ) a GROUP BY create_time 
2023-07-15 14:57:19.358 DEBUG 21004 --- [XNIO-1 task-28] r.c.m.x.r.E.selectCountByDate            : ==> Parameters: 2023-07-01 00:00:00.0(Timestamp), 2023-07-31 23:59:59.0(Timestamp)
2023-07-15 14:57:19.358 DEBUG 21004 --- [XNIO-1 task-28] r.c.m.x.r.E.selectCountByDate            : <==      Total: 1
2023-07-15 14:57:30.607 DEBUG 21004 --- [XNIO-1 task-29] r.c.m.x.r.UserMapper.userPage_COUNT      : ==>  Preparing: SELECT count(0) FROM t_user WHERE deleted = 0 AND role = ? 
2023-07-15 14:57:30.607 DEBUG 21004 --- [XNIO-1 task-29] r.c.m.x.r.UserMapper.userPage_COUNT      : ==> Parameters: 1(Integer)
2023-07-15 14:57:30.609 DEBUG 21004 --- [XNIO-1 task-29] r.c.m.x.r.UserMapper.userPage_COUNT      : <==      Total: 1
2023-07-15 14:57:30.610 DEBUG 21004 --- [XNIO-1 task-29] r.c.m.x.repository.UserMapper.userPage   : ==>  Preparing: SELECT id, user_uuid, user_name, password, real_name, age, sex, birth_day, user_level, phone, role, status, image_path, create_time, modify_time, last_active_time, deleted, wx_open_id FROM t_user WHERE deleted = 0 AND role = ? order by id desc LIMIT ? 
2023-07-15 14:57:30.612 DEBUG 21004 --- [XNIO-1 task-29] r.c.m.x.repository.UserMapper.userPage   : ==> Parameters: 1(Integer), 10(Integer)
2023-07-15 14:57:30.613 DEBUG 21004 --- [XNIO-1 task-29] r.c.m.x.repository.UserMapper.userPage   : <==      Total: 2
2023-07-15 14:57:33.171 DEBUG 21004 --- [XNIO-1 task-30] r.c.m.x.r.UserMapper.userPage_COUNT      : ==>  Preparing: SELECT count(0) FROM t_user WHERE deleted = 0 AND role = ? 
2023-07-15 14:57:33.172 DEBUG 21004 --- [XNIO-1 task-30] r.c.m.x.r.UserMapper.userPage_COUNT      : ==> Parameters: 3(Integer)
2023-07-15 14:57:33.173 DEBUG 21004 --- [XNIO-1 task-30] r.c.m.x.r.UserMapper.userPage_COUNT      : <==      Total: 1
2023-07-15 14:57:33.174 DEBUG 21004 --- [XNIO-1 task-30] r.c.m.x.repository.UserMapper.userPage   : ==>  Preparing: SELECT id, user_uuid, user_name, password, real_name, age, sex, birth_day, user_level, phone, role, status, image_path, create_time, modify_time, last_active_time, deleted, wx_open_id FROM t_user WHERE deleted = 0 AND role = ? order by id desc LIMIT ? 
2023-07-15 14:57:33.174 DEBUG 21004 --- [XNIO-1 task-30] r.c.m.x.repository.UserMapper.userPage   : ==> Parameters: 3(Integer), 10(Integer)
2023-07-15 14:57:33.174 DEBUG 21004 --- [XNIO-1 task-30] r.c.m.x.repository.UserMapper.userPage   : <==      Total: 1
2023-07-15 14:57:35.566 DEBUG 21004 --- [XNIO-1 task-32] r.c.m.x.r.SubjectMapper.allSubject       : ==>  Preparing: select id, name, level, level_name, item_order, deleted from t_subject 
2023-07-15 14:57:35.566 DEBUG 21004 --- [XNIO-1 task-32] r.c.m.x.r.SubjectMapper.allSubject       : ==> Parameters: 
2023-07-15 14:57:35.568 DEBUG 21004 --- [XNIO-1 task-32] r.c.m.x.r.SubjectMapper.allSubject       : <==      Total: 3
2023-07-15 14:57:35.571 DEBUG 21004 --- [XNIO-1 task-31] r.c.m.x.r.QuestionMapper.page_COUNT      : ==>  Preparing: SELECT count(0) FROM t_question WHERE deleted = 0 
2023-07-15 14:57:35.571 DEBUG 21004 --- [XNIO-1 task-31] r.c.m.x.r.QuestionMapper.page_COUNT      : ==> Parameters: 
2023-07-15 14:57:35.572 DEBUG 21004 --- [XNIO-1 task-31] r.c.m.x.r.QuestionMapper.page_COUNT      : <==      Total: 1
2023-07-15 14:57:35.577 DEBUG 21004 --- [XNIO-1 task-31] r.c.m.x.repository.QuestionMapper.page   : ==>  Preparing: SELECT id, question_type, subject_id, score, grade_level, difficult, correct, info_text_content_id, create_user, status, create_time, deleted FROM t_question WHERE deleted = 0 order by id desc LIMIT ? 
2023-07-15 14:57:35.577 DEBUG 21004 --- [XNIO-1 task-31] r.c.m.x.repository.QuestionMapper.page   : ==> Parameters: 10(Integer)
2023-07-15 14:57:35.580 DEBUG 21004 --- [XNIO-1 task-31] r.c.m.x.repository.QuestionMapper.page   : <==      Total: 1
2023-07-15 14:57:35.581 DEBUG 21004 --- [XNIO-1 task-31] r.c.m.x.r.T.selectByPrimaryKey           : ==>  Preparing: select id, content, create_time from t_text_content where id = ? 
2023-07-15 14:57:35.581 DEBUG 21004 --- [XNIO-1 task-31] r.c.m.x.r.T.selectByPrimaryKey           : ==> Parameters: 1(Integer)
2023-07-15 14:57:35.582 DEBUG 21004 --- [XNIO-1 task-31] r.c.m.x.r.T.selectByPrimaryKey           : <==      Total: 1
2023-07-15 14:57:36.707 DEBUG 21004 --- [XNIO-1 task-34] r.c.m.x.r.SubjectMapper.allSubject       : ==>  Preparing: select id, name, level, level_name, item_order, deleted from t_subject 
2023-07-15 14:57:36.707 DEBUG 21004 --- [XNIO-1 task-34] r.c.m.x.r.SubjectMapper.allSubject       : ==> Parameters: 
2023-07-15 14:57:36.707 DEBUG 21004 --- [XNIO-1 task-34] r.c.m.x.r.SubjectMapper.allSubject       : <==      Total: 3
2023-07-15 14:57:36.709 DEBUG 21004 --- [XNIO-1 task-33] r.c.m.x.r.ExamPaperMapper.page_COUNT     : ==>  Preparing: SELECT count(0) FROM t_exam_paper WHERE deleted = 0 
2023-07-15 14:57:36.709 DEBUG 21004 --- [XNIO-1 task-33] r.c.m.x.r.ExamPaperMapper.page_COUNT     : ==> Parameters: 
2023-07-15 14:57:36.711 DEBUG 21004 --- [XNIO-1 task-33] r.c.m.x.r.ExamPaperMapper.page_COUNT     : <==      Total: 1
2023-07-15 14:57:36.711 DEBUG 21004 --- [XNIO-1 task-33] r.c.m.x.repository.ExamPaperMapper.page  : ==>  Preparing: SELECT id, name, subject_id, paper_type, grade_level, score, question_count, suggest_time, limit_start_time, limit_end_time, frame_text_content_id, create_user, create_time, deleted, task_exam_id FROM t_exam_paper WHERE deleted = 0 order by id desc LIMIT ? 
2023-07-15 14:57:36.712 DEBUG 21004 --- [XNIO-1 task-33] r.c.m.x.repository.ExamPaperMapper.page  : ==> Parameters: 10(Integer)
2023-07-15 14:57:36.713 DEBUG 21004 --- [XNIO-1 task-33] r.c.m.x.repository.ExamPaperMapper.page  : <==      Total: 2
2023-07-15 14:57:37.289 DEBUG 21004 --- [XNIO-1 task-35] r.c.m.x.r.SubjectMapper.page_COUNT       : ==>  Preparing: SELECT count(0) FROM t_subject WHERE deleted = 0 
2023-07-15 14:57:37.290 DEBUG 21004 --- [XNIO-1 task-35] r.c.m.x.r.SubjectMapper.page_COUNT       : ==> Parameters: 
2023-07-15 14:57:37.291 DEBUG 21004 --- [XNIO-1 task-35] r.c.m.x.r.SubjectMapper.page_COUNT       : <==      Total: 1
2023-07-15 14:57:37.292 DEBUG 21004 --- [XNIO-1 task-35] r.c.m.xzs.repository.SubjectMapper.page  : ==>  Preparing: SELECT id, name, level, level_name, item_order, deleted FROM t_subject WHERE deleted = 0 order by id desc LIMIT ? 
2023-07-15 14:57:37.292 DEBUG 21004 --- [XNIO-1 task-35] r.c.m.xzs.repository.SubjectMapper.page  : ==> Parameters: 10(Integer)
2023-07-15 14:57:37.293 DEBUG 21004 --- [XNIO-1 task-35] r.c.m.xzs.repository.SubjectMapper.page  : <==      Total: 3
2023-07-15 14:57:39.581 DEBUG 21004 --- [XNIO-1 task-36] r.c.m.x.r.SubjectMapper.allSubject       : ==>  Preparing: select id, name, level, level_name, item_order, deleted from t_subject 
2023-07-15 14:57:39.582 DEBUG 21004 --- [XNIO-1 task-36] r.c.m.x.r.SubjectMapper.allSubject       : ==> Parameters: 
2023-07-15 14:57:39.583 DEBUG 21004 --- [XNIO-1 task-36] r.c.m.x.r.SubjectMapper.allSubject       : <==      Total: 3
2023-07-15 14:57:39.611 DEBUG 21004 --- [XNIO-1 task-37] r.c.m.x.r.E.adminPage_COUNT              : ==>  Preparing: SELECT count(0) FROM t_exam_paper_answer 
2023-07-15 14:57:39.612 DEBUG 21004 --- [XNIO-1 task-37] r.c.m.x.r.E.adminPage_COUNT              : ==> Parameters: 
2023-07-15 14:57:39.616 DEBUG 21004 --- [XNIO-1 task-37] r.c.m.x.r.E.adminPage_COUNT              : <==      Total: 1
2023-07-15 14:57:39.617 DEBUG 21004 --- [XNIO-1 task-37] r.c.m.x.r.E.adminPage                    : ==>  Preparing: SELECT id, exam_paper_id, paper_name, paper_type, subject_id, system_score, user_score, paper_score, question_correct, question_count, do_time, status, create_user, create_time, task_exam_id FROM t_exam_paper_answer order by id desc LIMIT ? 
2023-07-15 14:57:39.617 DEBUG 21004 --- [XNIO-1 task-37] r.c.m.x.r.E.adminPage                    : ==> Parameters: 10(Integer)
2023-07-15 14:57:39.618 DEBUG 21004 --- [XNIO-1 task-37] r.c.m.x.r.E.adminPage                    : <==      Total: 1
2023-07-15 14:57:39.624 DEBUG 21004 --- [XNIO-1 task-37] r.c.m.x.r.S.selectByPrimaryKey           : ==>  Preparing: select id, name, level, level_name, item_order, deleted from t_subject where id = ? 
2023-07-15 14:57:39.624 DEBUG 21004 --- [XNIO-1 task-37] r.c.m.x.r.S.selectByPrimaryKey           : ==> Parameters: 1(Integer)
2023-07-15 14:57:39.625 DEBUG 21004 --- [XNIO-1 task-37] r.c.m.x.r.S.selectByPrimaryKey           : <==      Total: 1
2023-07-15 14:57:39.641 DEBUG 21004 --- [XNIO-1 task-37] r.c.m.x.r.UserMapper.selectByPrimaryKey  : ==>  Preparing: select id, user_uuid, user_name, password, real_name, age, sex, birth_day, user_level, phone, role, status, image_path, create_time, modify_time, last_active_time, deleted, wx_open_id from t_user where id = ? 
2023-07-15 14:57:39.641 DEBUG 21004 --- [XNIO-1 task-37] r.c.m.x.r.UserMapper.selectByPrimaryKey  : ==> Parameters: 1(Integer)
2023-07-15 14:57:39.642 DEBUG 21004 --- [XNIO-1 task-37] r.c.m.x.r.UserMapper.selectByPrimaryKey  : <==      Total: 1
2023-07-15 14:57:40.206 DEBUG 21004 --- [XNIO-1 task-38] r.c.m.x.r.MessageMapper.page_COUNT       : ==>  Preparing: SELECT count(0) FROM t_message 
2023-07-15 14:57:40.206 DEBUG 21004 --- [XNIO-1 task-38] r.c.m.x.r.MessageMapper.page_COUNT       : ==> Parameters: 
2023-07-15 14:57:40.209 DEBUG 21004 --- [XNIO-1 task-38] r.c.m.x.r.MessageMapper.page_COUNT       : <==      Total: 1
2023-07-15 14:57:40.209 DEBUG 21004 --- [XNIO-1 task-38] r.c.m.xzs.repository.MessageMapper.page  : ==>  Preparing: SELECT id, title, content, create_time, send_user_id, send_user_name, send_real_name, receive_user_count, read_count FROM t_message order by id desc LIMIT ? 
2023-07-15 14:57:40.210 DEBUG 21004 --- [XNIO-1 task-38] r.c.m.xzs.repository.MessageMapper.page  : ==> Parameters: 10(Integer)
2023-07-15 14:57:40.210 DEBUG 21004 --- [XNIO-1 task-38] r.c.m.xzs.repository.MessageMapper.page  : <==      Total: 1
2023-07-15 14:57:40.219 DEBUG 21004 --- [XNIO-1 task-38] r.c.m.x.r.M.selectByMessageIds           : ==>  Preparing: select id, message_id, receive_user_id, receive_user_name, receive_real_name, readed, create_time, read_time from t_message_user where message_id in ( ? ) 
2023-07-15 14:57:40.219 DEBUG 21004 --- [XNIO-1 task-38] r.c.m.x.r.M.selectByMessageIds           : ==> Parameters: 1(Integer)
2023-07-15 14:57:40.221 DEBUG 21004 --- [XNIO-1 task-38] r.c.m.x.r.M.selectByMessageIds           : <==      Total: 1
2023-07-15 15:02:16.387 DEBUG 21004 --- [XNIO-1 task-39] r.c.m.x.r.E.selectAllCount               : ==>  Preparing: SELECT count(*) from t_exam_paper where deleted=0 
2023-07-15 15:02:16.389 DEBUG 21004 --- [XNIO-1 task-39] r.c.m.x.r.E.selectAllCount               : ==> Parameters: 
2023-07-15 15:02:16.398 DEBUG 21004 --- [XNIO-1 task-39] r.c.m.x.r.E.selectAllCount               : <==      Total: 1
2023-07-15 15:02:16.400 DEBUG 21004 --- [XNIO-1 task-39] r.c.m.x.r.QuestionMapper.selectAllCount  : ==>  Preparing: SELECT count(*) from t_question where deleted=0 
2023-07-15 15:02:16.400 DEBUG 21004 --- [XNIO-1 task-39] r.c.m.x.r.QuestionMapper.selectAllCount  : ==> Parameters: 
2023-07-15 15:02:16.401 DEBUG 21004 --- [XNIO-1 task-39] r.c.m.x.r.QuestionMapper.selectAllCount  : <==      Total: 1
2023-07-15 15:02:16.402 DEBUG 21004 --- [XNIO-1 task-39] r.c.m.x.r.E.selectAllCount               : ==>  Preparing: SELECT count(*) from t_exam_paper_answer 
2023-07-15 15:02:16.402 DEBUG 21004 --- [XNIO-1 task-39] r.c.m.x.r.E.selectAllCount               : ==> Parameters: 
2023-07-15 15:02:16.403 DEBUG 21004 --- [XNIO-1 task-39] r.c.m.x.r.E.selectAllCount               : <==      Total: 1
2023-07-15 15:02:16.403 DEBUG 21004 --- [XNIO-1 task-39] r.c.m.x.r.E.selectAllCount               : ==>  Preparing: SELECT count(*) from t_exam_paper_question_customer_answer 
2023-07-15 15:02:16.403 DEBUG 21004 --- [XNIO-1 task-39] r.c.m.x.r.E.selectAllCount               : ==> Parameters: 
2023-07-15 15:02:16.404 DEBUG 21004 --- [XNIO-1 task-39] r.c.m.x.r.E.selectAllCount               : <==      Total: 1
2023-07-15 15:02:16.406 DEBUG 21004 --- [XNIO-1 task-39] r.c.m.x.r.U.selectCountByDate            : ==>  Preparing: SELECT create_time as name,COUNT(create_time) as value from ( SELECT DATE_FORMAT(create_time,'%Y-%m-%d') as create_time from t_user_event_log WHERE create_time between ? and ? ) a GROUP BY create_time 
2023-07-15 15:02:16.407 DEBUG 21004 --- [XNIO-1 task-39] r.c.m.x.r.U.selectCountByDate            : ==> Parameters: 2023-07-01 00:00:00.0(Timestamp), 2023-07-31 23:59:59.0(Timestamp)
2023-07-15 15:02:16.412 DEBUG 21004 --- [XNIO-1 task-39] r.c.m.x.r.U.selectCountByDate            : <==      Total: 4
2023-07-15 15:02:16.413 DEBUG 21004 --- [XNIO-1 task-39] r.c.m.x.r.E.selectCountByDate            : ==>  Preparing: SELECT create_time as name,COUNT(create_time) as value from ( SELECT DATE_FORMAT(create_time,'%Y-%m-%d') as create_time from t_exam_paper_question_customer_answer WHERE create_time between ? and ? ) a GROUP BY create_time 
2023-07-15 15:02:16.413 DEBUG 21004 --- [XNIO-1 task-39] r.c.m.x.r.E.selectCountByDate            : ==> Parameters: 2023-07-01 00:00:00.0(Timestamp), 2023-07-31 23:59:59.0(Timestamp)
2023-07-15 15:02:16.414 DEBUG 21004 --- [XNIO-1 task-39] r.c.m.x.r.E.selectCountByDate            : <==      Total: 1
2023-07-15 15:02:55.798 ERROR 21004 --- [XNIO-1 task-40] io.undertow.request                      : UT005023: Exception handling request to //api/admin/dashboard/index

org.springframework.security.web.firewall.RequestRejectedException: The request was rejected because the URL was not normalized.
	at org.springframework.security.web.firewall.StrictHttpFirewall.getFirewalledRequest(StrictHttpFirewall.java:296)
	at org.springframework.security.web.FilterChainProxy.doFilterInternal(FilterChainProxy.java:194)
	at org.springframework.security.web.FilterChainProxy.doFilter(FilterChainProxy.java:178)
	at org.springframework.web.filter.DelegatingFilterProxy.invokeDelegate(DelegatingFilterProxy.java:357)
	at org.springframework.web.filter.DelegatingFilterProxy.doFilter(DelegatingFilterProxy.java:270)
	at io.undertow.servlet.core.ManagedFilter.doFilter(ManagedFilter.java:61)
	at io.undertow.servlet.handlers.FilterHandler$FilterChainImpl.doFilter(FilterHandler.java:131)
	at org.springframework.web.filter.CharacterEncodingFilter.doFilterInternal(CharacterEncodingFilter.java:200)
	at org.springframework.web.filter.OncePerRequestFilter.doFilter(OncePerRequestFilter.java:109)
	at io.undertow.servlet.core.ManagedFilter.doFilter(ManagedFilter.java:61)
	at io.undertow.servlet.handlers.FilterHandler$FilterChainImpl.doFilter(FilterHandler.java:131)
	at io.undertow.servlet.handlers.FilterHandler.handleRequest(FilterHandler.java:84)
	at io.undertow.servlet.handlers.security.ServletSecurityRoleHandler.handleRequest(ServletSecurityRoleHandler.java:62)
	at io.undertow.servlet.handlers.ServletChain$1.handleRequest(ServletChain.java:68)
	at io.undertow.servlet.handlers.ServletDispatchingHandler.handleRequest(ServletDispatchingHandler.java:36)
	at io.undertow.servlet.handlers.security.SSLInformationAssociationHandler.handleRequest(SSLInformationAssociationHandler.java:132)
	at io.undertow.servlet.handlers.security.ServletAuthenticationCallHandler.handleRequest(ServletAuthenticationCallHandler.java:57)
	at io.undertow.server.handlers.PredicateHandler.handleRequest(PredicateHandler.java:43)
	at io.undertow.security.handlers.AbstractConfidentialityHandler.handleRequest(AbstractConfidentialityHandler.java:46)
	at io.undertow.servlet.handlers.security.ServletConfidentialityConstraintHandler.handleRequest(ServletConfidentialityConstraintHandler.java:64)
	at io.undertow.security.handlers.AuthenticationMechanismsHandler.handleRequest(AuthenticationMechanismsHandler.java:60)
	at io.undertow.servlet.handlers.security.CachedAuthenticatedSessionHandler.handleRequest(CachedAuthenticatedSessionHandler.java:77)
	at io.undertow.security.handlers.AbstractSecurityContextAssociationHandler.handleRequest(AbstractSecurityContextAssociationHandler.java:43)
	at io.undertow.server.handlers.PredicateHandler.handleRequest(PredicateHandler.java:43)
	at io.undertow.server.handlers.PredicateHandler.handleRequest(PredicateHandler.java:43)
	at io.undertow.servlet.handlers.SessionRestoringHandler.handleRequest(SessionRestoringHandler.java:119)
	at io.undertow.servlet.handlers.ServletInitialHandler.handleFirstRequest(ServletInitialHandler.java:292)
	at io.undertow.servlet.handlers.ServletInitialHandler.access$100(ServletInitialHandler.java:81)
	at io.undertow.servlet.handlers.ServletInitialHandler$2.call(ServletInitialHandler.java:138)
	at io.undertow.servlet.handlers.ServletInitialHandler$2.call(ServletInitialHandler.java:135)
	at io.undertow.servlet.core.ServletRequestContextThreadSetupAction$1.call(ServletRequestContextThreadSetupAction.java:48)
	at io.undertow.servlet.core.ContextClassLoaderSetupAction$1.call(ContextClassLoaderSetupAction.java:43)
	at io.undertow.servlet.handlers.ServletInitialHandler.dispatchRequest(ServletInitialHandler.java:272)
	at io.undertow.servlet.handlers.ServletInitialHandler.access$000(ServletInitialHandler.java:81)
	at io.undertow.servlet.handlers.ServletInitialHandler$1.handleRequest(ServletInitialHandler.java:104)
	at io.undertow.server.Connectors.executeRootHandler(Connectors.java:364)
	at io.undertow.server.HttpServerExchange$1.run(HttpServerExchange.java:830)
	at java.base/java.util.concurrent.ThreadPoolExecutor.runWorker(ThreadPoolExecutor.java:1128)
	at java.base/java.util.concurrent.ThreadPoolExecutor$Worker.run(ThreadPoolExecutor.java:628)
	at java.base/java.lang.Thread.run(Thread.java:834)

2023-07-15 15:03:00.879 ERROR 21004 --- [XNIO-1 task-42] c.m.x.c.s.exception.ExceptionHandle      : Request method 'GET' not supported

org.springframework.web.HttpRequestMethodNotSupportedException: Request method 'GET' not supported
	at org.springframework.web.servlet.mvc.method.RequestMappingInfoHandlerMapping.handleNoMatch(RequestMappingInfoHandlerMapping.java:200)
	at org.springframework.web.servlet.handler.AbstractHandlerMethodMapping.lookupHandlerMethod(AbstractHandlerMethodMapping.java:419)
	at org.springframework.web.servlet.handler.AbstractHandlerMethodMapping.getHandlerInternal(AbstractHandlerMethodMapping.java:365)
	at org.springframework.web.servlet.handler.AbstractHandlerMethodMapping.getHandlerInternal(AbstractHandlerMethodMapping.java:65)
	at org.springframework.web.servlet.handler.AbstractHandlerMapping.getHandler(AbstractHandlerMapping.java:401)
	at org.springframework.web.servlet.DispatcherServlet.getHandler(DispatcherServlet.java:1232)
	at org.springframework.web.servlet.DispatcherServlet.doDispatch(DispatcherServlet.java:1015)
	at org.springframework.web.servlet.DispatcherServlet.doService(DispatcherServlet.java:942)
	at org.springframework.web.servlet.FrameworkServlet.processRequest(FrameworkServlet.java:1005)
	at org.springframework.web.servlet.FrameworkServlet.doGet(FrameworkServlet.java:897)
	at javax.servlet.http.HttpServlet.service(HttpServlet.java:645)
	at org.springframework.web.servlet.FrameworkServlet.service(FrameworkServlet.java:882)
	at javax.servlet.http.HttpServlet.service(HttpServlet.java:750)
	at io.undertow.servlet.handlers.ServletHandler.handleRequest(ServletHandler.java:74)
	at io.undertow.servlet.handlers.FilterHandler$FilterChainImpl.doFilter(FilterHandler.java:129)
	at org.springframework.security.web.authentication.AbstractAuthenticationProcessingFilter.doFilter(AbstractAuthenticationProcessingFilter.java:200)
	at io.undertow.servlet.core.ManagedFilter.doFilter(ManagedFilter.java:61)
	at io.undertow.servlet.handlers.FilterHandler$FilterChainImpl.doFilter(FilterHandler.java:131)
	at org.springframework.security.web.FilterChainProxy$VirtualFilterChain.doFilter(FilterChainProxy.java:320)
	at org.springframework.security.web.access.intercept.FilterSecurityInterceptor.invoke(FilterSecurityInterceptor.java:127)
	at org.springframework.security.web.access.intercept.FilterSecurityInterceptor.doFilter(FilterSecurityInterceptor.java:91)
	at org.springframework.security.web.FilterChainProxy$VirtualFilterChain.doFilter(FilterChainProxy.java:334)
	at org.springframework.security.web.access.ExceptionTranslationFilter.doFilter(ExceptionTranslationFilter.java:119)
	at org.springframework.security.web.FilterChainProxy$VirtualFilterChain.doFilter(FilterChainProxy.java:334)
	at org.springframework.security.web.session.SessionManagementFilter.doFilter(SessionManagementFilter.java:137)
	at org.springframework.security.web.FilterChainProxy$VirtualFilterChain.doFilter(FilterChainProxy.java:334)
	at org.springframework.security.web.authentication.AnonymousAuthenticationFilter.doFilter(AnonymousAuthenticationFilter.java:111)
	at org.springframework.security.web.FilterChainProxy$VirtualFilterChain.doFilter(FilterChainProxy.java:334)
	at org.springframework.security.web.authentication.rememberme.RememberMeAuthenticationFilter.doFilter(RememberMeAuthenticationFilter.java:158)
	at org.springframework.security.web.FilterChainProxy$VirtualFilterChain.doFilter(FilterChainProxy.java:334)
	at org.springframework.security.web.servletapi.SecurityContextHolderAwareRequestFilter.doFilter(SecurityContextHolderAwareRequestFilter.java:170)
	at org.springframework.security.web.FilterChainProxy$VirtualFilterChain.doFilter(FilterChainProxy.java:334)
	at org.springframework.security.web.savedrequest.RequestCacheAwareFilter.doFilter(RequestCacheAwareFilter.java:63)
	at org.springframework.security.web.FilterChainProxy$VirtualFilterChain.doFilter(FilterChainProxy.java:334)
	at org.springframework.security.web.authentication.AbstractAuthenticationProcessingFilter.doFilter(AbstractAuthenticationProcessingFilter.java:200)
	at org.springframework.security.web.FilterChainProxy$VirtualFilterChain.doFilter(FilterChainProxy.java:334)
	at org.springframework.security.web.authentication.AbstractAuthenticationProcessingFilter.doFilter(AbstractAuthenticationProcessingFilter.java:200)
	at org.springframework.security.web.FilterChainProxy$VirtualFilterChain.doFilter(FilterChainProxy.java:334)
	at org.springframework.security.web.authentication.logout.LogoutFilter.doFilter(LogoutFilter.java:116)
	at org.springframework.security.web.FilterChainProxy$VirtualFilterChain.doFilter(FilterChainProxy.java:334)
	at org.springframework.web.filter.CorsFilter.doFilterInternal(CorsFilter.java:96)
	at org.springframework.web.filter.OncePerRequestFilter.doFilter(OncePerRequestFilter.java:109)
	at org.springframework.security.web.FilterChainProxy$VirtualFilterChain.doFilter(FilterChainProxy.java:334)
	at org.springframework.security.web.header.HeaderWriterFilter.doFilterInternal(HeaderWriterFilter.java:74)
	at org.springframework.web.filter.OncePerRequestFilter.doFilter(OncePerRequestFilter.java:109)
	at org.springframework.security.web.FilterChainProxy$VirtualFilterChain.doFilter(FilterChainProxy.java:334)
	at org.springframework.security.web.context.SecurityContextPersistenceFilter.doFilter(SecurityContextPersistenceFilter.java:105)
	at org.springframework.security.web.FilterChainProxy$VirtualFilterChain.doFilter(FilterChainProxy.java:334)
	at org.springframework.security.web.context.request.async.WebAsyncManagerIntegrationFilter.doFilterInternal(WebAsyncManagerIntegrationFilter.java:56)
	at org.springframework.web.filter.OncePerRequestFilter.doFilter(OncePerRequestFilter.java:109)
	at org.springframework.security.web.FilterChainProxy$VirtualFilterChain.doFilter(FilterChainProxy.java:334)
	at org.springframework.security.web.FilterChainProxy.doFilterInternal(FilterChainProxy.java:215)
	at org.springframework.security.web.FilterChainProxy.doFilter(FilterChainProxy.java:178)
	at org.springframework.web.filter.DelegatingFilterProxy.invokeDelegate(DelegatingFilterProxy.java:357)
	at org.springframework.web.filter.DelegatingFilterProxy.doFilter(DelegatingFilterProxy.java:270)
	at io.undertow.servlet.core.ManagedFilter.doFilter(ManagedFilter.java:61)
	at io.undertow.servlet.handlers.FilterHandler$FilterChainImpl.doFilter(FilterHandler.java:131)
	at org.springframework.web.filter.CharacterEncodingFilter.doFilterInternal(CharacterEncodingFilter.java:200)
	at org.springframework.web.filter.OncePerRequestFilter.doFilter(OncePerRequestFilter.java:109)
	at io.undertow.servlet.core.ManagedFilter.doFilter(ManagedFilter.java:61)
	at io.undertow.servlet.handlers.FilterHandler$FilterChainImpl.doFilter(FilterHandler.java:131)
	at io.undertow.servlet.handlers.FilterHandler.handleRequest(FilterHandler.java:84)
	at io.undertow.servlet.handlers.security.ServletSecurityRoleHandler.handleRequest(ServletSecurityRoleHandler.java:62)
	at io.undertow.servlet.handlers.ServletChain$1.handleRequest(ServletChain.java:68)
	at io.undertow.servlet.handlers.ServletDispatchingHandler.handleRequest(ServletDispatchingHandler.java:36)
	at io.undertow.servlet.handlers.security.SSLInformationAssociationHandler.handleRequest(SSLInformationAssociationHandler.java:132)
	at io.undertow.servlet.handlers.security.ServletAuthenticationCallHandler.handleRequest(ServletAuthenticationCallHandler.java:57)
	at io.undertow.server.handlers.PredicateHandler.handleRequest(PredicateHandler.java:43)
	at io.undertow.security.handlers.AbstractConfidentialityHandler.handleRequest(AbstractConfidentialityHandler.java:46)
	at io.undertow.servlet.handlers.security.ServletConfidentialityConstraintHandler.handleRequest(ServletConfidentialityConstraintHandler.java:64)
	at io.undertow.security.handlers.AuthenticationMechanismsHandler.handleRequest(AuthenticationMechanismsHandler.java:60)
	at io.undertow.servlet.handlers.security.CachedAuthenticatedSessionHandler.handleRequest(CachedAuthenticatedSessionHandler.java:77)
	at io.undertow.security.handlers.AbstractSecurityContextAssociationHandler.handleRequest(AbstractSecurityContextAssociationHandler.java:43)
	at io.undertow.server.handlers.PredicateHandler.handleRequest(PredicateHandler.java:43)
	at io.undertow.server.handlers.PredicateHandler.handleRequest(PredicateHandler.java:43)
	at io.undertow.servlet.handlers.SessionRestoringHandler.handleRequest(SessionRestoringHandler.java:119)
	at io.undertow.servlet.handlers.ServletInitialHandler.handleFirstRequest(ServletInitialHandler.java:292)
	at io.undertow.servlet.handlers.ServletInitialHandler.access$100(ServletInitialHandler.java:81)
	at io.undertow.servlet.handlers.ServletInitialHandler$2.call(ServletInitialHandler.java:138)
	at io.undertow.servlet.handlers.ServletInitialHandler$2.call(ServletInitialHandler.java:135)
	at io.undertow.servlet.core.ServletRequestContextThreadSetupAction$1.call(ServletRequestContextThreadSetupAction.java:48)
	at io.undertow.servlet.core.ContextClassLoaderSetupAction$1.call(ContextClassLoaderSetupAction.java:43)
	at io.undertow.servlet.handlers.ServletInitialHandler.dispatchRequest(ServletInitialHandler.java:272)
	at io.undertow.servlet.handlers.ServletInitialHandler.access$000(ServletInitialHandler.java:81)
	at io.undertow.servlet.handlers.ServletInitialHandler$1.handleRequest(ServletInitialHandler.java:104)
	at io.undertow.server.Connectors.executeRootHandler(Connectors.java:364)
	at io.undertow.server.HttpServerExchange$1.run(HttpServerExchange.java:830)
	at java.base/java.util.concurrent.ThreadPoolExecutor.runWorker(ThreadPoolExecutor.java:1128)
	at java.base/java.util.concurrent.ThreadPoolExecutor$Worker.run(ThreadPoolExecutor.java:628)
	at java.base/java.lang.Thread.run(Thread.java:834)

2023-07-15 15:20:22.364 DEBUG 21004 --- [XNIO-1 task-43] r.c.m.x.r.E.selectAllCount               : ==>  Preparing: SELECT count(*) from t_exam_paper where deleted=0 
2023-07-15 15:20:22.367 DEBUG 21004 --- [XNIO-1 task-43] r.c.m.x.r.E.selectAllCount               : ==> Parameters: 
2023-07-15 15:20:22.372 DEBUG 21004 --- [XNIO-1 task-43] r.c.m.x.r.E.selectAllCount               : <==      Total: 1
2023-07-15 15:20:22.374 DEBUG 21004 --- [XNIO-1 task-43] r.c.m.x.r.QuestionMapper.selectAllCount  : ==>  Preparing: SELECT count(*) from t_question where deleted=0 
2023-07-15 15:20:22.374 DEBUG 21004 --- [XNIO-1 task-43] r.c.m.x.r.QuestionMapper.selectAllCount  : ==> Parameters: 
2023-07-15 15:20:22.375 DEBUG 21004 --- [XNIO-1 task-43] r.c.m.x.r.QuestionMapper.selectAllCount  : <==      Total: 1
2023-07-15 15:20:22.375 DEBUG 21004 --- [XNIO-1 task-43] r.c.m.x.r.E.selectAllCount               : ==>  Preparing: SELECT count(*) from t_exam_paper_answer 
2023-07-15 15:20:22.375 DEBUG 21004 --- [XNIO-1 task-43] r.c.m.x.r.E.selectAllCount               : ==> Parameters: 
2023-07-15 15:20:22.377 DEBUG 21004 --- [XNIO-1 task-43] r.c.m.x.r.E.selectAllCount               : <==      Total: 1
2023-07-15 15:20:22.378 DEBUG 21004 --- [XNIO-1 task-43] r.c.m.x.r.E.selectAllCount               : ==>  Preparing: SELECT count(*) from t_exam_paper_question_customer_answer 
2023-07-15 15:20:22.378 DEBUG 21004 --- [XNIO-1 task-43] r.c.m.x.r.E.selectAllCount               : ==> Parameters: 
2023-07-15 15:20:22.378 DEBUG 21004 --- [XNIO-1 task-43] r.c.m.x.r.E.selectAllCount               : <==      Total: 1
2023-07-15 15:20:22.380 DEBUG 21004 --- [XNIO-1 task-43] r.c.m.x.r.U.selectCountByDate            : ==>  Preparing: SELECT create_time as name,COUNT(create_time) as value from ( SELECT DATE_FORMAT(create_time,'%Y-%m-%d') as create_time from t_user_event_log WHERE create_time between ? and ? ) a GROUP BY create_time 
2023-07-15 15:20:22.381 DEBUG 21004 --- [XNIO-1 task-43] r.c.m.x.r.U.selectCountByDate            : ==> Parameters: 2023-07-01 00:00:00.0(Timestamp), 2023-07-31 23:59:59.0(Timestamp)
2023-07-15 15:20:22.383 DEBUG 21004 --- [XNIO-1 task-43] r.c.m.x.r.U.selectCountByDate            : <==      Total: 4
2023-07-15 15:20:22.385 DEBUG 21004 --- [XNIO-1 task-43] r.c.m.x.r.E.selectCountByDate            : ==>  Preparing: SELECT create_time as name,COUNT(create_time) as value from ( SELECT DATE_FORMAT(create_time,'%Y-%m-%d') as create_time from t_exam_paper_question_customer_answer WHERE create_time between ? and ? ) a GROUP BY create_time 
2023-07-15 15:20:22.385 DEBUG 21004 --- [XNIO-1 task-43] r.c.m.x.r.E.selectCountByDate            : ==> Parameters: 2023-07-01 00:00:00.0(Timestamp), 2023-07-31 23:59:59.0(Timestamp)
2023-07-15 15:20:22.385 DEBUG 21004 --- [XNIO-1 task-43] r.c.m.x.r.E.selectCountByDate            : <==      Total: 1
2023-07-15 17:24:37.166  INFO 16876 --- [restartedMain] com.mindskip.xzs.XzsApplication          : Starting XzsApplication on 华硕无畏pro14 with PID 16876 (started by 彼方 in E:\笔记\java\项目实战\学而思项目\xzs-mysql)
2023-07-15 17:24:37.168  INFO 16876 --- [restartedMain] com.mindskip.xzs.XzsApplication          : The following profiles are active: dev
2023-07-15 17:24:37.197  INFO 16876 --- [restartedMain] .e.DevToolsPropertyDefaultsPostProcessor : Devtools property defaults active! Set 'spring.devtools.add-properties' to 'false' to disable
2023-07-15 17:24:37.200  INFO 16876 --- [restartedMain] .e.DevToolsPropertyDefaultsPostProcessor : For additional web related logging consider setting the 'logging.level.web' property to 'DEBUG'
2023-07-15 17:24:38.205  WARN 16876 --- [restartedMain] io.undertow.websockets.jsr               : UT026010: Buffer pool was not set on WebSocketDeploymentInfo, the default pool will be used
2023-07-15 17:24:38.235  INFO 16876 --- [restartedMain] io.undertow.servlet                      : Initializing Spring embedded WebApplicationContext
2023-07-15 17:24:38.235  INFO 16876 --- [restartedMain] o.s.web.context.ContextLoader            : Root WebApplicationContext: initialization completed in 1035 ms
2023-07-15 17:24:38.871  INFO 16876 --- [restartedMain] o.s.s.web.DefaultSecurityFilterChain     : Creating filter chain: any request, [org.springframework.security.web.context.request.async.WebAsyncManagerIntegrationFilter@2b12b7e1, org.springframework.security.web.context.SecurityContextPersistenceFilter@356b42fe, org.springframework.security.web.header.HeaderWriterFilter@4d4c3638, org.springframework.web.filter.CorsFilter@23a12032, org.springframework.security.web.authentication.logout.LogoutFilter@6af0bd97, com.mindskip.xzs.configuration.spring.security.RestLoginAuthenticationFilter@4f23fdfc, org.springframework.security.web.authentication.UsernamePasswordAuthenticationFilter@55c0640, org.springframework.security.web.savedrequest.RequestCacheAwareFilter@1ddcdc9e, org.springframework.security.web.servletapi.SecurityContextHolderAwareRequestFilter@7c7792f, org.springframework.security.web.authentication.rememberme.RememberMeAuthenticationFilter@483cbfac, org.springframework.security.web.authentication.AnonymousAuthenticationFilter@6d96aca8, org.springframework.security.web.session.SessionManagementFilter@231bca06, org.springframework.security.web.access.ExceptionTranslationFilter@1722243c, org.springframework.security.web.access.intercept.FilterSecurityInterceptor@3824aa1]
2023-07-15 17:24:39.086  INFO 16876 --- [restartedMain] o.s.b.d.a.OptionalLiveReloadServer       : LiveReload server is running on port 35729
2023-07-15 17:24:39.130  INFO 16876 --- [restartedMain] org.xnio                                 : XNIO version 3.3.8.Final
2023-07-15 17:24:39.137  INFO 16876 --- [restartedMain] org.xnio.nio                             : XNIO NIO Implementation Version 3.3.8.Final
2023-07-15 17:24:39.177  INFO 16876 --- [restartedMain] o.s.b.w.e.u.UndertowServletWebServer     : Undertow started on port(s) 8000 (http) with context path ''
2023-07-15 17:24:39.180  INFO 16876 --- [restartedMain] com.mindskip.xzs.XzsApplication          : Started XzsApplication in 2.312 seconds (JVM running for 3.292)
2023-07-15 17:25:51.193  INFO 16876 --- [XNIO-1 task-1] io.undertow.servlet                      : Initializing Spring DispatcherServlet 'dispatcherServlet'
2023-07-15 17:25:51.198  INFO 16876 --- [XNIO-1 task-1] o.s.web.servlet.DispatcherServlet        : Initializing Servlet 'dispatcherServlet'
2023-07-15 17:25:51.218  INFO 16876 --- [XNIO-1 task-1] o.s.web.servlet.DispatcherServlet        : Completed initialization in 20 ms
2023-07-15 17:25:51.259  INFO 16876 --- [XNIO-1 task-1] com.zaxxer.hikari.HikariDataSource       : HikariPool-1 - Starting...
2023-07-15 17:25:51.387  INFO 16876 --- [XNIO-1 task-1] com.zaxxer.hikari.HikariDataSource       : HikariPool-1 - Start completed.
2023-07-15 17:25:51.394 DEBUG 16876 --- [XNIO-1 task-1] r.c.m.x.r.UserMapper.getUserByUserName   : ==>  Preparing: select id , user_uuid, user_name, password, real_name, age, sex, birth_day, user_level, phone, role, status, image_path, create_time, modify_time, last_active_time, deleted, wx_open_id from t_user where deleted=0 and user_name=? limit 1 
2023-07-15 17:25:51.417 DEBUG 16876 --- [XNIO-1 task-1] r.c.m.x.r.UserMapper.getUserByUserName   : ==> Parameters: admin(String)
2023-07-15 17:25:51.440 DEBUG 16876 --- [XNIO-1 task-1] r.c.m.x.r.UserMapper.getUserByUserName   : <==      Total: 1
2023-07-15 17:25:51.450 DEBUG 16876 --- [XNIO-1 task-1] r.c.m.x.r.UserMapper.getUserByUserName   : ==>  Preparing: select id , user_uuid, user_name, password, real_name, age, sex, birth_day, user_level, phone, role, status, image_path, create_time, modify_time, last_active_time, deleted, wx_open_id from t_user where deleted=0 and user_name=? limit 1 
2023-07-15 17:25:51.451 DEBUG 16876 --- [XNIO-1 task-1] r.c.m.x.r.UserMapper.getUserByUserName   : ==> Parameters: admin(String)
2023-07-15 17:25:51.453 DEBUG 16876 --- [XNIO-1 task-1] r.c.m.x.r.UserMapper.getUserByUserName   : <==      Total: 1
2023-07-15 17:25:51.535 ERROR 16876 --- [XNIO-1 task-1] c.m.x.c.s.exception.ExceptionHandle      : Request method 'GET' not supported

org.springframework.web.HttpRequestMethodNotSupportedException: Request method 'GET' not supported
	at org.springframework.web.servlet.mvc.method.RequestMappingInfoHandlerMapping.handleNoMatch(RequestMappingInfoHandlerMapping.java:200)
	at org.springframework.web.servlet.handler.AbstractHandlerMethodMapping.lookupHandlerMethod(AbstractHandlerMethodMapping.java:419)
	at org.springframework.web.servlet.handler.AbstractHandlerMethodMapping.getHandlerInternal(AbstractHandlerMethodMapping.java:365)
	at org.springframework.web.servlet.handler.AbstractHandlerMethodMapping.getHandlerInternal(AbstractHandlerMethodMapping.java:65)
	at org.springframework.web.servlet.handler.AbstractHandlerMapping.getHandler(AbstractHandlerMapping.java:401)
	at org.springframework.web.servlet.DispatcherServlet.getHandler(DispatcherServlet.java:1232)
	at org.springframework.web.servlet.DispatcherServlet.doDispatch(DispatcherServlet.java:1015)
	at org.springframework.web.servlet.DispatcherServlet.doService(DispatcherServlet.java:942)
	at org.springframework.web.servlet.FrameworkServlet.processRequest(FrameworkServlet.java:1005)
	at org.springframework.web.servlet.FrameworkServlet.doGet(FrameworkServlet.java:897)
	at javax.servlet.http.HttpServlet.service(HttpServlet.java:645)
	at org.springframework.web.servlet.FrameworkServlet.service(FrameworkServlet.java:882)
	at javax.servlet.http.HttpServlet.service(HttpServlet.java:750)
	at io.undertow.servlet.handlers.ServletHandler.handleRequest(ServletHandler.java:74)
	at io.undertow.servlet.handlers.FilterHandler$FilterChainImpl.doFilter(FilterHandler.java:129)
	at org.springframework.security.web.authentication.AbstractAuthenticationProcessingFilter.doFilter(AbstractAuthenticationProcessingFilter.java:200)
	at io.undertow.servlet.core.ManagedFilter.doFilter(ManagedFilter.java:61)
	at io.undertow.servlet.handlers.FilterHandler$FilterChainImpl.doFilter(FilterHandler.java:131)
	at org.springframework.security.web.FilterChainProxy$VirtualFilterChain.doFilter(FilterChainProxy.java:320)
	at org.springframework.security.web.access.intercept.FilterSecurityInterceptor.invoke(FilterSecurityInterceptor.java:127)
	at org.springframework.security.web.access.intercept.FilterSecurityInterceptor.doFilter(FilterSecurityInterceptor.java:91)
	at org.springframework.security.web.FilterChainProxy$VirtualFilterChain.doFilter(FilterChainProxy.java:334)
	at org.springframework.security.web.access.ExceptionTranslationFilter.doFilter(ExceptionTranslationFilter.java:119)
	at org.springframework.security.web.FilterChainProxy$VirtualFilterChain.doFilter(FilterChainProxy.java:334)
	at org.springframework.security.web.session.SessionManagementFilter.doFilter(SessionManagementFilter.java:137)
	at org.springframework.security.web.FilterChainProxy$VirtualFilterChain.doFilter(FilterChainProxy.java:334)
	at org.springframework.security.web.authentication.AnonymousAuthenticationFilter.doFilter(AnonymousAuthenticationFilter.java:111)
	at org.springframework.security.web.FilterChainProxy$VirtualFilterChain.doFilter(FilterChainProxy.java:334)
	at org.springframework.security.web.authentication.rememberme.RememberMeAuthenticationFilter.doFilter(RememberMeAuthenticationFilter.java:150)
	at org.springframework.security.web.FilterChainProxy$VirtualFilterChain.doFilter(FilterChainProxy.java:334)
	at org.springframework.security.web.servletapi.SecurityContextHolderAwareRequestFilter.doFilter(SecurityContextHolderAwareRequestFilter.java:170)
	at org.springframework.security.web.FilterChainProxy$VirtualFilterChain.doFilter(FilterChainProxy.java:334)
	at org.springframework.security.web.savedrequest.RequestCacheAwareFilter.doFilter(RequestCacheAwareFilter.java:63)
	at org.springframework.security.web.FilterChainProxy$VirtualFilterChain.doFilter(FilterChainProxy.java:334)
	at org.springframework.security.web.authentication.AbstractAuthenticationProcessingFilter.doFilter(AbstractAuthenticationProcessingFilter.java:200)
	at org.springframework.security.web.FilterChainProxy$VirtualFilterChain.doFilter(FilterChainProxy.java:334)
	at org.springframework.security.web.authentication.AbstractAuthenticationProcessingFilter.doFilter(AbstractAuthenticationProcessingFilter.java:200)
	at org.springframework.security.web.FilterChainProxy$VirtualFilterChain.doFilter(FilterChainProxy.java:334)
	at org.springframework.security.web.authentication.logout.LogoutFilter.doFilter(LogoutFilter.java:116)
	at org.springframework.security.web.FilterChainProxy$VirtualFilterChain.doFilter(FilterChainProxy.java:334)
	at org.springframework.web.filter.CorsFilter.doFilterInternal(CorsFilter.java:96)
	at org.springframework.web.filter.OncePerRequestFilter.doFilter(OncePerRequestFilter.java:109)
	at org.springframework.security.web.FilterChainProxy$VirtualFilterChain.doFilter(FilterChainProxy.java:334)
	at org.springframework.security.web.header.HeaderWriterFilter.doFilterInternal(HeaderWriterFilter.java:74)
	at org.springframework.web.filter.OncePerRequestFilter.doFilter(OncePerRequestFilter.java:109)
	at org.springframework.security.web.FilterChainProxy$VirtualFilterChain.doFilter(FilterChainProxy.java:334)
	at org.springframework.security.web.context.SecurityContextPersistenceFilter.doFilter(SecurityContextPersistenceFilter.java:105)
	at org.springframework.security.web.FilterChainProxy$VirtualFilterChain.doFilter(FilterChainProxy.java:334)
	at org.springframework.security.web.context.request.async.WebAsyncManagerIntegrationFilter.doFilterInternal(WebAsyncManagerIntegrationFilter.java:56)
	at org.springframework.web.filter.OncePerRequestFilter.doFilter(OncePerRequestFilter.java:109)
	at org.springframework.security.web.FilterChainProxy$VirtualFilterChain.doFilter(FilterChainProxy.java:334)
	at org.springframework.security.web.FilterChainProxy.doFilterInternal(FilterChainProxy.java:215)
	at org.springframework.security.web.FilterChainProxy.doFilter(FilterChainProxy.java:178)
	at org.springframework.web.filter.DelegatingFilterProxy.invokeDelegate(DelegatingFilterProxy.java:357)
	at org.springframework.web.filter.DelegatingFilterProxy.doFilter(DelegatingFilterProxy.java:270)
	at io.undertow.servlet.core.ManagedFilter.doFilter(ManagedFilter.java:61)
	at io.undertow.servlet.handlers.FilterHandler$FilterChainImpl.doFilter(FilterHandler.java:131)
	at org.springframework.web.filter.CharacterEncodingFilter.doFilterInternal(CharacterEncodingFilter.java:200)
	at org.springframework.web.filter.OncePerRequestFilter.doFilter(OncePerRequestFilter.java:109)
	at io.undertow.servlet.core.ManagedFilter.doFilter(ManagedFilter.java:61)
	at io.undertow.servlet.handlers.FilterHandler$FilterChainImpl.doFilter(FilterHandler.java:131)
	at io.undertow.servlet.handlers.FilterHandler.handleRequest(FilterHandler.java:84)
	at io.undertow.servlet.handlers.security.ServletSecurityRoleHandler.handleRequest(ServletSecurityRoleHandler.java:62)
	at io.undertow.servlet.handlers.ServletChain$1.handleRequest(ServletChain.java:68)
	at io.undertow.servlet.handlers.ServletDispatchingHandler.handleRequest(ServletDispatchingHandler.java:36)
	at io.undertow.servlet.handlers.security.SSLInformationAssociationHandler.handleRequest(SSLInformationAssociationHandler.java:132)
	at io.undertow.servlet.handlers.security.ServletAuthenticationCallHandler.handleRequest(ServletAuthenticationCallHandler.java:57)
	at io.undertow.server.handlers.PredicateHandler.handleRequest(PredicateHandler.java:43)
	at io.undertow.security.handlers.AbstractConfidentialityHandler.handleRequest(AbstractConfidentialityHandler.java:46)
	at io.undertow.servlet.handlers.security.ServletConfidentialityConstraintHandler.handleRequest(ServletConfidentialityConstraintHandler.java:64)
	at io.undertow.security.handlers.AuthenticationMechanismsHandler.handleRequest(AuthenticationMechanismsHandler.java:60)
	at io.undertow.servlet.handlers.security.CachedAuthenticatedSessionHandler.handleRequest(CachedAuthenticatedSessionHandler.java:77)
	at io.undertow.security.handlers.AbstractSecurityContextAssociationHandler.handleRequest(AbstractSecurityContextAssociationHandler.java:43)
	at io.undertow.server.handlers.PredicateHandler.handleRequest(PredicateHandler.java:43)
	at io.undertow.server.handlers.PredicateHandler.handleRequest(PredicateHandler.java:43)
	at io.undertow.servlet.handlers.SessionRestoringHandler.handleRequest(SessionRestoringHandler.java:119)
	at io.undertow.servlet.handlers.ServletInitialHandler.handleFirstRequest(ServletInitialHandler.java:292)
	at io.undertow.servlet.handlers.ServletInitialHandler.access$100(ServletInitialHandler.java:81)
	at io.undertow.servlet.handlers.ServletInitialHandler$2.call(ServletInitialHandler.java:138)
	at io.undertow.servlet.handlers.ServletInitialHandler$2.call(ServletInitialHandler.java:135)
	at io.undertow.servlet.core.ServletRequestContextThreadSetupAction$1.call(ServletRequestContextThreadSetupAction.java:48)
	at io.undertow.servlet.core.ContextClassLoaderSetupAction$1.call(ContextClassLoaderSetupAction.java:43)
	at io.undertow.servlet.handlers.ServletInitialHandler.dispatchRequest(ServletInitialHandler.java:272)
	at io.undertow.servlet.handlers.ServletInitialHandler.access$000(ServletInitialHandler.java:81)
	at io.undertow.servlet.handlers.ServletInitialHandler$1.handleRequest(ServletInitialHandler.java:104)
	at io.undertow.server.Connectors.executeRootHandler(Connectors.java:364)
	at io.undertow.server.HttpServerExchange$1.run(HttpServerExchange.java:830)
	at java.base/java.util.concurrent.ThreadPoolExecutor.runWorker(ThreadPoolExecutor.java:1128)
	at java.base/java.util.concurrent.ThreadPoolExecutor$Worker.run(ThreadPoolExecutor.java:628)
	at java.base/java.lang.Thread.run(Thread.java:834)

2023-07-15 17:26:06.599 ERROR 16876 --- [XNIO-1 task-2] c.m.x.c.s.exception.ExceptionHandle      : Request method 'GET' not supported

org.springframework.web.HttpRequestMethodNotSupportedException: Request method 'GET' not supported
	at org.springframework.web.servlet.mvc.method.RequestMappingInfoHandlerMapping.handleNoMatch(RequestMappingInfoHandlerMapping.java:200)
	at org.springframework.web.servlet.handler.AbstractHandlerMethodMapping.lookupHandlerMethod(AbstractHandlerMethodMapping.java:419)
	at org.springframework.web.servlet.handler.AbstractHandlerMethodMapping.getHandlerInternal(AbstractHandlerMethodMapping.java:365)
	at org.springframework.web.servlet.handler.AbstractHandlerMethodMapping.getHandlerInternal(AbstractHandlerMethodMapping.java:65)
	at org.springframework.web.servlet.handler.AbstractHandlerMapping.getHandler(AbstractHandlerMapping.java:401)
	at org.springframework.web.servlet.DispatcherServlet.getHandler(DispatcherServlet.java:1232)
	at org.springframework.web.servlet.DispatcherServlet.doDispatch(DispatcherServlet.java:1015)
	at org.springframework.web.servlet.DispatcherServlet.doService(DispatcherServlet.java:942)
	at org.springframework.web.servlet.FrameworkServlet.processRequest(FrameworkServlet.java:1005)
	at org.springframework.web.servlet.FrameworkServlet.doGet(FrameworkServlet.java:897)
	at javax.servlet.http.HttpServlet.service(HttpServlet.java:645)
	at org.springframework.web.servlet.FrameworkServlet.service(FrameworkServlet.java:882)
	at javax.servlet.http.HttpServlet.service(HttpServlet.java:750)
	at io.undertow.servlet.handlers.ServletHandler.handleRequest(ServletHandler.java:74)
	at io.undertow.servlet.handlers.FilterHandler$FilterChainImpl.doFilter(FilterHandler.java:129)
	at org.springframework.security.web.authentication.AbstractAuthenticationProcessingFilter.doFilter(AbstractAuthenticationProcessingFilter.java:200)
	at io.undertow.servlet.core.ManagedFilter.doFilter(ManagedFilter.java:61)
	at io.undertow.servlet.handlers.FilterHandler$FilterChainImpl.doFilter(FilterHandler.java:131)
	at org.springframework.security.web.FilterChainProxy$VirtualFilterChain.doFilter(FilterChainProxy.java:320)
	at org.springframework.security.web.access.intercept.FilterSecurityInterceptor.invoke(FilterSecurityInterceptor.java:127)
	at org.springframework.security.web.access.intercept.FilterSecurityInterceptor.doFilter(FilterSecurityInterceptor.java:91)
	at org.springframework.security.web.FilterChainProxy$VirtualFilterChain.doFilter(FilterChainProxy.java:334)
	at org.springframework.security.web.access.ExceptionTranslationFilter.doFilter(ExceptionTranslationFilter.java:119)
	at org.springframework.security.web.FilterChainProxy$VirtualFilterChain.doFilter(FilterChainProxy.java:334)
	at org.springframework.security.web.session.SessionManagementFilter.doFilter(SessionManagementFilter.java:137)
	at org.springframework.security.web.FilterChainProxy$VirtualFilterChain.doFilter(FilterChainProxy.java:334)
	at org.springframework.security.web.authentication.AnonymousAuthenticationFilter.doFilter(AnonymousAuthenticationFilter.java:111)
	at org.springframework.security.web.FilterChainProxy$VirtualFilterChain.doFilter(FilterChainProxy.java:334)
	at org.springframework.security.web.authentication.rememberme.RememberMeAuthenticationFilter.doFilter(RememberMeAuthenticationFilter.java:158)
	at org.springframework.security.web.FilterChainProxy$VirtualFilterChain.doFilter(FilterChainProxy.java:334)
	at org.springframework.security.web.servletapi.SecurityContextHolderAwareRequestFilter.doFilter(SecurityContextHolderAwareRequestFilter.java:170)
	at org.springframework.security.web.FilterChainProxy$VirtualFilterChain.doFilter(FilterChainProxy.java:334)
	at org.springframework.security.web.savedrequest.RequestCacheAwareFilter.doFilter(RequestCacheAwareFilter.java:63)
	at org.springframework.security.web.FilterChainProxy$VirtualFilterChain.doFilter(FilterChainProxy.java:334)
	at org.springframework.security.web.authentication.AbstractAuthenticationProcessingFilter.doFilter(AbstractAuthenticationProcessingFilter.java:200)
	at org.springframework.security.web.FilterChainProxy$VirtualFilterChain.doFilter(FilterChainProxy.java:334)
	at org.springframework.security.web.authentication.AbstractAuthenticationProcessingFilter.doFilter(AbstractAuthenticationProcessingFilter.java:200)
	at org.springframework.security.web.FilterChainProxy$VirtualFilterChain.doFilter(FilterChainProxy.java:334)
	at org.springframework.security.web.authentication.logout.LogoutFilter.doFilter(LogoutFilter.java:116)
	at org.springframework.security.web.FilterChainProxy$VirtualFilterChain.doFilter(FilterChainProxy.java:334)
	at org.springframework.web.filter.CorsFilter.doFilterInternal(CorsFilter.java:96)
	at org.springframework.web.filter.OncePerRequestFilter.doFilter(OncePerRequestFilter.java:109)
	at org.springframework.security.web.FilterChainProxy$VirtualFilterChain.doFilter(FilterChainProxy.java:334)
	at org.springframework.security.web.header.HeaderWriterFilter.doFilterInternal(HeaderWriterFilter.java:74)
	at org.springframework.web.filter.OncePerRequestFilter.doFilter(OncePerRequestFilter.java:109)
	at org.springframework.security.web.FilterChainProxy$VirtualFilterChain.doFilter(FilterChainProxy.java:334)
	at org.springframework.security.web.context.SecurityContextPersistenceFilter.doFilter(SecurityContextPersistenceFilter.java:105)
	at org.springframework.security.web.FilterChainProxy$VirtualFilterChain.doFilter(FilterChainProxy.java:334)
	at org.springframework.security.web.context.request.async.WebAsyncManagerIntegrationFilter.doFilterInternal(WebAsyncManagerIntegrationFilter.java:56)
	at org.springframework.web.filter.OncePerRequestFilter.doFilter(OncePerRequestFilter.java:109)
	at org.springframework.security.web.FilterChainProxy$VirtualFilterChain.doFilter(FilterChainProxy.java:334)
	at org.springframework.security.web.FilterChainProxy.doFilterInternal(FilterChainProxy.java:215)
	at org.springframework.security.web.FilterChainProxy.doFilter(FilterChainProxy.java:178)
	at org.springframework.web.filter.DelegatingFilterProxy.invokeDelegate(DelegatingFilterProxy.java:357)
	at org.springframework.web.filter.DelegatingFilterProxy.doFilter(DelegatingFilterProxy.java:270)
	at io.undertow.servlet.core.ManagedFilter.doFilter(ManagedFilter.java:61)
	at io.undertow.servlet.handlers.FilterHandler$FilterChainImpl.doFilter(FilterHandler.java:131)
	at org.springframework.web.filter.CharacterEncodingFilter.doFilterInternal(CharacterEncodingFilter.java:200)
	at org.springframework.web.filter.OncePerRequestFilter.doFilter(OncePerRequestFilter.java:109)
	at io.undertow.servlet.core.ManagedFilter.doFilter(ManagedFilter.java:61)
	at io.undertow.servlet.handlers.FilterHandler$FilterChainImpl.doFilter(FilterHandler.java:131)
	at io.undertow.servlet.handlers.FilterHandler.handleRequest(FilterHandler.java:84)
	at io.undertow.servlet.handlers.security.ServletSecurityRoleHandler.handleRequest(ServletSecurityRoleHandler.java:62)
	at io.undertow.servlet.handlers.ServletChain$1.handleRequest(ServletChain.java:68)
	at io.undertow.servlet.handlers.ServletDispatchingHandler.handleRequest(ServletDispatchingHandler.java:36)
	at io.undertow.servlet.handlers.security.SSLInformationAssociationHandler.handleRequest(SSLInformationAssociationHandler.java:132)
	at io.undertow.servlet.handlers.security.ServletAuthenticationCallHandler.handleRequest(ServletAuthenticationCallHandler.java:57)
	at io.undertow.server.handlers.PredicateHandler.handleRequest(PredicateHandler.java:43)
	at io.undertow.security.handlers.AbstractConfidentialityHandler.handleRequest(AbstractConfidentialityHandler.java:46)
	at io.undertow.servlet.handlers.security.ServletConfidentialityConstraintHandler.handleRequest(ServletConfidentialityConstraintHandler.java:64)
	at io.undertow.security.handlers.AuthenticationMechanismsHandler.handleRequest(AuthenticationMechanismsHandler.java:60)
	at io.undertow.servlet.handlers.security.CachedAuthenticatedSessionHandler.handleRequest(CachedAuthenticatedSessionHandler.java:77)
	at io.undertow.security.handlers.AbstractSecurityContextAssociationHandler.handleRequest(AbstractSecurityContextAssociationHandler.java:43)
	at io.undertow.server.handlers.PredicateHandler.handleRequest(PredicateHandler.java:43)
	at io.undertow.server.handlers.PredicateHandler.handleRequest(PredicateHandler.java:43)
	at io.undertow.servlet.handlers.SessionRestoringHandler.handleRequest(SessionRestoringHandler.java:119)
	at io.undertow.servlet.handlers.ServletInitialHandler.handleFirstRequest(ServletInitialHandler.java:292)
	at io.undertow.servlet.handlers.ServletInitialHandler.access$100(ServletInitialHandler.java:81)
	at io.undertow.servlet.handlers.ServletInitialHandler$2.call(ServletInitialHandler.java:138)
	at io.undertow.servlet.handlers.ServletInitialHandler$2.call(ServletInitialHandler.java:135)
	at io.undertow.servlet.core.ServletRequestContextThreadSetupAction$1.call(ServletRequestContextThreadSetupAction.java:48)
	at io.undertow.servlet.core.ContextClassLoaderSetupAction$1.call(ContextClassLoaderSetupAction.java:43)
	at io.undertow.servlet.handlers.ServletInitialHandler.dispatchRequest(ServletInitialHandler.java:272)
	at io.undertow.servlet.handlers.ServletInitialHandler.access$000(ServletInitialHandler.java:81)
	at io.undertow.servlet.handlers.ServletInitialHandler$1.handleRequest(ServletInitialHandler.java:104)
	at io.undertow.server.Connectors.executeRootHandler(Connectors.java:364)
	at io.undertow.server.HttpServerExchange$1.run(HttpServerExchange.java:830)
	at java.base/java.util.concurrent.ThreadPoolExecutor.runWorker(ThreadPoolExecutor.java:1128)
	at java.base/java.util.concurrent.ThreadPoolExecutor$Worker.run(ThreadPoolExecutor.java:628)
	at java.base/java.lang.Thread.run(Thread.java:834)

2023-07-15 17:34:38.046  INFO 16876 --- [Thread-7] com.zaxxer.hikari.HikariDataSource       : HikariPool-1 - Shutdown initiated...
2023-07-15 17:34:38.072  INFO 16876 --- [Thread-7] com.zaxxer.hikari.HikariDataSource       : HikariPool-1 - Shutdown completed.
2023-07-15 17:34:38.077  INFO 16876 --- [Thread-7] io.undertow.servlet                      : Destroying Spring FrameworkServlet 'dispatcherServlet'
