2023-10-16 09:17:14.988  INFO 18352 --- [restartedMain] com.mindskip.xzs.XzsApplication          : Starting XzsApplication on 华硕无畏pro14 with PID 18352 (started by 彼方 in C:\Users\彼方\Desktop\毕业设计\毕业设计项目\zxks-mysql)
2023-10-16 09:17:14.990  INFO 18352 --- [restartedMain] com.mindskip.xzs.XzsApplication          : The following profiles are active: dev
2023-10-16 09:17:15.021  INFO 18352 --- [restartedMain] .e.DevToolsPropertyDefaultsPostProcessor : Devtools property defaults active! Set 'spring.devtools.add-properties' to 'false' to disable
2023-10-16 09:17:15.021  INFO 18352 --- [restartedMain] .e.DevToolsPropertyDefaultsPostProcessor : For additional web related logging consider setting the 'logging.level.web' property to 'DEBUG'
2023-10-16 09:17:15.954  WARN 18352 --- [restartedMain] io.undertow.websockets.jsr               : UT026010: Buffer pool was not set on WebSocketDeploymentInfo, the default pool will be used
2023-10-16 09:17:15.990  INFO 18352 --- [restartedMain] io.undertow.servlet                      : Initializing Spring embedded WebApplicationContext
2023-10-16 09:17:15.990  INFO 18352 --- [restartedMain] o.s.web.context.ContextLoader            : Root WebApplicationContext: initialization completed in 968 ms
2023-10-16 09:17:16.658  INFO 18352 --- [restartedMain] o.s.s.web.DefaultSecurityFilterChain     : Creating filter chain: any request, [org.springframework.security.web.context.request.async.WebAsyncManagerIntegrationFilter@475b058c, org.springframework.security.web.context.SecurityContextPersistenceFilter@138b18fe, org.springframework.security.web.header.HeaderWriterFilter@53568582, org.springframework.web.filter.CorsFilter@17092f50, org.springframework.security.web.authentication.logout.LogoutFilter@4975aa24, com.mindskip.xzs.configuration.spring.st.RestLoginAuthenticationFilter@c14ca1f, org.springframework.security.web.authentication.UsernamePasswordAuthenticationFilter@78219b8e, org.springframework.security.web.savedrequest.RequestCacheAwareFilter@4dcbaa18, org.springframework.security.web.servletapi.SecurityContextHolderAwareRequestFilter@4954885f, org.springframework.security.web.authentication.rememberme.RememberMeAuthenticationFilter@3d4ddd4e, org.springframework.security.web.authentication.AnonymousAuthenticationFilter@22331968, org.springframework.security.web.session.SessionManagementFilter@2fcf4ecf, org.springframework.security.web.access.ExceptionTranslationFilter@1daf279e, org.springframework.security.web.access.intercept.FilterSecurityInterceptor@183ab823]
2023-10-16 09:17:16.919  INFO 18352 --- [restartedMain] o.s.b.d.a.OptionalLiveReloadServer       : LiveReload server is running on port 35729
2023-10-16 09:17:16.954  INFO 18352 --- [restartedMain] org.xnio                                 : XNIO version 3.3.8.Final
2023-10-16 09:17:16.960  INFO 18352 --- [restartedMain] org.xnio.nio                             : XNIO NIO Implementation Version 3.3.8.Final
2023-10-16 09:17:17.001  INFO 18352 --- [restartedMain] o.s.b.w.e.u.UndertowServletWebServer     : Undertow started on port(s) 8000 (http) with context path ''
2023-10-16 09:17:17.004  INFO 18352 --- [restartedMain] com.mindskip.xzs.XzsApplication          : Started XzsApplication in 2.414 seconds (JVM running for 3.363)
2023-10-16 10:50:22.456  INFO 18352 --- [XNIO-1 task-1] io.undertow.servlet                      : Initializing Spring DispatcherServlet 'dispatcherServlet'
2023-10-16 10:50:22.463  INFO 18352 --- [XNIO-1 task-1] o.s.web.servlet.DispatcherServlet        : Initializing Servlet 'dispatcherServlet'
2023-10-16 10:50:22.497  INFO 18352 --- [XNIO-1 task-1] o.s.web.servlet.DispatcherServlet        : Completed initialization in 34 ms
2023-10-16 10:50:26.021  INFO 18352 --- [XNIO-1 task-2] com.zaxxer.hikari.HikariDataSource       : HikariPool-1 - Starting...
2023-10-16 10:50:26.197  INFO 18352 --- [XNIO-1 task-2] com.zaxxer.hikari.HikariDataSource       : HikariPool-1 - Start completed.
2023-10-16 10:50:26.206 DEBUG 18352 --- [XNIO-1 task-2] r.c.m.x.r.UserMapper.getUserByUserName   : ==>  Preparing: select id , user_uuid, user_name, password, real_name, age, sex, birth_day, user_level, phone, role, status, image_path, create_time, modify_time, last_active_time, deleted, wx_open_id from t_user where deleted=0 and user_name=? limit 1 
2023-10-16 10:50:26.230 DEBUG 18352 --- [XNIO-1 task-2] r.c.m.x.r.UserMapper.getUserByUserName   : ==> Parameters: admin(String)
2023-10-16 10:50:26.273 DEBUG 18352 --- [XNIO-1 task-2] r.c.m.x.r.UserMapper.getUserByUserName   : <==      Total: 1
2023-10-16 10:50:26.342 DEBUG 18352 --- [XNIO-1 task-2] r.c.m.x.r.UserMapper.getUserByUserName   : ==>  Preparing: select id , user_uuid, user_name, password, real_name, age, sex, birth_day, user_level, phone, role, status, image_path, create_time, modify_time, last_active_time, deleted, wx_open_id from t_user where deleted=0 and user_name=? limit 1 
2023-10-16 10:50:26.342 DEBUG 18352 --- [XNIO-1 task-2] r.c.m.x.r.UserMapper.getUserByUserName   : ==> Parameters: admin(String)
2023-10-16 10:50:26.344 DEBUG 18352 --- [XNIO-1 task-2] r.c.m.x.r.UserMapper.getUserByUserName   : <==      Total: 1
2023-10-16 10:50:26.360 DEBUG 18352 --- [XNIO-1 task-2] r.c.m.x.r.U.insertSelective              : ==>  Preparing: insert into t_user_event_log ( user_id, user_name, real_name, content, create_time ) values ( ?, ?, ?, ?, ? ) 
2023-10-16 10:50:26.362 DEBUG 18352 --- [XNIO-1 task-2] r.c.m.x.r.U.insertSelective              : ==> Parameters: 2(Integer), admin(String), 管理员(String), admin 登录了学之思开源考试系统(String), 2023-10-16 10:50:26.344(Timestamp)
2023-10-16 10:50:26.371 DEBUG 18352 --- [XNIO-1 task-2] r.c.m.x.r.U.insertSelective              : <==    Updates: 1
2023-10-16 10:50:26.458 DEBUG 18352 --- [XNIO-1 task-3] r.c.m.x.r.E.selectAllCount               : ==>  Preparing: SELECT count(*) from t_exam_paper where deleted = 0 
2023-10-16 10:50:26.458 DEBUG 18352 --- [XNIO-1 task-3] r.c.m.x.r.E.selectAllCount               : ==> Parameters: 
2023-10-16 10:50:26.469 DEBUG 18352 --- [XNIO-1 task-3] r.c.m.x.r.E.selectAllCount               : <==      Total: 1
2023-10-16 10:50:26.471 DEBUG 18352 --- [XNIO-1 task-3] r.c.m.x.r.QuestionMapper.selectAllCount  : ==>  Preparing: SELECT count(*) from t_question where deleted = 0 
2023-10-16 10:50:26.471 DEBUG 18352 --- [XNIO-1 task-3] r.c.m.x.r.QuestionMapper.selectAllCount  : ==> Parameters: 
2023-10-16 10:50:26.476 DEBUG 18352 --- [XNIO-1 task-3] r.c.m.x.r.QuestionMapper.selectAllCount  : <==      Total: 1
2023-10-16 10:50:26.477 DEBUG 18352 --- [XNIO-1 task-3] r.c.m.x.r.E.selectAllCount               : ==>  Preparing: SELECT count(*) from t_exam_paper_answer 
2023-10-16 10:50:26.479 DEBUG 18352 --- [XNIO-1 task-3] r.c.m.x.r.E.selectAllCount               : ==> Parameters: 
2023-10-16 10:50:26.485 DEBUG 18352 --- [XNIO-1 task-3] r.c.m.x.r.E.selectAllCount               : <==      Total: 1
2023-10-16 10:50:26.486 DEBUG 18352 --- [XNIO-1 task-3] r.c.m.x.r.E.selectAllCount               : ==>  Preparing: SELECT count(*) from t_exam_paper_question_customer_answer 
2023-10-16 10:50:26.486 DEBUG 18352 --- [XNIO-1 task-3] r.c.m.x.r.E.selectAllCount               : ==> Parameters: 
2023-10-16 10:50:26.492 DEBUG 18352 --- [XNIO-1 task-3] r.c.m.x.r.E.selectAllCount               : <==      Total: 1
2023-10-16 10:50:26.498 DEBUG 18352 --- [XNIO-1 task-3] r.c.m.x.r.U.selectCountByDate            : ==>  Preparing: SELECT create_time as name, COUNT(create_time) as value from ( SELECT DATE_FORMAT(create_time, '%Y-%m-%d') as create_time from t_user_event_log WHERE create_time between ? and ? ) a GROUP BY create_time 
2023-10-16 10:50:26.498 DEBUG 18352 --- [XNIO-1 task-3] r.c.m.x.r.U.selectCountByDate            : ==> Parameters: 2023-10-01 00:00:00.0(Timestamp), 2023-10-31 23:59:59.0(Timestamp)
2023-10-16 10:50:26.504 DEBUG 18352 --- [XNIO-1 task-3] r.c.m.x.r.U.selectCountByDate            : <==      Total: 1
2023-10-16 10:50:26.507 DEBUG 18352 --- [XNIO-1 task-3] r.c.m.x.r.E.selectCountByDate            : ==>  Preparing: SELECT create_time as name, COUNT(create_time) as value from ( SELECT DATE_FORMAT(create_time, '%Y-%m-%d') as create_time from t_exam_paper_question_customer_answer WHERE create_time between ? and ? ) a GROUP BY create_time 
2023-10-16 10:50:26.508 DEBUG 18352 --- [XNIO-1 task-3] r.c.m.x.r.E.selectCountByDate            : ==> Parameters: 2023-10-01 00:00:00.0(Timestamp), 2023-10-31 23:59:59.0(Timestamp)
2023-10-16 10:50:26.510 DEBUG 18352 --- [XNIO-1 task-3] r.c.m.x.r.E.selectCountByDate            : <==      Total: 0
2023-10-16 10:50:43.530 DEBUG 18352 --- [XNIO-1 task-4] r.c.m.x.r.UserMapper.userPage_COUNT      : ==>  Preparing: SELECT count(0) FROM t_user WHERE deleted = 0 AND role = ? 
2023-10-16 10:50:43.531 DEBUG 18352 --- [XNIO-1 task-4] r.c.m.x.r.UserMapper.userPage_COUNT      : ==> Parameters: 3(Integer)
2023-10-16 10:50:43.534 DEBUG 18352 --- [XNIO-1 task-4] r.c.m.x.r.UserMapper.userPage_COUNT      : <==      Total: 1
2023-10-16 10:50:43.540 DEBUG 18352 --- [XNIO-1 task-4] r.c.m.x.repository.UserMapper.userPage   : ==>  Preparing: SELECT id, user_uuid, user_name, password, real_name, age, sex, birth_day, user_level, phone, role, status, image_path, create_time, modify_time, last_active_time, deleted, wx_open_id FROM t_user WHERE deleted = 0 AND role = ? order by id desc LIMIT ? 
2023-10-16 10:50:43.540 DEBUG 18352 --- [XNIO-1 task-4] r.c.m.x.repository.UserMapper.userPage   : ==> Parameters: 3(Integer), 10(Integer)
2023-10-16 10:50:43.543 DEBUG 18352 --- [XNIO-1 task-4] r.c.m.x.repository.UserMapper.userPage   : <==      Total: 1
2023-10-16 10:50:45.983 DEBUG 18352 --- [XNIO-1 task-5] r.c.m.x.r.TaskExamMapper.page_COUNT      : ==>  Preparing: SELECT count(0) FROM t_task_exam WHERE deleted = 0 
2023-10-16 10:50:45.984 DEBUG 18352 --- [XNIO-1 task-5] r.c.m.x.r.TaskExamMapper.page_COUNT      : ==> Parameters: 
2023-10-16 10:50:45.989 DEBUG 18352 --- [XNIO-1 task-5] r.c.m.x.r.TaskExamMapper.page_COUNT      : <==      Total: 1
2023-10-16 10:50:48.178 DEBUG 18352 --- [XNIO-1 task-6] r.c.m.x.r.SubjectMapper.page_COUNT       : ==>  Preparing: SELECT count(0) FROM t_subject WHERE deleted = 0 
2023-10-16 10:50:48.179 DEBUG 18352 --- [XNIO-1 task-6] r.c.m.x.r.SubjectMapper.page_COUNT       : ==> Parameters: 
2023-10-16 10:50:48.183 DEBUG 18352 --- [XNIO-1 task-6] r.c.m.x.r.SubjectMapper.page_COUNT       : <==      Total: 1
2023-10-16 10:50:48.187 DEBUG 18352 --- [XNIO-1 task-6] r.c.m.xzs.repository.SubjectMapper.page  : ==>  Preparing: SELECT id, name, level, level_name, item_order, deleted FROM t_subject WHERE deleted = 0 order by id desc LIMIT ? 
2023-10-16 10:50:48.187 DEBUG 18352 --- [XNIO-1 task-6] r.c.m.xzs.repository.SubjectMapper.page  : ==> Parameters: 10(Integer)
2023-10-16 10:50:48.187 DEBUG 18352 --- [XNIO-1 task-6] r.c.m.xzs.repository.SubjectMapper.page  : <==      Total: 3
2023-10-16 10:50:50.304 DEBUG 18352 --- [XNIO-1 task-7] r.c.m.x.r.SubjectMapper.allSubject       : ==>  Preparing: select id , name, level, level_name, item_order, deleted from t_subject 
2023-10-16 10:50:50.304 DEBUG 18352 --- [XNIO-1 task-7] r.c.m.x.r.SubjectMapper.allSubject       : ==> Parameters: 
2023-10-16 10:50:50.306 DEBUG 18352 --- [XNIO-1 task-7] r.c.m.x.r.SubjectMapper.allSubject       : <==      Total: 3
2023-10-16 10:50:50.306 DEBUG 18352 --- [XNIO-1 task-8] r.c.m.x.r.E.adminPage_COUNT              : ==>  Preparing: SELECT count(0) FROM t_exam_paper_answer 
2023-10-16 10:50:50.307 DEBUG 18352 --- [XNIO-1 task-8] r.c.m.x.r.E.adminPage_COUNT              : ==> Parameters: 
2023-10-16 10:50:50.309 DEBUG 18352 --- [XNIO-1 task-8] r.c.m.x.r.E.adminPage_COUNT              : <==      Total: 1
2023-10-16 10:50:50.311 DEBUG 18352 --- [XNIO-1 task-8] r.c.m.x.r.E.adminPage                    : ==>  Preparing: SELECT id, exam_paper_id, paper_name, paper_type, subject_id, system_score, user_score, paper_score, question_correct, question_count, do_time, status, create_user, create_time, task_exam_id FROM t_exam_paper_answer order by id desc LIMIT ? 
2023-10-16 10:50:50.312 DEBUG 18352 --- [XNIO-1 task-8] r.c.m.x.r.E.adminPage                    : ==> Parameters: 10(Integer)
2023-10-16 10:50:50.313 DEBUG 18352 --- [XNIO-1 task-8] r.c.m.x.r.E.adminPage                    : <==      Total: 1
2023-10-16 10:50:50.316 DEBUG 18352 --- [XNIO-1 task-8] r.c.m.x.r.S.selectByPrimaryKey           : ==>  Preparing: select id , name, level, level_name, item_order, deleted from t_subject where id = ? 
2023-10-16 10:50:50.318 DEBUG 18352 --- [XNIO-1 task-8] r.c.m.x.r.S.selectByPrimaryKey           : ==> Parameters: 1(Integer)
2023-10-16 10:50:50.320 DEBUG 18352 --- [XNIO-1 task-8] r.c.m.x.r.S.selectByPrimaryKey           : <==      Total: 1
2023-10-16 10:50:50.327 DEBUG 18352 --- [XNIO-1 task-8] r.c.m.x.r.UserMapper.selectByPrimaryKey  : ==>  Preparing: select id , user_uuid, user_name, password, real_name, age, sex, birth_day, user_level, phone, role, status, image_path, create_time, modify_time, last_active_time, deleted, wx_open_id from t_user where id = ? 
2023-10-16 10:50:50.327 DEBUG 18352 --- [XNIO-1 task-8] r.c.m.x.r.UserMapper.selectByPrimaryKey  : ==> Parameters: 1(Integer)
2023-10-16 10:50:50.328 DEBUG 18352 --- [XNIO-1 task-8] r.c.m.x.r.UserMapper.selectByPrimaryKey  : <==      Total: 1
2023-10-16 10:50:51.828 DEBUG 18352 --- [XNIO-1 task-9] r.c.m.x.r.E.selectAllCount               : ==>  Preparing: SELECT count(*) from t_exam_paper where deleted = 0 
2023-10-16 10:50:51.828 DEBUG 18352 --- [XNIO-1 task-9] r.c.m.x.r.E.selectAllCount               : ==> Parameters: 
2023-10-16 10:50:51.829 DEBUG 18352 --- [XNIO-1 task-9] r.c.m.x.r.E.selectAllCount               : <==      Total: 1
2023-10-16 10:50:51.831 DEBUG 18352 --- [XNIO-1 task-9] r.c.m.x.r.QuestionMapper.selectAllCount  : ==>  Preparing: SELECT count(*) from t_question where deleted = 0 
2023-10-16 10:50:51.832 DEBUG 18352 --- [XNIO-1 task-9] r.c.m.x.r.QuestionMapper.selectAllCount  : ==> Parameters: 
2023-10-16 10:50:51.832 DEBUG 18352 --- [XNIO-1 task-9] r.c.m.x.r.QuestionMapper.selectAllCount  : <==      Total: 1
2023-10-16 10:50:51.833 DEBUG 18352 --- [XNIO-1 task-9] r.c.m.x.r.E.selectAllCount               : ==>  Preparing: SELECT count(*) from t_exam_paper_answer 
2023-10-16 10:50:51.833 DEBUG 18352 --- [XNIO-1 task-9] r.c.m.x.r.E.selectAllCount               : ==> Parameters: 
2023-10-16 10:50:51.834 DEBUG 18352 --- [XNIO-1 task-9] r.c.m.x.r.E.selectAllCount               : <==      Total: 1
2023-10-16 10:50:51.834 DEBUG 18352 --- [XNIO-1 task-9] r.c.m.x.r.E.selectAllCount               : ==>  Preparing: SELECT count(*) from t_exam_paper_question_customer_answer 
2023-10-16 10:50:51.834 DEBUG 18352 --- [XNIO-1 task-9] r.c.m.x.r.E.selectAllCount               : ==> Parameters: 
2023-10-16 10:50:51.836 DEBUG 18352 --- [XNIO-1 task-9] r.c.m.x.r.E.selectAllCount               : <==      Total: 1
2023-10-16 10:50:51.838 DEBUG 18352 --- [XNIO-1 task-9] r.c.m.x.r.U.selectCountByDate            : ==>  Preparing: SELECT create_time as name, COUNT(create_time) as value from ( SELECT DATE_FORMAT(create_time, '%Y-%m-%d') as create_time from t_user_event_log WHERE create_time between ? and ? ) a GROUP BY create_time 
2023-10-16 10:50:51.839 DEBUG 18352 --- [XNIO-1 task-9] r.c.m.x.r.U.selectCountByDate            : ==> Parameters: 2023-10-01 00:00:00.0(Timestamp), 2023-10-31 23:59:59.0(Timestamp)
2023-10-16 10:50:51.840 DEBUG 18352 --- [XNIO-1 task-9] r.c.m.x.r.U.selectCountByDate            : <==      Total: 1
2023-10-16 10:50:51.842 DEBUG 18352 --- [XNIO-1 task-9] r.c.m.x.r.E.selectCountByDate            : ==>  Preparing: SELECT create_time as name, COUNT(create_time) as value from ( SELECT DATE_FORMAT(create_time, '%Y-%m-%d') as create_time from t_exam_paper_question_customer_answer WHERE create_time between ? and ? ) a GROUP BY create_time 
2023-10-16 10:50:51.842 DEBUG 18352 --- [XNIO-1 task-9] r.c.m.x.r.E.selectCountByDate            : ==> Parameters: 2023-10-01 00:00:00.0(Timestamp), 2023-10-31 23:59:59.0(Timestamp)
2023-10-16 10:50:51.843 DEBUG 18352 --- [XNIO-1 task-9] r.c.m.x.r.E.selectCountByDate            : <==      Total: 0
2023-10-16 10:51:06.860  INFO 18352 --- [Thread-7] com.zaxxer.hikari.HikariDataSource       : HikariPool-1 - Shutdown initiated...
2023-10-16 10:51:06.874  INFO 18352 --- [Thread-7] com.zaxxer.hikari.HikariDataSource       : HikariPool-1 - Shutdown completed.
2023-10-16 10:51:06.879  INFO 18352 --- [Thread-7] io.undertow.servlet                      : Destroying Spring FrameworkServlet 'dispatcherServlet'
