2023-07-13 10:43:23.105 DEBUG 15172 --- [XNIO-1 task-120] r.c.m.x.r.UserMapper.getUserByUserName   : ==>  Preparing: select id, user_uuid, user_name, password, real_name, age, sex, birth_day, user_level, phone, role, status, image_path, create_time, modify_time, last_active_time, deleted, wx_open_id from t_user where deleted=0 and user_name=? limit 1 
2023-07-13 10:43:23.133 DEBUG 15172 --- [XNIO-1 task-120] r.c.m.x.r.UserMapper.getUserByUserName   : ==> Parameters: admin(String)
2023-07-13 10:43:23.140 DEBUG 15172 --- [XNIO-1 task-120] r.c.m.x.r.UserMapper.getUserByUserName   : <==      Total: 1
2023-07-13 10:43:23.144 DEBUG 15172 --- [XNIO-1 task-120] r.c.m.x.r.UserMapper.getUserByUserName   : ==>  Preparing: select id, user_uuid, user_name, password, real_name, age, sex, birth_day, user_level, phone, role, status, image_path, create_time, modify_time, last_active_time, deleted, wx_open_id from t_user where deleted=0 and user_name=? limit 1 
2023-07-13 10:43:23.144 DEBUG 15172 --- [XNIO-1 task-120] r.c.m.x.r.UserMapper.getUserByUserName   : ==> Parameters: admin(String)
2023-07-13 10:43:23.144 DEBUG 15172 --- [XNIO-1 task-120] r.c.m.x.r.UserMapper.getUserByUserName   : <==      Total: 1
2023-07-13 10:43:23.157 DEBUG 15172 --- [XNIO-1 task-120] r.c.m.x.r.SubjectMapper.allSubject       : ==>  Preparing: select id, name, level, level_name, item_order, deleted from t_subject 
2023-07-13 10:43:23.158 DEBUG 15172 --- [XNIO-1 task-120] r.c.m.x.r.SubjectMapper.allSubject       : ==> Parameters: 
2023-07-13 10:43:23.160 DEBUG 15172 --- [XNIO-1 task-120] r.c.m.x.r.SubjectMapper.allSubject       : <==      Total: 1
2023-07-13 10:43:25.394 DEBUG 15172 --- [XNIO-1 task-121] r.c.m.x.r.SubjectMapper.allSubject       : ==>  Preparing: select id, name, level, level_name, item_order, deleted from t_subject 
2023-07-13 10:43:25.394 DEBUG 15172 --- [XNIO-1 task-121] r.c.m.x.r.SubjectMapper.allSubject       : ==> Parameters: 
2023-07-13 10:43:25.394 DEBUG 15172 --- [XNIO-1 task-121] r.c.m.x.r.SubjectMapper.allSubject       : <==      Total: 1
2023-07-13 10:43:25.402 DEBUG 15172 --- [XNIO-1 task-122] r.c.m.x.r.ExamPaperMapper.page_COUNT     : ==>  Preparing: SELECT count(0) FROM t_exam_paper WHERE deleted = 0 
2023-07-13 10:43:25.402 DEBUG 15172 --- [XNIO-1 task-122] r.c.m.x.r.ExamPaperMapper.page_COUNT     : ==> Parameters: 
2023-07-13 10:43:25.403 DEBUG 15172 --- [XNIO-1 task-122] r.c.m.x.r.ExamPaperMapper.page_COUNT     : <==      Total: 1
2023-07-13 10:43:25.405 DEBUG 15172 --- [XNIO-1 task-122] r.c.m.x.repository.ExamPaperMapper.page  : ==>  Preparing: SELECT id, name, subject_id, paper_type, grade_level, score, question_count, suggest_time, limit_start_time, limit_end_time, frame_text_content_id, create_user, create_time, deleted, task_exam_id FROM t_exam_paper WHERE deleted = 0 order by id desc LIMIT ? 
2023-07-13 10:43:25.405 DEBUG 15172 --- [XNIO-1 task-122] r.c.m.x.repository.ExamPaperMapper.page  : ==> Parameters: 10(Integer)
2023-07-13 10:43:25.413 DEBUG 15172 --- [XNIO-1 task-122] r.c.m.x.repository.ExamPaperMapper.page  : <==      Total: 2
2023-07-13 10:48:25.761 DEBUG 15172 --- [XNIO-1 task-123] r.c.m.x.r.SubjectMapper.allSubject       : ==>  Preparing: select id, name, level, level_name, item_order, deleted from t_subject 
2023-07-13 10:48:25.764 DEBUG 15172 --- [XNIO-1 task-123] r.c.m.x.r.SubjectMapper.allSubject       : ==> Parameters: 
2023-07-13 10:48:25.767 DEBUG 15172 --- [XNIO-1 task-124] r.c.m.x.r.QuestionMapper.page_COUNT      : ==>  Preparing: SELECT count(0) FROM t_question WHERE deleted = 0 
2023-07-13 10:48:25.767 DEBUG 15172 --- [XNIO-1 task-124] r.c.m.x.r.QuestionMapper.page_COUNT      : ==> Parameters: 
2023-07-13 10:48:25.768 DEBUG 15172 --- [XNIO-1 task-123] r.c.m.x.r.SubjectMapper.allSubject       : <==      Total: 1
2023-07-13 10:48:25.768 DEBUG 15172 --- [XNIO-1 task-124] r.c.m.x.r.QuestionMapper.page_COUNT      : <==      Total: 1
2023-07-13 10:48:25.769 DEBUG 15172 --- [XNIO-1 task-124] r.c.m.x.repository.QuestionMapper.page   : ==>  Preparing: SELECT id, question_type, subject_id, score, grade_level, difficult, correct, info_text_content_id, create_user, status, create_time, deleted FROM t_question WHERE deleted = 0 order by id desc LIMIT ? 
2023-07-13 10:48:25.769 DEBUG 15172 --- [XNIO-1 task-124] r.c.m.x.repository.QuestionMapper.page   : ==> Parameters: 10(Integer)
2023-07-13 10:48:25.779 DEBUG 15172 --- [XNIO-1 task-124] r.c.m.x.repository.QuestionMapper.page   : <==      Total: 1
2023-07-13 10:48:25.781 DEBUG 15172 --- [XNIO-1 task-124] r.c.m.x.r.T.selectByPrimaryKey           : ==>  Preparing: select id, content, create_time from t_text_content where id = ? 
2023-07-13 10:48:25.781 DEBUG 15172 --- [XNIO-1 task-124] r.c.m.x.r.T.selectByPrimaryKey           : ==> Parameters: 1(Integer)
2023-07-13 10:48:25.782 DEBUG 15172 --- [XNIO-1 task-124] r.c.m.x.r.T.selectByPrimaryKey           : <==      Total: 1
2023-07-13 10:50:38.214 DEBUG 15172 --- [XNIO-1 task-125] r.c.m.x.r.SubjectMapper.allSubject       : ==>  Preparing: select id, name, level, level_name, item_order, deleted from t_subject 
2023-07-13 10:50:38.217 DEBUG 15172 --- [XNIO-1 task-125] r.c.m.x.r.SubjectMapper.allSubject       : ==> Parameters: 
2023-07-13 10:50:38.220 DEBUG 15172 --- [XNIO-1 task-125] r.c.m.x.r.SubjectMapper.allSubject       : <==      Total: 1
2023-07-13 10:51:09.536 DEBUG 15172 --- [XNIO-1 task-126] r.c.m.x.r.SubjectMapper.allSubject       : ==>  Preparing: select id, name, level, level_name, item_order, deleted from t_subject 
2023-07-13 10:51:09.537 DEBUG 15172 --- [XNIO-1 task-126] r.c.m.x.r.SubjectMapper.allSubject       : ==> Parameters: 
2023-07-13 10:51:09.538 DEBUG 15172 --- [XNIO-1 task-126] r.c.m.x.r.SubjectMapper.allSubject       : <==      Total: 1
2023-07-13 10:51:09.541 DEBUG 15172 --- [XNIO-1 task-127] r.c.m.x.r.QuestionMapper.page_COUNT      : ==>  Preparing: SELECT count(0) FROM t_question WHERE deleted = 0 
2023-07-13 10:51:09.542 DEBUG 15172 --- [XNIO-1 task-127] r.c.m.x.r.QuestionMapper.page_COUNT      : ==> Parameters: 
2023-07-13 10:51:09.542 DEBUG 15172 --- [XNIO-1 task-127] r.c.m.x.r.QuestionMapper.page_COUNT      : <==      Total: 1
2023-07-13 10:51:09.543 DEBUG 15172 --- [XNIO-1 task-127] r.c.m.x.repository.QuestionMapper.page   : ==>  Preparing: SELECT id, question_type, subject_id, score, grade_level, difficult, correct, info_text_content_id, create_user, status, create_time, deleted FROM t_question WHERE deleted = 0 order by id desc LIMIT ? 
2023-07-13 10:51:09.543 DEBUG 15172 --- [XNIO-1 task-127] r.c.m.x.repository.QuestionMapper.page   : ==> Parameters: 10(Integer)
2023-07-13 10:51:09.545 DEBUG 15172 --- [XNIO-1 task-127] r.c.m.x.repository.QuestionMapper.page   : <==      Total: 1
2023-07-13 10:51:09.546 DEBUG 15172 --- [XNIO-1 task-127] r.c.m.x.r.T.selectByPrimaryKey           : ==>  Preparing: select id, content, create_time from t_text_content where id = ? 
2023-07-13 10:51:09.546 DEBUG 15172 --- [XNIO-1 task-127] r.c.m.x.r.T.selectByPrimaryKey           : ==> Parameters: 1(Integer)
2023-07-13 10:51:09.547 DEBUG 15172 --- [XNIO-1 task-127] r.c.m.x.r.T.selectByPrimaryKey           : <==      Total: 1
2023-07-13 11:02:50.092 DEBUG 15172 --- [XNIO-1 task-128] r.c.m.x.r.TaskExamMapper.page_COUNT      : ==>  Preparing: SELECT count(0) FROM t_task_exam WHERE deleted = 0 
2023-07-13 11:02:50.095 DEBUG 15172 --- [XNIO-1 task-128] r.c.m.x.r.TaskExamMapper.page_COUNT      : ==> Parameters: 
2023-07-13 11:02:50.098 DEBUG 15172 --- [XNIO-1 task-128] r.c.m.x.r.TaskExamMapper.page_COUNT      : <==      Total: 1
2023-07-13 11:04:51.000 DEBUG 15172 --- [XNIO-1 task-129] r.c.m.x.r.SubjectMapper.page_COUNT       : ==>  Preparing: SELECT count(0) FROM t_subject WHERE deleted = 0 
2023-07-13 11:04:51.002 DEBUG 15172 --- [XNIO-1 task-129] r.c.m.x.r.SubjectMapper.page_COUNT       : ==> Parameters: 
2023-07-13 11:04:51.004 DEBUG 15172 --- [XNIO-1 task-129] r.c.m.x.r.SubjectMapper.page_COUNT       : <==      Total: 1
2023-07-13 11:04:51.006 DEBUG 15172 --- [XNIO-1 task-129] r.c.m.xzs.repository.SubjectMapper.page  : ==>  Preparing: SELECT id, name, level, level_name, item_order, deleted FROM t_subject WHERE deleted = 0 order by id desc LIMIT ? 
2023-07-13 11:04:51.006 DEBUG 15172 --- [XNIO-1 task-129] r.c.m.xzs.repository.SubjectMapper.page  : ==> Parameters: 10(Integer)
2023-07-13 11:04:51.008 DEBUG 15172 --- [XNIO-1 task-129] r.c.m.xzs.repository.SubjectMapper.page  : <==      Total: 1
2023-07-13 11:04:53.423 DEBUG 15172 --- [XNIO-1 task-130] r.c.m.x.r.SubjectMapper.allSubject       : ==>  Preparing: select id, name, level, level_name, item_order, deleted from t_subject 
2023-07-13 11:04:53.423 DEBUG 15172 --- [XNIO-1 task-130] r.c.m.x.r.SubjectMapper.allSubject       : ==> Parameters: 
2023-07-13 11:04:53.424 DEBUG 15172 --- [XNIO-1 task-130] r.c.m.x.r.SubjectMapper.allSubject       : <==      Total: 1
2023-07-13 11:04:53.424 DEBUG 15172 --- [XNIO-1 task-131] r.c.m.x.r.E.adminPage_COUNT              : ==>  Preparing: SELECT count(0) FROM t_exam_paper_answer 
2023-07-13 11:04:53.424 DEBUG 15172 --- [XNIO-1 task-131] r.c.m.x.r.E.adminPage_COUNT              : ==> Parameters: 
2023-07-13 11:04:53.426 DEBUG 15172 --- [XNIO-1 task-131] r.c.m.x.r.E.adminPage_COUNT              : <==      Total: 1
2023-07-13 11:04:53.427 DEBUG 15172 --- [XNIO-1 task-131] r.c.m.x.r.E.adminPage                    : ==>  Preparing: SELECT id, exam_paper_id, paper_name, paper_type, subject_id, system_score, user_score, paper_score, question_correct, question_count, do_time, status, create_user, create_time, task_exam_id FROM t_exam_paper_answer order by id desc LIMIT ? 
2023-07-13 11:04:53.427 DEBUG 15172 --- [XNIO-1 task-131] r.c.m.x.r.E.adminPage                    : ==> Parameters: 10(Integer)
2023-07-13 11:04:53.456 DEBUG 15172 --- [XNIO-1 task-131] r.c.m.x.r.E.adminPage                    : <==      Total: 1
2023-07-13 11:04:53.457 DEBUG 15172 --- [XNIO-1 task-131] r.c.m.x.r.S.selectByPrimaryKey           : ==>  Preparing: select id, name, level, level_name, item_order, deleted from t_subject where id = ? 
2023-07-13 11:04:53.457 DEBUG 15172 --- [XNIO-1 task-131] r.c.m.x.r.S.selectByPrimaryKey           : ==> Parameters: 1(Integer)
2023-07-13 11:04:53.458 DEBUG 15172 --- [XNIO-1 task-131] r.c.m.x.r.S.selectByPrimaryKey           : <==      Total: 1
2023-07-13 11:04:53.459 DEBUG 15172 --- [XNIO-1 task-131] r.c.m.x.r.UserMapper.selectByPrimaryKey  : ==>  Preparing: select id, user_uuid, user_name, password, real_name, age, sex, birth_day, user_level, phone, role, status, image_path, create_time, modify_time, last_active_time, deleted, wx_open_id from t_user where id = ? 
2023-07-13 11:04:53.459 DEBUG 15172 --- [XNIO-1 task-131] r.c.m.x.r.UserMapper.selectByPrimaryKey  : ==> Parameters: 1(Integer)
2023-07-13 11:04:53.460 DEBUG 15172 --- [XNIO-1 task-131] r.c.m.x.r.UserMapper.selectByPrimaryKey  : <==      Total: 1
2023-07-13 11:04:57.091 DEBUG 15172 --- [XNIO-1 task-132] r.c.m.x.r.MessageMapper.page_COUNT       : ==>  Preparing: SELECT count(0) FROM t_message 
2023-07-13 11:04:57.092 DEBUG 15172 --- [XNIO-1 task-132] r.c.m.x.r.MessageMapper.page_COUNT       : ==> Parameters: 
2023-07-13 11:04:57.093 DEBUG 15172 --- [XNIO-1 task-132] r.c.m.x.r.MessageMapper.page_COUNT       : <==      Total: 1
2023-07-13 11:04:57.094 DEBUG 15172 --- [XNIO-1 task-132] r.c.m.xzs.repository.MessageMapper.page  : ==>  Preparing: SELECT id, title, content, create_time, send_user_id, send_user_name, send_real_name, receive_user_count, read_count FROM t_message order by id desc LIMIT ? 
2023-07-13 11:04:57.094 DEBUG 15172 --- [XNIO-1 task-132] r.c.m.xzs.repository.MessageMapper.page  : ==> Parameters: 10(Integer)
2023-07-13 11:04:57.095 DEBUG 15172 --- [XNIO-1 task-132] r.c.m.xzs.repository.MessageMapper.page  : <==      Total: 1
2023-07-13 11:04:57.096 DEBUG 15172 --- [XNIO-1 task-132] r.c.m.x.r.M.selectByMessageIds           : ==>  Preparing: select id, message_id, receive_user_id, receive_user_name, receive_real_name, readed, create_time, read_time from t_message_user where message_id in ( ? ) 
2023-07-13 11:04:57.096 DEBUG 15172 --- [XNIO-1 task-132] r.c.m.x.r.M.selectByMessageIds           : ==> Parameters: 1(Integer)
2023-07-13 11:04:57.097 DEBUG 15172 --- [XNIO-1 task-132] r.c.m.x.r.M.selectByMessageIds           : <==      Total: 1
2023-07-13 11:05:02.963 DEBUG 15172 --- [XNIO-1 task-133] r.c.m.x.r.UserEventLogMapper.page_COUNT  : ==>  Preparing: SELECT count(0) FROM t_user_event_log 
2023-07-13 11:05:02.965 DEBUG 15172 --- [XNIO-1 task-133] r.c.m.x.r.UserEventLogMapper.page_COUNT  : ==> Parameters: 
2023-07-13 11:05:02.966 DEBUG 15172 --- [XNIO-1 task-133] r.c.m.x.r.UserEventLogMapper.page_COUNT  : <==      Total: 1
2023-07-13 11:05:02.968 DEBUG 15172 --- [XNIO-1 task-133] r.c.m.x.r.UserEventLogMapper.page        : ==>  Preparing: SELECT id, user_id, user_name, real_name, content, create_time FROM t_user_event_log order by id desc LIMIT ? 
2023-07-13 11:05:02.968 DEBUG 15172 --- [XNIO-1 task-133] r.c.m.x.r.UserEventLogMapper.page        : ==> Parameters: 10(Integer)
2023-07-13 11:05:02.969 DEBUG 15172 --- [XNIO-1 task-133] r.c.m.x.r.UserEventLogMapper.page        : <==      Total: 10
2023-07-13 11:05:04.942 DEBUG 15172 --- [XNIO-1 task-134] r.c.m.x.r.SubjectMapper.allSubject       : ==>  Preparing: select id, name, level, level_name, item_order, deleted from t_subject 
2023-07-13 11:05:04.943 DEBUG 15172 --- [XNIO-1 task-134] r.c.m.x.r.SubjectMapper.allSubject       : ==> Parameters: 
2023-07-13 11:05:04.943 DEBUG 15172 --- [XNIO-1 task-134] r.c.m.x.r.SubjectMapper.allSubject       : <==      Total: 1
2023-07-13 11:05:04.944 DEBUG 15172 --- [XNIO-1 task-135] r.c.m.x.r.ExamPaperMapper.page_COUNT     : ==>  Preparing: SELECT count(0) FROM t_exam_paper WHERE deleted = 0 
2023-07-13 11:05:04.944 DEBUG 15172 --- [XNIO-1 task-135] r.c.m.x.r.ExamPaperMapper.page_COUNT     : ==> Parameters: 
2023-07-13 11:05:04.944 DEBUG 15172 --- [XNIO-1 task-135] r.c.m.x.r.ExamPaperMapper.page_COUNT     : <==      Total: 1
2023-07-13 11:05:04.946 DEBUG 15172 --- [XNIO-1 task-135] r.c.m.x.repository.ExamPaperMapper.page  : ==>  Preparing: SELECT id, name, subject_id, paper_type, grade_level, score, question_count, suggest_time, limit_start_time, limit_end_time, frame_text_content_id, create_user, create_time, deleted, task_exam_id FROM t_exam_paper WHERE deleted = 0 order by id desc LIMIT ? 
2023-07-13 11:05:04.946 DEBUG 15172 --- [XNIO-1 task-135] r.c.m.x.repository.ExamPaperMapper.page  : ==> Parameters: 10(Integer)
2023-07-13 11:05:04.947 DEBUG 15172 --- [XNIO-1 task-135] r.c.m.x.repository.ExamPaperMapper.page  : <==      Total: 2
2023-07-13 11:05:05.963 DEBUG 15172 --- [XNIO-1 task-136] r.c.m.x.r.UserMapper.userPage_COUNT      : ==>  Preparing: SELECT count(0) FROM t_user WHERE deleted = 0 AND role = ? 
2023-07-13 11:05:05.964 DEBUG 15172 --- [XNIO-1 task-136] r.c.m.x.r.UserMapper.userPage_COUNT      : ==> Parameters: 1(Integer)
2023-07-13 11:05:05.964 DEBUG 15172 --- [XNIO-1 task-136] r.c.m.x.r.UserMapper.userPage_COUNT      : <==      Total: 1
2023-07-13 11:05:05.964 DEBUG 15172 --- [XNIO-1 task-136] r.c.m.x.repository.UserMapper.userPage   : ==>  Preparing: SELECT id, user_uuid, user_name, password, real_name, age, sex, birth_day, user_level, phone, role, status, image_path, create_time, modify_time, last_active_time, deleted, wx_open_id FROM t_user WHERE deleted = 0 AND role = ? order by id desc LIMIT ? 
2023-07-13 11:05:05.964 DEBUG 15172 --- [XNIO-1 task-136] r.c.m.x.repository.UserMapper.userPage   : ==> Parameters: 1(Integer), 10(Integer)
2023-07-13 11:05:05.966 DEBUG 15172 --- [XNIO-1 task-136] r.c.m.x.repository.UserMapper.userPage   : <==      Total: 2
2023-07-13 11:05:07.266 DEBUG 15172 --- [XNIO-1 task-137] r.c.m.x.r.E.selectAllCount               : ==>  Preparing: SELECT count(*) from t_exam_paper where deleted=0 
2023-07-13 11:05:07.267 DEBUG 15172 --- [XNIO-1 task-137] r.c.m.x.r.E.selectAllCount               : ==> Parameters: 
2023-07-13 11:05:07.267 DEBUG 15172 --- [XNIO-1 task-137] r.c.m.x.r.E.selectAllCount               : <==      Total: 1
2023-07-13 11:05:07.267 DEBUG 15172 --- [XNIO-1 task-137] r.c.m.x.r.QuestionMapper.selectAllCount  : ==>  Preparing: SELECT count(*) from t_question where deleted=0 
2023-07-13 11:05:07.268 DEBUG 15172 --- [XNIO-1 task-137] r.c.m.x.r.QuestionMapper.selectAllCount  : ==> Parameters: 
2023-07-13 11:05:07.268 DEBUG 15172 --- [XNIO-1 task-137] r.c.m.x.r.QuestionMapper.selectAllCount  : <==      Total: 1
2023-07-13 11:05:07.268 DEBUG 15172 --- [XNIO-1 task-137] r.c.m.x.r.E.selectAllCount               : ==>  Preparing: SELECT count(*) from t_exam_paper_answer 
2023-07-13 11:05:07.268 DEBUG 15172 --- [XNIO-1 task-137] r.c.m.x.r.E.selectAllCount               : ==> Parameters: 
2023-07-13 11:05:07.269 DEBUG 15172 --- [XNIO-1 task-137] r.c.m.x.r.E.selectAllCount               : <==      Total: 1
2023-07-13 11:05:07.269 DEBUG 15172 --- [XNIO-1 task-137] r.c.m.x.r.E.selectAllCount               : ==>  Preparing: SELECT count(*) from t_exam_paper_question_customer_answer 
2023-07-13 11:05:07.269 DEBUG 15172 --- [XNIO-1 task-137] r.c.m.x.r.E.selectAllCount               : ==> Parameters: 
2023-07-13 11:05:07.270 DEBUG 15172 --- [XNIO-1 task-137] r.c.m.x.r.E.selectAllCount               : <==      Total: 1
2023-07-13 11:05:07.271 DEBUG 15172 --- [XNIO-1 task-137] r.c.m.x.r.U.selectCountByDate            : ==>  Preparing: SELECT create_time as name,COUNT(create_time) as value from ( SELECT DATE_FORMAT(create_time,'%Y-%m-%d') as create_time from t_user_event_log WHERE create_time between ? and ? ) a GROUP BY create_time 
2023-07-13 11:05:07.271 DEBUG 15172 --- [XNIO-1 task-137] r.c.m.x.r.U.selectCountByDate            : ==> Parameters: 2023-07-01 00:00:00.0(Timestamp), 2023-07-31 23:59:59.0(Timestamp)
2023-07-13 11:05:07.272 DEBUG 15172 --- [XNIO-1 task-137] r.c.m.x.r.U.selectCountByDate            : <==      Total: 4
2023-07-13 11:05:07.273 DEBUG 15172 --- [XNIO-1 task-137] r.c.m.x.r.E.selectCountByDate            : ==>  Preparing: SELECT create_time as name,COUNT(create_time) as value from ( SELECT DATE_FORMAT(create_time,'%Y-%m-%d') as create_time from t_exam_paper_question_customer_answer WHERE create_time between ? and ? ) a GROUP BY create_time 
2023-07-13 11:05:07.273 DEBUG 15172 --- [XNIO-1 task-137] r.c.m.x.r.E.selectCountByDate            : ==> Parameters: 2023-07-01 00:00:00.0(Timestamp), 2023-07-31 23:59:59.0(Timestamp)
2023-07-13 11:05:07.273 DEBUG 15172 --- [XNIO-1 task-137] r.c.m.x.r.E.selectCountByDate            : <==      Total: 1
2023-07-13 11:05:10.224 DEBUG 15172 --- [XNIO-1 task-138] r.c.m.x.r.UserMapper.userPage_COUNT      : ==>  Preparing: SELECT count(0) FROM t_user WHERE deleted = 0 AND role = ? 
2023-07-13 11:05:10.225 DEBUG 15172 --- [XNIO-1 task-138] r.c.m.x.r.UserMapper.userPage_COUNT      : ==> Parameters: 3(Integer)
2023-07-13 11:05:10.225 DEBUG 15172 --- [XNIO-1 task-138] r.c.m.x.r.UserMapper.userPage_COUNT      : <==      Total: 1
2023-07-13 11:05:10.226 DEBUG 15172 --- [XNIO-1 task-138] r.c.m.x.repository.UserMapper.userPage   : ==>  Preparing: SELECT id, user_uuid, user_name, password, real_name, age, sex, birth_day, user_level, phone, role, status, image_path, create_time, modify_time, last_active_time, deleted, wx_open_id FROM t_user WHERE deleted = 0 AND role = ? order by id desc LIMIT ? 
2023-07-13 11:05:10.226 DEBUG 15172 --- [XNIO-1 task-138] r.c.m.x.repository.UserMapper.userPage   : ==> Parameters: 3(Integer), 10(Integer)
2023-07-13 11:05:10.227 DEBUG 15172 --- [XNIO-1 task-138] r.c.m.x.repository.UserMapper.userPage   : <==      Total: 1
2023-07-13 11:05:11.309 DEBUG 15172 --- [XNIO-1 task-139] r.c.m.x.r.SubjectMapper.allSubject       : ==>  Preparing: select id, name, level, level_name, item_order, deleted from t_subject 
2023-07-13 11:05:11.309 DEBUG 15172 --- [XNIO-1 task-139] r.c.m.x.r.SubjectMapper.allSubject       : ==> Parameters: 
2023-07-13 11:05:11.310 DEBUG 15172 --- [XNIO-1 task-139] r.c.m.x.r.SubjectMapper.allSubject       : <==      Total: 1
2023-07-13 11:05:11.310 DEBUG 15172 --- [XNIO-1 task-140] r.c.m.x.r.ExamPaperMapper.page_COUNT     : ==>  Preparing: SELECT count(0) FROM t_exam_paper WHERE deleted = 0 
2023-07-13 11:05:11.311 DEBUG 15172 --- [XNIO-1 task-140] r.c.m.x.r.ExamPaperMapper.page_COUNT     : ==> Parameters: 
2023-07-13 11:05:11.311 DEBUG 15172 --- [XNIO-1 task-140] r.c.m.x.r.ExamPaperMapper.page_COUNT     : <==      Total: 1
2023-07-13 11:05:11.313 DEBUG 15172 --- [XNIO-1 task-140] r.c.m.x.repository.ExamPaperMapper.page  : ==>  Preparing: SELECT id, name, subject_id, paper_type, grade_level, score, question_count, suggest_time, limit_start_time, limit_end_time, frame_text_content_id, create_user, create_time, deleted, task_exam_id FROM t_exam_paper WHERE deleted = 0 order by id desc LIMIT ? 
2023-07-13 11:05:11.313 DEBUG 15172 --- [XNIO-1 task-140] r.c.m.x.repository.ExamPaperMapper.page  : ==> Parameters: 10(Integer)
2023-07-13 11:05:11.314 DEBUG 15172 --- [XNIO-1 task-140] r.c.m.x.repository.ExamPaperMapper.page  : <==      Total: 2
2023-07-13 11:05:12.689 DEBUG 15172 --- [XNIO-1 task-142] r.c.m.x.r.SubjectMapper.allSubject       : ==>  Preparing: select id, name, level, level_name, item_order, deleted from t_subject 
2023-07-13 11:05:12.689 DEBUG 15172 --- [XNIO-1 task-142] r.c.m.x.r.SubjectMapper.allSubject       : ==> Parameters: 
2023-07-13 11:05:12.689 DEBUG 15172 --- [XNIO-1 task-142] r.c.m.x.r.SubjectMapper.allSubject       : <==      Total: 1
2023-07-13 11:05:12.690 DEBUG 15172 --- [XNIO-1 task-141] r.c.m.x.r.QuestionMapper.page_COUNT      : ==>  Preparing: SELECT count(0) FROM t_question WHERE deleted = 0 
2023-07-13 11:05:12.690 DEBUG 15172 --- [XNIO-1 task-141] r.c.m.x.r.QuestionMapper.page_COUNT      : ==> Parameters: 
2023-07-13 11:05:12.691 DEBUG 15172 --- [XNIO-1 task-141] r.c.m.x.r.QuestionMapper.page_COUNT      : <==      Total: 1
2023-07-13 11:05:12.691 DEBUG 15172 --- [XNIO-1 task-141] r.c.m.x.repository.QuestionMapper.page   : ==>  Preparing: SELECT id, question_type, subject_id, score, grade_level, difficult, correct, info_text_content_id, create_user, status, create_time, deleted FROM t_question WHERE deleted = 0 order by id desc LIMIT ? 
2023-07-13 11:05:12.691 DEBUG 15172 --- [XNIO-1 task-141] r.c.m.x.repository.QuestionMapper.page   : ==> Parameters: 10(Integer)
2023-07-13 11:05:12.692 DEBUG 15172 --- [XNIO-1 task-141] r.c.m.x.repository.QuestionMapper.page   : <==      Total: 1
2023-07-13 11:05:12.692 DEBUG 15172 --- [XNIO-1 task-141] r.c.m.x.r.T.selectByPrimaryKey           : ==>  Preparing: select id, content, create_time from t_text_content where id = ? 
2023-07-13 11:05:12.692 DEBUG 15172 --- [XNIO-1 task-141] r.c.m.x.r.T.selectByPrimaryKey           : ==> Parameters: 1(Integer)
2023-07-13 11:05:12.692 DEBUG 15172 --- [XNIO-1 task-141] r.c.m.x.r.T.selectByPrimaryKey           : <==      Total: 1
2023-07-13 11:05:15.940 DEBUG 15172 --- [XNIO-1 task-143] r.c.m.x.r.SubjectMapper.allSubject       : ==>  Preparing: select id, name, level, level_name, item_order, deleted from t_subject 
2023-07-13 11:05:15.940 DEBUG 15172 --- [XNIO-1 task-143] r.c.m.x.r.SubjectMapper.allSubject       : ==> Parameters: 
2023-07-13 11:05:15.941 DEBUG 15172 --- [XNIO-1 task-143] r.c.m.x.r.SubjectMapper.allSubject       : <==      Total: 1
2023-07-13 11:05:42.770 DEBUG 15172 --- [XNIO-1 task-144] r.c.m.x.r.SubjectMapper.allSubject       : ==>  Preparing: select id, name, level, level_name, item_order, deleted from t_subject 
2023-07-13 11:05:42.771 DEBUG 15172 --- [XNIO-1 task-144] r.c.m.x.r.SubjectMapper.allSubject       : ==> Parameters: 
2023-07-13 11:05:42.772 DEBUG 15172 --- [XNIO-1 task-144] r.c.m.x.r.SubjectMapper.allSubject       : <==      Total: 1
2023-07-13 11:06:20.072 DEBUG 15172 --- [XNIO-1 task-145] r.c.m.x.r.E.selectAllCount               : ==>  Preparing: SELECT count(*) from t_exam_paper where deleted=0 
2023-07-13 11:06:20.074 DEBUG 15172 --- [XNIO-1 task-145] r.c.m.x.r.E.selectAllCount               : ==> Parameters: 
2023-07-13 11:06:20.075 DEBUG 15172 --- [XNIO-1 task-145] r.c.m.x.r.E.selectAllCount               : <==      Total: 1
2023-07-13 11:06:20.075 DEBUG 15172 --- [XNIO-1 task-145] r.c.m.x.r.QuestionMapper.selectAllCount  : ==>  Preparing: SELECT count(*) from t_question where deleted=0 
2023-07-13 11:06:20.075 DEBUG 15172 --- [XNIO-1 task-145] r.c.m.x.r.QuestionMapper.selectAllCount  : ==> Parameters: 
2023-07-13 11:06:20.076 DEBUG 15172 --- [XNIO-1 task-145] r.c.m.x.r.QuestionMapper.selectAllCount  : <==      Total: 1
2023-07-13 11:06:20.076 DEBUG 15172 --- [XNIO-1 task-145] r.c.m.x.r.E.selectAllCount               : ==>  Preparing: SELECT count(*) from t_exam_paper_answer 
2023-07-13 11:06:20.076 DEBUG 15172 --- [XNIO-1 task-145] r.c.m.x.r.E.selectAllCount               : ==> Parameters: 
2023-07-13 11:06:20.077 DEBUG 15172 --- [XNIO-1 task-145] r.c.m.x.r.E.selectAllCount               : <==      Total: 1
2023-07-13 11:06:20.077 DEBUG 15172 --- [XNIO-1 task-145] r.c.m.x.r.E.selectAllCount               : ==>  Preparing: SELECT count(*) from t_exam_paper_question_customer_answer 
2023-07-13 11:06:20.077 DEBUG 15172 --- [XNIO-1 task-145] r.c.m.x.r.E.selectAllCount               : ==> Parameters: 
2023-07-13 11:06:20.078 DEBUG 15172 --- [XNIO-1 task-145] r.c.m.x.r.E.selectAllCount               : <==      Total: 1
2023-07-13 11:06:20.079 DEBUG 15172 --- [XNIO-1 task-145] r.c.m.x.r.U.selectCountByDate            : ==>  Preparing: SELECT create_time as name,COUNT(create_time) as value from ( SELECT DATE_FORMAT(create_time,'%Y-%m-%d') as create_time from t_user_event_log WHERE create_time between ? and ? ) a GROUP BY create_time 
2023-07-13 11:06:20.079 DEBUG 15172 --- [XNIO-1 task-145] r.c.m.x.r.U.selectCountByDate            : ==> Parameters: 2023-07-01 00:00:00.0(Timestamp), 2023-07-31 23:59:59.0(Timestamp)
2023-07-13 11:06:20.080 DEBUG 15172 --- [XNIO-1 task-145] r.c.m.x.r.U.selectCountByDate            : <==      Total: 4
2023-07-13 11:06:20.080 DEBUG 15172 --- [XNIO-1 task-145] r.c.m.x.r.E.selectCountByDate            : ==>  Preparing: SELECT create_time as name,COUNT(create_time) as value from ( SELECT DATE_FORMAT(create_time,'%Y-%m-%d') as create_time from t_exam_paper_question_customer_answer WHERE create_time between ? and ? ) a GROUP BY create_time 
2023-07-13 11:06:20.080 DEBUG 15172 --- [XNIO-1 task-145] r.c.m.x.r.E.selectCountByDate            : ==> Parameters: 2023-07-01 00:00:00.0(Timestamp), 2023-07-31 23:59:59.0(Timestamp)
2023-07-13 11:06:20.081 DEBUG 15172 --- [XNIO-1 task-145] r.c.m.x.r.E.selectCountByDate            : <==      Total: 1
2023-07-13 11:06:28.938 DEBUG 15172 --- [XNIO-1 task-146] r.c.m.x.r.SubjectMapper.page_COUNT       : ==>  Preparing: SELECT count(0) FROM t_subject WHERE deleted = 0 
2023-07-13 11:06:28.939 DEBUG 15172 --- [XNIO-1 task-146] r.c.m.x.r.SubjectMapper.page_COUNT       : ==> Parameters: 
2023-07-13 11:06:28.940 DEBUG 15172 --- [XNIO-1 task-146] r.c.m.x.r.SubjectMapper.page_COUNT       : <==      Total: 1
2023-07-13 11:06:28.940 DEBUG 15172 --- [XNIO-1 task-146] r.c.m.xzs.repository.SubjectMapper.page  : ==>  Preparing: SELECT id, name, level, level_name, item_order, deleted FROM t_subject WHERE deleted = 0 order by id desc LIMIT ? 
2023-07-13 11:06:28.940 DEBUG 15172 --- [XNIO-1 task-146] r.c.m.xzs.repository.SubjectMapper.page  : ==> Parameters: 10(Integer)
2023-07-13 11:06:28.940 DEBUG 15172 --- [XNIO-1 task-146] r.c.m.xzs.repository.SubjectMapper.page  : <==      Total: 1
2023-07-13 11:06:33.857 DEBUG 15172 --- [XNIO-1 task-147] r.c.m.x.r.SubjectMapper.allSubject       : ==>  Preparing: select id, name, level, level_name, item_order, deleted from t_subject 
2023-07-13 11:06:33.857 DEBUG 15172 --- [XNIO-1 task-147] r.c.m.x.r.SubjectMapper.allSubject       : ==> Parameters: 
2023-07-13 11:06:33.858 DEBUG 15172 --- [XNIO-1 task-147] r.c.m.x.r.SubjectMapper.allSubject       : <==      Total: 1
2023-07-13 11:06:33.858 DEBUG 15172 --- [XNIO-1 task-148] r.c.m.x.r.E.adminPage_COUNT              : ==>  Preparing: SELECT count(0) FROM t_exam_paper_answer 
2023-07-13 11:06:33.858 DEBUG 15172 --- [XNIO-1 task-148] r.c.m.x.r.E.adminPage_COUNT              : ==> Parameters: 
2023-07-13 11:06:33.860 DEBUG 15172 --- [XNIO-1 task-148] r.c.m.x.r.E.adminPage_COUNT              : <==      Total: 1
2023-07-13 11:06:33.860 DEBUG 15172 --- [XNIO-1 task-148] r.c.m.x.r.E.adminPage                    : ==>  Preparing: SELECT id, exam_paper_id, paper_name, paper_type, subject_id, system_score, user_score, paper_score, question_correct, question_count, do_time, status, create_user, create_time, task_exam_id FROM t_exam_paper_answer order by id desc LIMIT ? 
2023-07-13 11:06:33.860 DEBUG 15172 --- [XNIO-1 task-148] r.c.m.x.r.E.adminPage                    : ==> Parameters: 10(Integer)
2023-07-13 11:06:33.860 DEBUG 15172 --- [XNIO-1 task-148] r.c.m.x.r.E.adminPage                    : <==      Total: 1
2023-07-13 11:06:33.862 DEBUG 15172 --- [XNIO-1 task-148] r.c.m.x.r.S.selectByPrimaryKey           : ==>  Preparing: select id, name, level, level_name, item_order, deleted from t_subject where id = ? 
2023-07-13 11:06:33.862 DEBUG 15172 --- [XNIO-1 task-148] r.c.m.x.r.S.selectByPrimaryKey           : ==> Parameters: 1(Integer)
2023-07-13 11:06:33.862 DEBUG 15172 --- [XNIO-1 task-148] r.c.m.x.r.S.selectByPrimaryKey           : <==      Total: 1
2023-07-13 11:06:33.863 DEBUG 15172 --- [XNIO-1 task-148] r.c.m.x.r.UserMapper.selectByPrimaryKey  : ==>  Preparing: select id, user_uuid, user_name, password, real_name, age, sex, birth_day, user_level, phone, role, status, image_path, create_time, modify_time, last_active_time, deleted, wx_open_id from t_user where id = ? 
2023-07-13 11:06:33.863 DEBUG 15172 --- [XNIO-1 task-148] r.c.m.x.r.UserMapper.selectByPrimaryKey  : ==> Parameters: 1(Integer)
2023-07-13 11:06:33.863 DEBUG 15172 --- [XNIO-1 task-148] r.c.m.x.r.UserMapper.selectByPrimaryKey  : <==      Total: 1
2023-07-13 11:06:37.931 DEBUG 15172 --- [XNIO-1 task-149] r.c.m.x.r.MessageMapper.page_COUNT       : ==>  Preparing: SELECT count(0) FROM t_message 
2023-07-13 11:06:37.931 DEBUG 15172 --- [XNIO-1 task-149] r.c.m.x.r.MessageMapper.page_COUNT       : ==> Parameters: 
2023-07-13 11:06:37.932 DEBUG 15172 --- [XNIO-1 task-149] r.c.m.x.r.MessageMapper.page_COUNT       : <==      Total: 1
2023-07-13 11:06:37.933 DEBUG 15172 --- [XNIO-1 task-149] r.c.m.xzs.repository.MessageMapper.page  : ==>  Preparing: SELECT id, title, content, create_time, send_user_id, send_user_name, send_real_name, receive_user_count, read_count FROM t_message order by id desc LIMIT ? 
2023-07-13 11:06:37.933 DEBUG 15172 --- [XNIO-1 task-149] r.c.m.xzs.repository.MessageMapper.page  : ==> Parameters: 10(Integer)
2023-07-13 11:06:37.933 DEBUG 15172 --- [XNIO-1 task-149] r.c.m.xzs.repository.MessageMapper.page  : <==      Total: 1
2023-07-13 11:06:37.935 DEBUG 15172 --- [XNIO-1 task-149] r.c.m.x.r.M.selectByMessageIds           : ==>  Preparing: select id, message_id, receive_user_id, receive_user_name, receive_real_name, readed, create_time, read_time from t_message_user where message_id in ( ? ) 
2023-07-13 11:06:37.935 DEBUG 15172 --- [XNIO-1 task-149] r.c.m.x.r.M.selectByMessageIds           : ==> Parameters: 1(Integer)
2023-07-13 11:06:37.935 DEBUG 15172 --- [XNIO-1 task-149] r.c.m.x.r.M.selectByMessageIds           : <==      Total: 1
2023-07-13 11:06:43.564 DEBUG 15172 --- [XNIO-1 task-150] r.c.m.x.r.E.selectAllCount               : ==>  Preparing: SELECT count(*) from t_exam_paper where deleted=0 
2023-07-13 11:06:43.564 DEBUG 15172 --- [XNIO-1 task-150] r.c.m.x.r.E.selectAllCount               : ==> Parameters: 
2023-07-13 11:06:43.565 DEBUG 15172 --- [XNIO-1 task-150] r.c.m.x.r.E.selectAllCount               : <==      Total: 1
2023-07-13 11:06:43.567 DEBUG 15172 --- [XNIO-1 task-150] r.c.m.x.r.QuestionMapper.selectAllCount  : ==>  Preparing: SELECT count(*) from t_question where deleted=0 
2023-07-13 11:06:43.567 DEBUG 15172 --- [XNIO-1 task-150] r.c.m.x.r.QuestionMapper.selectAllCount  : ==> Parameters: 
2023-07-13 11:06:43.567 DEBUG 15172 --- [XNIO-1 task-150] r.c.m.x.r.QuestionMapper.selectAllCount  : <==      Total: 1
2023-07-13 11:06:43.567 DEBUG 15172 --- [XNIO-1 task-150] r.c.m.x.r.E.selectAllCount               : ==>  Preparing: SELECT count(*) from t_exam_paper_answer 
2023-07-13 11:06:43.567 DEBUG 15172 --- [XNIO-1 task-150] r.c.m.x.r.E.selectAllCount               : ==> Parameters: 
2023-07-13 11:06:43.568 DEBUG 15172 --- [XNIO-1 task-150] r.c.m.x.r.E.selectAllCount               : <==      Total: 1
2023-07-13 11:06:43.568 DEBUG 15172 --- [XNIO-1 task-150] r.c.m.x.r.E.selectAllCount               : ==>  Preparing: SELECT count(*) from t_exam_paper_question_customer_answer 
2023-07-13 11:06:43.568 DEBUG 15172 --- [XNIO-1 task-150] r.c.m.x.r.E.selectAllCount               : ==> Parameters: 
2023-07-13 11:06:43.569 DEBUG 15172 --- [XNIO-1 task-150] r.c.m.x.r.E.selectAllCount               : <==      Total: 1
2023-07-13 11:06:43.570 DEBUG 15172 --- [XNIO-1 task-150] r.c.m.x.r.U.selectCountByDate            : ==>  Preparing: SELECT create_time as name,COUNT(create_time) as value from ( SELECT DATE_FORMAT(create_time,'%Y-%m-%d') as create_time from t_user_event_log WHERE create_time between ? and ? ) a GROUP BY create_time 
2023-07-13 11:06:43.570 DEBUG 15172 --- [XNIO-1 task-150] r.c.m.x.r.U.selectCountByDate            : ==> Parameters: 2023-07-01 00:00:00.0(Timestamp), 2023-07-31 23:59:59.0(Timestamp)
2023-07-13 11:06:43.570 DEBUG 15172 --- [XNIO-1 task-150] r.c.m.x.r.U.selectCountByDate            : <==      Total: 4
2023-07-13 11:06:43.572 DEBUG 15172 --- [XNIO-1 task-150] r.c.m.x.r.E.selectCountByDate            : ==>  Preparing: SELECT create_time as name,COUNT(create_time) as value from ( SELECT DATE_FORMAT(create_time,'%Y-%m-%d') as create_time from t_exam_paper_question_customer_answer WHERE create_time between ? and ? ) a GROUP BY create_time 
2023-07-13 11:06:43.572 DEBUG 15172 --- [XNIO-1 task-150] r.c.m.x.r.E.selectCountByDate            : ==> Parameters: 2023-07-01 00:00:00.0(Timestamp), 2023-07-31 23:59:59.0(Timestamp)
2023-07-13 11:06:43.573 DEBUG 15172 --- [XNIO-1 task-150] r.c.m.x.r.E.selectCountByDate            : <==      Total: 1
2023-07-13 11:06:45.222 DEBUG 15172 --- [XNIO-1 task-151] r.c.m.x.r.UserMapper.userPage_COUNT      : ==>  Preparing: SELECT count(0) FROM t_user WHERE deleted = 0 AND role = ? 
2023-07-13 11:06:45.222 DEBUG 15172 --- [XNIO-1 task-151] r.c.m.x.r.UserMapper.userPage_COUNT      : ==> Parameters: 3(Integer)
2023-07-13 11:06:45.223 DEBUG 15172 --- [XNIO-1 task-151] r.c.m.x.r.UserMapper.userPage_COUNT      : <==      Total: 1
2023-07-13 11:06:45.224 DEBUG 15172 --- [XNIO-1 task-151] r.c.m.x.repository.UserMapper.userPage   : ==>  Preparing: SELECT id, user_uuid, user_name, password, real_name, age, sex, birth_day, user_level, phone, role, status, image_path, create_time, modify_time, last_active_time, deleted, wx_open_id FROM t_user WHERE deleted = 0 AND role = ? order by id desc LIMIT ? 
2023-07-13 11:06:45.224 DEBUG 15172 --- [XNIO-1 task-151] r.c.m.x.repository.UserMapper.userPage   : ==> Parameters: 3(Integer), 10(Integer)
2023-07-13 11:06:45.224 DEBUG 15172 --- [XNIO-1 task-151] r.c.m.x.repository.UserMapper.userPage   : <==      Total: 1
2023-07-13 11:06:56.447 DEBUG 15172 --- [XNIO-1 task-152] r.c.m.x.r.UserMapper.userPage_COUNT      : ==>  Preparing: SELECT count(0) FROM t_user WHERE deleted = 0 AND role = ? 
2023-07-13 11:06:56.447 DEBUG 15172 --- [XNIO-1 task-152] r.c.m.x.r.UserMapper.userPage_COUNT      : ==> Parameters: 3(Integer)
2023-07-13 11:06:56.448 DEBUG 15172 --- [XNIO-1 task-152] r.c.m.x.r.UserMapper.userPage_COUNT      : <==      Total: 1
2023-07-13 11:06:56.449 DEBUG 15172 --- [XNIO-1 task-152] r.c.m.x.repository.UserMapper.userPage   : ==>  Preparing: SELECT id, user_uuid, user_name, password, real_name, age, sex, birth_day, user_level, phone, role, status, image_path, create_time, modify_time, last_active_time, deleted, wx_open_id FROM t_user WHERE deleted = 0 AND role = ? order by id desc LIMIT ? 
2023-07-13 11:06:56.449 DEBUG 15172 --- [XNIO-1 task-152] r.c.m.x.repository.UserMapper.userPage   : ==> Parameters: 3(Integer), 10(Integer)
2023-07-13 11:06:56.449 DEBUG 15172 --- [XNIO-1 task-152] r.c.m.x.repository.UserMapper.userPage   : <==      Total: 1
2023-07-13 11:07:02.910 DEBUG 15172 --- [XNIO-1 task-153] r.c.m.x.r.UserEventLogMapper.page_COUNT  : ==>  Preparing: SELECT count(0) FROM t_user_event_log 
2023-07-13 11:07:02.910 DEBUG 15172 --- [XNIO-1 task-153] r.c.m.x.r.UserEventLogMapper.page_COUNT  : ==> Parameters: 
2023-07-13 11:07:02.911 DEBUG 15172 --- [XNIO-1 task-153] r.c.m.x.r.UserEventLogMapper.page_COUNT  : <==      Total: 1
2023-07-13 11:07:02.911 DEBUG 15172 --- [XNIO-1 task-153] r.c.m.x.r.UserEventLogMapper.page        : ==>  Preparing: SELECT id, user_id, user_name, real_name, content, create_time FROM t_user_event_log order by id desc LIMIT ? 
2023-07-13 11:07:02.911 DEBUG 15172 --- [XNIO-1 task-153] r.c.m.x.r.UserEventLogMapper.page        : ==> Parameters: 10(Integer)
2023-07-13 11:07:02.914 DEBUG 15172 --- [XNIO-1 task-153] r.c.m.x.r.UserEventLogMapper.page        : <==      Total: 10
2023-07-13 11:09:06.117 DEBUG 15172 --- [XNIO-1 task-154] r.c.m.x.r.UserMapper.userPage_COUNT      : ==>  Preparing: SELECT count(0) FROM t_user WHERE deleted = 0 AND role = ? 
2023-07-13 11:09:06.120 DEBUG 15172 --- [XNIO-1 task-154] r.c.m.x.r.UserMapper.userPage_COUNT      : ==> Parameters: 1(Integer)
2023-07-13 11:09:06.122 DEBUG 15172 --- [XNIO-1 task-154] r.c.m.x.r.UserMapper.userPage_COUNT      : <==      Total: 1
2023-07-13 11:09:06.123 DEBUG 15172 --- [XNIO-1 task-154] r.c.m.x.repository.UserMapper.userPage   : ==>  Preparing: SELECT id, user_uuid, user_name, password, real_name, age, sex, birth_day, user_level, phone, role, status, image_path, create_time, modify_time, last_active_time, deleted, wx_open_id FROM t_user WHERE deleted = 0 AND role = ? order by id desc LIMIT ? 
2023-07-13 11:09:06.123 DEBUG 15172 --- [XNIO-1 task-154] r.c.m.x.repository.UserMapper.userPage   : ==> Parameters: 1(Integer), 10(Integer)
2023-07-13 11:09:06.125 DEBUG 15172 --- [XNIO-1 task-154] r.c.m.x.repository.UserMapper.userPage   : <==      Total: 2
2023-07-13 11:09:08.799 DEBUG 15172 --- [XNIO-1 task-155] r.c.m.x.r.UserMapper.userPage_COUNT      : ==>  Preparing: SELECT count(0) FROM t_user WHERE deleted = 0 AND role = ? 
2023-07-13 11:09:08.799 DEBUG 15172 --- [XNIO-1 task-155] r.c.m.x.r.UserMapper.userPage_COUNT      : ==> Parameters: 3(Integer)
2023-07-13 11:09:08.800 DEBUG 15172 --- [XNIO-1 task-155] r.c.m.x.r.UserMapper.userPage_COUNT      : <==      Total: 1
2023-07-13 11:09:08.801 DEBUG 15172 --- [XNIO-1 task-155] r.c.m.x.repository.UserMapper.userPage   : ==>  Preparing: SELECT id, user_uuid, user_name, password, real_name, age, sex, birth_day, user_level, phone, role, status, image_path, create_time, modify_time, last_active_time, deleted, wx_open_id FROM t_user WHERE deleted = 0 AND role = ? order by id desc LIMIT ? 
2023-07-13 11:09:08.801 DEBUG 15172 --- [XNIO-1 task-155] r.c.m.x.repository.UserMapper.userPage   : ==> Parameters: 3(Integer), 10(Integer)
2023-07-13 11:09:08.801 DEBUG 15172 --- [XNIO-1 task-155] r.c.m.x.repository.UserMapper.userPage   : <==      Total: 1
2023-07-13 11:09:12.239 DEBUG 15172 --- [XNIO-1 task-156] r.c.m.x.r.TaskExamMapper.page_COUNT      : ==>  Preparing: SELECT count(0) FROM t_task_exam WHERE deleted = 0 
2023-07-13 11:09:12.239 DEBUG 15172 --- [XNIO-1 task-156] r.c.m.x.r.TaskExamMapper.page_COUNT      : ==> Parameters: 
2023-07-13 11:09:12.239 DEBUG 15172 --- [XNIO-1 task-156] r.c.m.x.r.TaskExamMapper.page_COUNT      : <==      Total: 1
2023-07-13 11:09:15.482 DEBUG 15172 --- [XNIO-1 task-157] r.c.m.x.r.SubjectMapper.allSubject       : ==>  Preparing: select id, name, level, level_name, item_order, deleted from t_subject 
2023-07-13 11:09:15.482 DEBUG 15172 --- [XNIO-1 task-157] r.c.m.x.r.SubjectMapper.allSubject       : ==> Parameters: 
2023-07-13 11:09:15.483 DEBUG 15172 --- [XNIO-1 task-157] r.c.m.x.r.SubjectMapper.allSubject       : <==      Total: 1
2023-07-13 11:09:21.458 DEBUG 15172 --- [XNIO-1 task-158] r.c.m.x.r.SubjectMapper.page_COUNT       : ==>  Preparing: SELECT count(0) FROM t_subject WHERE deleted = 0 
2023-07-13 11:09:21.459 DEBUG 15172 --- [XNIO-1 task-158] r.c.m.x.r.SubjectMapper.page_COUNT       : ==> Parameters: 
2023-07-13 11:09:21.460 DEBUG 15172 --- [XNIO-1 task-158] r.c.m.x.r.SubjectMapper.page_COUNT       : <==      Total: 1
2023-07-13 11:09:21.462 DEBUG 15172 --- [XNIO-1 task-158] r.c.m.xzs.repository.SubjectMapper.page  : ==>  Preparing: SELECT id, name, level, level_name, item_order, deleted FROM t_subject WHERE deleted = 0 order by id desc LIMIT ? 
2023-07-13 11:09:21.463 DEBUG 15172 --- [XNIO-1 task-158] r.c.m.xzs.repository.SubjectMapper.page  : ==> Parameters: 10(Integer)
2023-07-13 11:09:21.463 DEBUG 15172 --- [XNIO-1 task-158] r.c.m.xzs.repository.SubjectMapper.page  : <==      Total: 1
2023-07-13 11:09:23.697 DEBUG 15172 --- [XNIO-1 task-159] r.c.m.x.r.SubjectMapper.allSubject       : ==>  Preparing: select id, name, level, level_name, item_order, deleted from t_subject 
2023-07-13 11:09:23.697 DEBUG 15172 --- [XNIO-1 task-159] r.c.m.x.r.SubjectMapper.allSubject       : ==> Parameters: 
2023-07-13 11:09:23.698 DEBUG 15172 --- [XNIO-1 task-159] r.c.m.x.r.SubjectMapper.allSubject       : <==      Total: 1
2023-07-13 11:09:23.698 DEBUG 15172 --- [XNIO-1 task-160] r.c.m.x.r.E.adminPage_COUNT              : ==>  Preparing: SELECT count(0) FROM t_exam_paper_answer 
2023-07-13 11:09:23.698 DEBUG 15172 --- [XNIO-1 task-160] r.c.m.x.r.E.adminPage_COUNT              : ==> Parameters: 
2023-07-13 11:09:23.699 DEBUG 15172 --- [XNIO-1 task-160] r.c.m.x.r.E.adminPage_COUNT              : <==      Total: 1
2023-07-13 11:09:23.700 DEBUG 15172 --- [XNIO-1 task-160] r.c.m.x.r.E.adminPage                    : ==>  Preparing: SELECT id, exam_paper_id, paper_name, paper_type, subject_id, system_score, user_score, paper_score, question_correct, question_count, do_time, status, create_user, create_time, task_exam_id FROM t_exam_paper_answer order by id desc LIMIT ? 
2023-07-13 11:09:23.700 DEBUG 15172 --- [XNIO-1 task-160] r.c.m.x.r.E.adminPage                    : ==> Parameters: 10(Integer)
2023-07-13 11:09:23.700 DEBUG 15172 --- [XNIO-1 task-160] r.c.m.x.r.E.adminPage                    : <==      Total: 1
2023-07-13 11:09:23.701 DEBUG 15172 --- [XNIO-1 task-160] r.c.m.x.r.S.selectByPrimaryKey           : ==>  Preparing: select id, name, level, level_name, item_order, deleted from t_subject where id = ? 
2023-07-13 11:09:23.701 DEBUG 15172 --- [XNIO-1 task-160] r.c.m.x.r.S.selectByPrimaryKey           : ==> Parameters: 1(Integer)
2023-07-13 11:09:23.701 DEBUG 15172 --- [XNIO-1 task-160] r.c.m.x.r.S.selectByPrimaryKey           : <==      Total: 1
2023-07-13 11:09:23.702 DEBUG 15172 --- [XNIO-1 task-160] r.c.m.x.r.UserMapper.selectByPrimaryKey  : ==>  Preparing: select id, user_uuid, user_name, password, real_name, age, sex, birth_day, user_level, phone, role, status, image_path, create_time, modify_time, last_active_time, deleted, wx_open_id from t_user where id = ? 
2023-07-13 11:09:23.702 DEBUG 15172 --- [XNIO-1 task-160] r.c.m.x.r.UserMapper.selectByPrimaryKey  : ==> Parameters: 1(Integer)
2023-07-13 11:09:23.703 DEBUG 15172 --- [XNIO-1 task-160] r.c.m.x.r.UserMapper.selectByPrimaryKey  : <==      Total: 1
2023-07-13 11:09:29.372 DEBUG 15172 --- [XNIO-1 task-161] r.c.m.x.r.E.selectAllCount               : ==>  Preparing: SELECT count(*) from t_exam_paper where deleted=0 
2023-07-13 11:09:29.372 DEBUG 15172 --- [XNIO-1 task-161] r.c.m.x.r.E.selectAllCount               : ==> Parameters: 
2023-07-13 11:09:29.373 DEBUG 15172 --- [XNIO-1 task-161] r.c.m.x.r.E.selectAllCount               : <==      Total: 1
2023-07-13 11:09:29.373 DEBUG 15172 --- [XNIO-1 task-161] r.c.m.x.r.QuestionMapper.selectAllCount  : ==>  Preparing: SELECT count(*) from t_question where deleted=0 
2023-07-13 11:09:29.373 DEBUG 15172 --- [XNIO-1 task-161] r.c.m.x.r.QuestionMapper.selectAllCount  : ==> Parameters: 
2023-07-13 11:09:29.373 DEBUG 15172 --- [XNIO-1 task-161] r.c.m.x.r.QuestionMapper.selectAllCount  : <==      Total: 1
2023-07-13 11:09:29.374 DEBUG 15172 --- [XNIO-1 task-161] r.c.m.x.r.E.selectAllCount               : ==>  Preparing: SELECT count(*) from t_exam_paper_answer 
2023-07-13 11:09:29.374 DEBUG 15172 --- [XNIO-1 task-161] r.c.m.x.r.E.selectAllCount               : ==> Parameters: 
2023-07-13 11:09:29.374 DEBUG 15172 --- [XNIO-1 task-161] r.c.m.x.r.E.selectAllCount               : <==      Total: 1
2023-07-13 11:09:29.375 DEBUG 15172 --- [XNIO-1 task-161] r.c.m.x.r.E.selectAllCount               : ==>  Preparing: SELECT count(*) from t_exam_paper_question_customer_answer 
2023-07-13 11:09:29.375 DEBUG 15172 --- [XNIO-1 task-161] r.c.m.x.r.E.selectAllCount               : ==> Parameters: 
2023-07-13 11:09:29.376 DEBUG 15172 --- [XNIO-1 task-161] r.c.m.x.r.E.selectAllCount               : <==      Total: 1
2023-07-13 11:09:29.376 DEBUG 15172 --- [XNIO-1 task-161] r.c.m.x.r.U.selectCountByDate            : ==>  Preparing: SELECT create_time as name,COUNT(create_time) as value from ( SELECT DATE_FORMAT(create_time,'%Y-%m-%d') as create_time from t_user_event_log WHERE create_time between ? and ? ) a GROUP BY create_time 
2023-07-13 11:09:29.377 DEBUG 15172 --- [XNIO-1 task-161] r.c.m.x.r.U.selectCountByDate            : ==> Parameters: 2023-07-01 00:00:00.0(Timestamp), 2023-07-31 23:59:59.0(Timestamp)
2023-07-13 11:09:29.377 DEBUG 15172 --- [XNIO-1 task-161] r.c.m.x.r.U.selectCountByDate            : <==      Total: 4
2023-07-13 11:09:29.378 DEBUG 15172 --- [XNIO-1 task-161] r.c.m.x.r.E.selectCountByDate            : ==>  Preparing: SELECT create_time as name,COUNT(create_time) as value from ( SELECT DATE_FORMAT(create_time,'%Y-%m-%d') as create_time from t_exam_paper_question_customer_answer WHERE create_time between ? and ? ) a GROUP BY create_time 
2023-07-13 11:09:29.378 DEBUG 15172 --- [XNIO-1 task-161] r.c.m.x.r.E.selectCountByDate            : ==> Parameters: 2023-07-01 00:00:00.0(Timestamp), 2023-07-31 23:59:59.0(Timestamp)
2023-07-13 11:09:29.378 DEBUG 15172 --- [XNIO-1 task-161] r.c.m.x.r.E.selectCountByDate            : <==      Total: 1
2023-07-13 11:13:22.938 DEBUG 15172 --- [XNIO-1 task-164] r.c.m.x.r.UserMapper.getUserByUserName   : ==>  Preparing: select id, user_uuid, user_name, password, real_name, age, sex, birth_day, user_level, phone, role, status, image_path, create_time, modify_time, last_active_time, deleted, wx_open_id from t_user where deleted=0 and user_name=? limit 1 
2023-07-13 11:13:22.942 DEBUG 15172 --- [XNIO-1 task-164] r.c.m.x.r.UserMapper.getUserByUserName   : ==> Parameters: admin(String)
2023-07-13 11:13:22.946 DEBUG 15172 --- [XNIO-1 task-164] r.c.m.x.r.UserMapper.getUserByUserName   : <==      Total: 1
2023-07-13 11:13:22.948 DEBUG 15172 --- [XNIO-1 task-164] r.c.m.x.r.UserMapper.getUserByUserName   : ==>  Preparing: select id, user_uuid, user_name, password, real_name, age, sex, birth_day, user_level, phone, role, status, image_path, create_time, modify_time, last_active_time, deleted, wx_open_id from t_user where deleted=0 and user_name=? limit 1 
2023-07-13 11:13:22.949 DEBUG 15172 --- [XNIO-1 task-164] r.c.m.x.r.UserMapper.getUserByUserName   : ==> Parameters: admin(String)
2023-07-13 11:13:22.950 DEBUG 15172 --- [XNIO-1 task-164] r.c.m.x.r.UserMapper.getUserByUserName   : <==      Total: 1
2023-07-13 11:13:22.975 DEBUG 15172 --- [XNIO-1 task-164] r.c.m.x.r.E.selectAllCount               : ==>  Preparing: SELECT count(*) from t_exam_paper where deleted=0 
2023-07-13 11:13:22.975 DEBUG 15172 --- [XNIO-1 task-164] r.c.m.x.r.E.selectAllCount               : ==> Parameters: 
2023-07-13 11:13:22.976 DEBUG 15172 --- [XNIO-1 task-164] r.c.m.x.r.E.selectAllCount               : <==      Total: 1
2023-07-13 11:13:22.976 DEBUG 15172 --- [XNIO-1 task-164] r.c.m.x.r.QuestionMapper.selectAllCount  : ==>  Preparing: SELECT count(*) from t_question where deleted=0 
2023-07-13 11:13:22.976 DEBUG 15172 --- [XNIO-1 task-164] r.c.m.x.r.QuestionMapper.selectAllCount  : ==> Parameters: 
2023-07-13 11:13:22.977 DEBUG 15172 --- [XNIO-1 task-164] r.c.m.x.r.QuestionMapper.selectAllCount  : <==      Total: 1
2023-07-13 11:13:22.978 DEBUG 15172 --- [XNIO-1 task-164] r.c.m.x.r.E.selectAllCount               : ==>  Preparing: SELECT count(*) from t_exam_paper_answer 
2023-07-13 11:13:22.978 DEBUG 15172 --- [XNIO-1 task-164] r.c.m.x.r.E.selectAllCount               : ==> Parameters: 
2023-07-13 11:13:22.979 DEBUG 15172 --- [XNIO-1 task-164] r.c.m.x.r.E.selectAllCount               : <==      Total: 1
2023-07-13 11:13:22.979 DEBUG 15172 --- [XNIO-1 task-164] r.c.m.x.r.E.selectAllCount               : ==>  Preparing: SELECT count(*) from t_exam_paper_question_customer_answer 
2023-07-13 11:13:22.980 DEBUG 15172 --- [XNIO-1 task-164] r.c.m.x.r.E.selectAllCount               : ==> Parameters: 
2023-07-13 11:13:22.980 DEBUG 15172 --- [XNIO-1 task-164] r.c.m.x.r.E.selectAllCount               : <==      Total: 1
2023-07-13 11:13:22.982 DEBUG 15172 --- [XNIO-1 task-164] r.c.m.x.r.U.selectCountByDate            : ==>  Preparing: SELECT create_time as name,COUNT(create_time) as value from ( SELECT DATE_FORMAT(create_time,'%Y-%m-%d') as create_time from t_user_event_log WHERE create_time between ? and ? ) a GROUP BY create_time 
2023-07-13 11:13:22.983 DEBUG 15172 --- [XNIO-1 task-164] r.c.m.x.r.U.selectCountByDate            : ==> Parameters: 2023-07-01 00:00:00.0(Timestamp), 2023-07-31 23:59:59.0(Timestamp)
2023-07-13 11:13:22.984 DEBUG 15172 --- [XNIO-1 task-164] r.c.m.x.r.U.selectCountByDate            : <==      Total: 4
2023-07-13 11:13:22.985 DEBUG 15172 --- [XNIO-1 task-164] r.c.m.x.r.E.selectCountByDate            : ==>  Preparing: SELECT create_time as name,COUNT(create_time) as value from ( SELECT DATE_FORMAT(create_time,'%Y-%m-%d') as create_time from t_exam_paper_question_customer_answer WHERE create_time between ? and ? ) a GROUP BY create_time 
2023-07-13 11:13:22.985 DEBUG 15172 --- [XNIO-1 task-164] r.c.m.x.r.E.selectCountByDate            : ==> Parameters: 2023-07-01 00:00:00.0(Timestamp), 2023-07-31 23:59:59.0(Timestamp)
2023-07-13 11:13:22.986 DEBUG 15172 --- [XNIO-1 task-164] r.c.m.x.r.E.selectCountByDate            : <==      Total: 1
2023-07-13 11:35:22.388 DEBUG 15172 --- [XNIO-1 task-166] r.c.m.x.r.UserMapper.getUserByUserName   : ==>  Preparing: select id, user_uuid, user_name, password, real_name, age, sex, birth_day, user_level, phone, role, status, image_path, create_time, modify_time, last_active_time, deleted, wx_open_id from t_user where deleted=0 and user_name=? limit 1 
2023-07-13 11:35:22.392 DEBUG 15172 --- [XNIO-1 task-166] r.c.m.x.r.UserMapper.getUserByUserName   : ==> Parameters: admin(String)
2023-07-13 11:35:22.395 DEBUG 15172 --- [XNIO-1 task-166] r.c.m.x.r.UserMapper.getUserByUserName   : <==      Total: 1
2023-07-13 11:55:01.834 DEBUG 15172 --- [XNIO-1 task-172] r.c.m.x.r.UserMapper.getUserByUserName   : ==>  Preparing: select id, user_uuid, user_name, password, real_name, age, sex, birth_day, user_level, phone, role, status, image_path, create_time, modify_time, last_active_time, deleted, wx_open_id from t_user where deleted=0 and user_name=? limit 1 
2023-07-13 11:55:01.839 DEBUG 15172 --- [XNIO-1 task-172] r.c.m.x.r.UserMapper.getUserByUserName   : ==> Parameters: admin(String)
2023-07-13 11:55:01.844 DEBUG 15172 --- [XNIO-1 task-172] r.c.m.x.r.UserMapper.getUserByUserName   : <==      Total: 1
2023-07-13 11:55:01.846 DEBUG 15172 --- [XNIO-1 task-172] r.c.m.x.r.UserMapper.getUserByUserName   : ==>  Preparing: select id, user_uuid, user_name, password, real_name, age, sex, birth_day, user_level, phone, role, status, image_path, create_time, modify_time, last_active_time, deleted, wx_open_id from t_user where deleted=0 and user_name=? limit 1 
2023-07-13 11:55:01.846 DEBUG 15172 --- [XNIO-1 task-172] r.c.m.x.r.UserMapper.getUserByUserName   : ==> Parameters: admin(String)
2023-07-13 11:55:01.847 DEBUG 15172 --- [XNIO-1 task-172] r.c.m.x.r.UserMapper.getUserByUserName   : <==      Total: 1
2023-07-13 11:55:01.861 DEBUG 15172 --- [XNIO-1 task-172] r.c.m.x.r.E.selectAllCount               : ==>  Preparing: SELECT count(*) from t_exam_paper where deleted=0 
2023-07-13 11:55:01.861 DEBUG 15172 --- [XNIO-1 task-172] r.c.m.x.r.E.selectAllCount               : ==> Parameters: 
2023-07-13 11:55:01.862 DEBUG 15172 --- [XNIO-1 task-172] r.c.m.x.r.E.selectAllCount               : <==      Total: 1
2023-07-13 11:55:01.862 DEBUG 15172 --- [XNIO-1 task-172] r.c.m.x.r.QuestionMapper.selectAllCount  : ==>  Preparing: SELECT count(*) from t_question where deleted=0 
2023-07-13 11:55:01.862 DEBUG 15172 --- [XNIO-1 task-172] r.c.m.x.r.QuestionMapper.selectAllCount  : ==> Parameters: 
2023-07-13 11:55:01.863 DEBUG 15172 --- [XNIO-1 task-172] r.c.m.x.r.QuestionMapper.selectAllCount  : <==      Total: 1
2023-07-13 11:55:01.863 DEBUG 15172 --- [XNIO-1 task-172] r.c.m.x.r.E.selectAllCount               : ==>  Preparing: SELECT count(*) from t_exam_paper_answer 
2023-07-13 11:55:01.863 DEBUG 15172 --- [XNIO-1 task-172] r.c.m.x.r.E.selectAllCount               : ==> Parameters: 
2023-07-13 11:55:01.864 DEBUG 15172 --- [XNIO-1 task-172] r.c.m.x.r.E.selectAllCount               : <==      Total: 1
2023-07-13 11:55:01.864 DEBUG 15172 --- [XNIO-1 task-172] r.c.m.x.r.E.selectAllCount               : ==>  Preparing: SELECT count(*) from t_exam_paper_question_customer_answer 
2023-07-13 11:55:01.866 DEBUG 15172 --- [XNIO-1 task-172] r.c.m.x.r.E.selectAllCount               : ==> Parameters: 
2023-07-13 11:55:01.867 DEBUG 15172 --- [XNIO-1 task-172] r.c.m.x.r.E.selectAllCount               : <==      Total: 1
2023-07-13 11:55:01.868 DEBUG 15172 --- [XNIO-1 task-172] r.c.m.x.r.U.selectCountByDate            : ==>  Preparing: SELECT create_time as name,COUNT(create_time) as value from ( SELECT DATE_FORMAT(create_time,'%Y-%m-%d') as create_time from t_user_event_log WHERE create_time between ? and ? ) a GROUP BY create_time 
2023-07-13 11:55:01.869 DEBUG 15172 --- [XNIO-1 task-172] r.c.m.x.r.U.selectCountByDate            : ==> Parameters: 2023-07-01 00:00:00.0(Timestamp), 2023-07-31 23:59:59.0(Timestamp)
2023-07-13 11:55:01.871 DEBUG 15172 --- [XNIO-1 task-172] r.c.m.x.r.U.selectCountByDate            : <==      Total: 4
2023-07-13 11:55:01.872 DEBUG 15172 --- [XNIO-1 task-172] r.c.m.x.r.E.selectCountByDate            : ==>  Preparing: SELECT create_time as name,COUNT(create_time) as value from ( SELECT DATE_FORMAT(create_time,'%Y-%m-%d') as create_time from t_exam_paper_question_customer_answer WHERE create_time between ? and ? ) a GROUP BY create_time 
2023-07-13 11:55:01.872 DEBUG 15172 --- [XNIO-1 task-172] r.c.m.x.r.E.selectCountByDate            : ==> Parameters: 2023-07-01 00:00:00.0(Timestamp), 2023-07-31 23:59:59.0(Timestamp)
2023-07-13 11:55:01.873 DEBUG 15172 --- [XNIO-1 task-172] r.c.m.x.r.E.selectCountByDate            : <==      Total: 1
2023-07-13 11:56:43.690 DEBUG 15172 --- [XNIO-1 task-173] r.c.m.x.r.UserMapper.userPage_COUNT      : ==>  Preparing: SELECT count(0) FROM t_user WHERE deleted = 0 AND role = ? 
2023-07-13 11:56:43.690 DEBUG 15172 --- [XNIO-1 task-173] r.c.m.x.r.UserMapper.userPage_COUNT      : ==> Parameters: 1(Integer)
2023-07-13 11:56:43.691 DEBUG 15172 --- [XNIO-1 task-173] r.c.m.x.r.UserMapper.userPage_COUNT      : <==      Total: 1
2023-07-13 11:56:43.692 DEBUG 15172 --- [XNIO-1 task-173] r.c.m.x.repository.UserMapper.userPage   : ==>  Preparing: SELECT id, user_uuid, user_name, password, real_name, age, sex, birth_day, user_level, phone, role, status, image_path, create_time, modify_time, last_active_time, deleted, wx_open_id FROM t_user WHERE deleted = 0 AND role = ? order by id desc LIMIT ? 
2023-07-13 11:56:43.692 DEBUG 15172 --- [XNIO-1 task-173] r.c.m.x.repository.UserMapper.userPage   : ==> Parameters: 1(Integer), 10(Integer)
2023-07-13 11:56:43.693 DEBUG 15172 --- [XNIO-1 task-173] r.c.m.x.repository.UserMapper.userPage   : <==      Total: 2
2023-07-13 12:00:25.116 DEBUG 15172 --- [XNIO-1 task-174] r.c.m.x.r.UserMapper.userPage_COUNT      : ==>  Preparing: SELECT count(0) FROM t_user WHERE deleted = 0 AND role = ? 
2023-07-13 12:00:25.119 DEBUG 15172 --- [XNIO-1 task-174] r.c.m.x.r.UserMapper.userPage_COUNT      : ==> Parameters: 1(Integer)
2023-07-13 12:00:25.121 DEBUG 15172 --- [XNIO-1 task-174] r.c.m.x.r.UserMapper.userPage_COUNT      : <==      Total: 1
2023-07-13 12:00:25.122 DEBUG 15172 --- [XNIO-1 task-174] r.c.m.x.repository.UserMapper.userPage   : ==>  Preparing: SELECT id, user_uuid, user_name, password, real_name, age, sex, birth_day, user_level, phone, role, status, image_path, create_time, modify_time, last_active_time, deleted, wx_open_id FROM t_user WHERE deleted = 0 AND role = ? order by id desc LIMIT ? 
2023-07-13 12:00:25.122 DEBUG 15172 --- [XNIO-1 task-174] r.c.m.x.repository.UserMapper.userPage   : ==> Parameters: 1(Integer), 10(Integer)
2023-07-13 12:00:25.124 DEBUG 15172 --- [XNIO-1 task-174] r.c.m.x.repository.UserMapper.userPage   : <==      Total: 2
2023-07-13 15:04:16.958 DEBUG 15172 --- [XNIO-1 task-179] r.c.m.x.r.UserMapper.getUserByUserName   : ==>  Preparing: select id, user_uuid, user_name, password, real_name, age, sex, birth_day, user_level, phone, role, status, image_path, create_time, modify_time, last_active_time, deleted, wx_open_id from t_user where deleted=0 and user_name=? limit 1 
2023-07-13 15:04:16.958 DEBUG 15172 --- [XNIO-1 task-181] r.c.m.x.r.UserMapper.getUserByUserName   : ==>  Preparing: select id, user_uuid, user_name, password, real_name, age, sex, birth_day, user_level, phone, role, status, image_path, create_time, modify_time, last_active_time, deleted, wx_open_id from t_user where deleted=0 and user_name=? limit 1 
2023-07-13 15:04:16.958 DEBUG 15172 --- [XNIO-1 task-180] r.c.m.x.r.UserMapper.getUserByUserName   : ==>  Preparing: select id, user_uuid, user_name, password, real_name, age, sex, birth_day, user_level, phone, role, status, image_path, create_time, modify_time, last_active_time, deleted, wx_open_id from t_user where deleted=0 and user_name=? limit 1 
2023-07-13 15:04:16.958 DEBUG 15172 --- [XNIO-1 task-178] r.c.m.x.r.UserMapper.getUserByUserName   : ==>  Preparing: select id, user_uuid, user_name, password, real_name, age, sex, birth_day, user_level, phone, role, status, image_path, create_time, modify_time, last_active_time, deleted, wx_open_id from t_user where deleted=0 and user_name=? limit 1 
2023-07-13 15:04:16.963 DEBUG 15172 --- [XNIO-1 task-178] r.c.m.x.r.UserMapper.getUserByUserName   : ==> Parameters: admin(String)
2023-07-13 15:04:16.963 DEBUG 15172 --- [XNIO-1 task-180] r.c.m.x.r.UserMapper.getUserByUserName   : ==> Parameters: admin(String)
2023-07-13 15:04:16.963 DEBUG 15172 --- [XNIO-1 task-179] r.c.m.x.r.UserMapper.getUserByUserName   : ==> Parameters: admin(String)
2023-07-13 15:04:16.963 DEBUG 15172 --- [XNIO-1 task-181] r.c.m.x.r.UserMapper.getUserByUserName   : ==> Parameters: admin(String)
2023-07-13 15:04:16.969 DEBUG 15172 --- [XNIO-1 task-178] r.c.m.x.r.UserMapper.getUserByUserName   : <==      Total: 1
2023-07-13 15:04:16.969 DEBUG 15172 --- [XNIO-1 task-181] r.c.m.x.r.UserMapper.getUserByUserName   : <==      Total: 1
2023-07-13 15:04:16.969 DEBUG 15172 --- [XNIO-1 task-179] r.c.m.x.r.UserMapper.getUserByUserName   : <==      Total: 1
2023-07-13 15:04:16.969 DEBUG 15172 --- [XNIO-1 task-180] r.c.m.x.r.UserMapper.getUserByUserName   : <==      Total: 1
2023-07-13 15:04:16.973 DEBUG 15172 --- [XNIO-1 task-178] r.c.m.x.r.UserMapper.getUserByUserName   : ==>  Preparing: select id, user_uuid, user_name, password, real_name, age, sex, birth_day, user_level, phone, role, status, image_path, create_time, modify_time, last_active_time, deleted, wx_open_id from t_user where deleted=0 and user_name=? limit 1 
2023-07-13 15:04:16.973 DEBUG 15172 --- [XNIO-1 task-180] r.c.m.x.r.UserMapper.getUserByUserName   : ==>  Preparing: select id, user_uuid, user_name, password, real_name, age, sex, birth_day, user_level, phone, role, status, image_path, create_time, modify_time, last_active_time, deleted, wx_open_id from t_user where deleted=0 and user_name=? limit 1 
2023-07-13 15:04:16.973 DEBUG 15172 --- [XNIO-1 task-179] r.c.m.x.r.UserMapper.getUserByUserName   : ==>  Preparing: select id, user_uuid, user_name, password, real_name, age, sex, birth_day, user_level, phone, role, status, image_path, create_time, modify_time, last_active_time, deleted, wx_open_id from t_user where deleted=0 and user_name=? limit 1 
2023-07-13 15:04:16.973 DEBUG 15172 --- [XNIO-1 task-181] r.c.m.x.r.UserMapper.getUserByUserName   : ==>  Preparing: select id, user_uuid, user_name, password, real_name, age, sex, birth_day, user_level, phone, role, status, image_path, create_time, modify_time, last_active_time, deleted, wx_open_id from t_user where deleted=0 and user_name=? limit 1 
2023-07-13 15:04:16.973 DEBUG 15172 --- [XNIO-1 task-178] r.c.m.x.r.UserMapper.getUserByUserName   : ==> Parameters: admin(String)
2023-07-13 15:04:16.973 DEBUG 15172 --- [XNIO-1 task-180] r.c.m.x.r.UserMapper.getUserByUserName   : ==> Parameters: admin(String)
2023-07-13 15:04:16.973 DEBUG 15172 --- [XNIO-1 task-181] r.c.m.x.r.UserMapper.getUserByUserName   : ==> Parameters: admin(String)
2023-07-13 15:04:16.973 DEBUG 15172 --- [XNIO-1 task-179] r.c.m.x.r.UserMapper.getUserByUserName   : ==> Parameters: admin(String)
2023-07-13 15:04:16.974 DEBUG 15172 --- [XNIO-1 task-181] r.c.m.x.r.UserMapper.getUserByUserName   : <==      Total: 1
2023-07-13 15:04:16.974 DEBUG 15172 --- [XNIO-1 task-178] r.c.m.x.r.UserMapper.getUserByUserName   : <==      Total: 1
2023-07-13 15:04:16.974 DEBUG 15172 --- [XNIO-1 task-179] r.c.m.x.r.UserMapper.getUserByUserName   : <==      Total: 1
2023-07-13 15:04:16.974 DEBUG 15172 --- [XNIO-1 task-180] r.c.m.x.r.UserMapper.getUserByUserName   : <==      Total: 1
