2023-07-12 15:10:37.181  INFO 15172 --- [restartedMain] com.mindskip.xzs.XzsApplication          : Starting XzsApplication on 华硕无畏pro14 with PID 15172 (started by 彼方 in E:\笔记\java\项目实战\学而思项目\xzs-mysql)
2023-07-12 15:10:37.182  INFO 15172 --- [restartedMain] com.mindskip.xzs.XzsApplication          : The following profiles are active: dev
2023-07-12 15:10:37.211  INFO 15172 --- [restartedMain] .e.DevToolsPropertyDefaultsPostProcessor : Devtools property defaults active! Set 'spring.devtools.add-properties' to 'false' to disable
2023-07-12 15:10:37.211  INFO 15172 --- [restartedMain] .e.DevToolsPropertyDefaultsPostProcessor : For additional web related logging consider setting the 'logging.level.web' property to 'DEBUG'
2023-07-12 15:10:38.101  WARN 15172 --- [restartedMain] io.undertow.websockets.jsr               : UT026010: Buffer pool was not set on WebSocketDeploymentInfo, the default pool will be used
2023-07-12 15:10:38.128  INFO 15172 --- [restartedMain] io.undertow.servlet                      : Initializing Spring embedded WebApplicationContext
2023-07-12 15:10:38.128  INFO 15172 --- [restartedMain] o.s.web.context.ContextLoader            : Root WebApplicationContext: initialization completed in 916 ms
2023-07-12 15:10:38.743  INFO 15172 --- [restartedMain] o.s.s.web.DefaultSecurityFilterChain     : Creating filter chain: any request, [org.springframework.security.web.context.request.async.WebAsyncManagerIntegrationFilter@69352c1a, org.springframework.security.web.context.SecurityContextPersistenceFilter@5f1cff7a, org.springframework.security.web.header.HeaderWriterFilter@45ec7b28, org.springframework.web.filter.CorsFilter@48ca1378, org.springframework.security.web.authentication.logout.LogoutFilter@64b214cd, com.mindskip.xzs.configuration.spring.security.RestLoginAuthenticationFilter@50f93a8a, org.springframework.security.web.authentication.UsernamePasswordAuthenticationFilter@2ac1cde4, org.springframework.security.web.savedrequest.RequestCacheAwareFilter@3dc5fc92, org.springframework.security.web.servletapi.SecurityContextHolderAwareRequestFilter@ae4de49, org.springframework.security.web.authentication.rememberme.RememberMeAuthenticationFilter@28922ae6, org.springframework.security.web.authentication.AnonymousAuthenticationFilter@7937a593, org.springframework.security.web.session.SessionManagementFilter@cf76726, org.springframework.security.web.access.ExceptionTranslationFilter@c758fba, org.springframework.security.web.access.intercept.FilterSecurityInterceptor@5d5384f2]
2023-07-12 15:10:38.963  INFO 15172 --- [restartedMain] o.s.b.d.a.OptionalLiveReloadServer       : LiveReload server is running on port 35729
2023-07-12 15:10:39.008  INFO 15172 --- [restartedMain] org.xnio                                 : XNIO version 3.3.8.Final
2023-07-12 15:10:39.015  INFO 15172 --- [restartedMain] org.xnio.nio                             : XNIO NIO Implementation Version 3.3.8.Final
2023-07-12 15:10:39.053  INFO 15172 --- [restartedMain] o.s.b.w.e.u.UndertowServletWebServer     : Undertow started on port(s) 8000 (http) with context path ''
2023-07-12 15:10:39.057  INFO 15172 --- [restartedMain] com.mindskip.xzs.XzsApplication          : Started XzsApplication in 2.187 seconds (JVM running for 3.142)
2023-07-12 15:11:33.025  INFO 15172 --- [XNIO-1 task-1] io.undertow.servlet                      : Initializing Spring DispatcherServlet 'dispatcherServlet'
2023-07-12 15:11:33.026  INFO 15172 --- [XNIO-1 task-1] o.s.web.servlet.DispatcherServlet        : Initializing Servlet 'dispatcherServlet'
2023-07-12 15:11:33.075  INFO 15172 --- [XNIO-1 task-1] o.s.web.servlet.DispatcherServlet        : Completed initialization in 49 ms
2023-07-12 15:11:33.118  INFO 15172 --- [XNIO-1 task-1] com.zaxxer.hikari.HikariDataSource       : HikariPool-1 - Starting...
2023-07-12 15:11:33.250  INFO 15172 --- [XNIO-1 task-1] com.zaxxer.hikari.HikariDataSource       : HikariPool-1 - Start completed.
2023-07-12 15:11:33.257 DEBUG 15172 --- [XNIO-1 task-1] r.c.m.x.r.UserMapper.getUserByUserName   : ==>  Preparing: select id, user_uuid, user_name, password, real_name, age, sex, birth_day, user_level, phone, role, status, image_path, create_time, modify_time, last_active_time, deleted, wx_open_id from t_user where deleted=0 and user_name=? limit 1 
2023-07-12 15:11:33.278 DEBUG 15172 --- [XNIO-1 task-1] r.c.m.x.r.UserMapper.getUserByUserName   : ==> Parameters: admin(String)
2023-07-12 15:11:33.318 DEBUG 15172 --- [XNIO-1 task-1] r.c.m.x.r.UserMapper.getUserByUserName   : <==      Total: 1
2023-07-12 15:11:33.326 DEBUG 15172 --- [XNIO-1 task-1] r.c.m.x.r.UserMapper.getUserByUserName   : ==>  Preparing: select id, user_uuid, user_name, password, real_name, age, sex, birth_day, user_level, phone, role, status, image_path, create_time, modify_time, last_active_time, deleted, wx_open_id from t_user where deleted=0 and user_name=? limit 1 
2023-07-12 15:11:33.326 DEBUG 15172 --- [XNIO-1 task-1] r.c.m.x.r.UserMapper.getUserByUserName   : ==> Parameters: admin(String)
2023-07-12 15:11:33.329 DEBUG 15172 --- [XNIO-1 task-1] r.c.m.x.r.UserMapper.getUserByUserName   : <==      Total: 1
2023-07-12 15:11:33.403 DEBUG 15172 --- [XNIO-1 task-1] r.c.m.x.r.E.selectAllCount               : ==>  Preparing: SELECT count(*) from t_exam_paper where deleted=0 
2023-07-12 15:11:33.404 DEBUG 15172 --- [XNIO-1 task-1] r.c.m.x.r.E.selectAllCount               : ==> Parameters: 
2023-07-12 15:11:33.411 DEBUG 15172 --- [XNIO-1 task-1] r.c.m.x.r.E.selectAllCount               : <==      Total: 1
2023-07-12 15:11:33.411 DEBUG 15172 --- [XNIO-1 task-1] r.c.m.x.r.QuestionMapper.selectAllCount  : ==>  Preparing: SELECT count(*) from t_question where deleted=0 
2023-07-12 15:11:33.412 DEBUG 15172 --- [XNIO-1 task-1] r.c.m.x.r.QuestionMapper.selectAllCount  : ==> Parameters: 
2023-07-12 15:11:33.416 DEBUG 15172 --- [XNIO-1 task-1] r.c.m.x.r.QuestionMapper.selectAllCount  : <==      Total: 1
2023-07-12 15:11:33.418 DEBUG 15172 --- [XNIO-1 task-1] r.c.m.x.r.E.selectAllCount               : ==>  Preparing: SELECT count(*) from t_exam_paper_answer 
2023-07-12 15:11:33.418 DEBUG 15172 --- [XNIO-1 task-1] r.c.m.x.r.E.selectAllCount               : ==> Parameters: 
2023-07-12 15:11:33.423 DEBUG 15172 --- [XNIO-1 task-1] r.c.m.x.r.E.selectAllCount               : <==      Total: 1
2023-07-12 15:11:33.424 DEBUG 15172 --- [XNIO-1 task-1] r.c.m.x.r.E.selectAllCount               : ==>  Preparing: SELECT count(*) from t_exam_paper_question_customer_answer 
2023-07-12 15:11:33.424 DEBUG 15172 --- [XNIO-1 task-1] r.c.m.x.r.E.selectAllCount               : ==> Parameters: 
2023-07-12 15:11:33.429 DEBUG 15172 --- [XNIO-1 task-1] r.c.m.x.r.E.selectAllCount               : <==      Total: 1
2023-07-12 15:11:33.436 DEBUG 15172 --- [XNIO-1 task-1] r.c.m.x.r.U.selectCountByDate            : ==>  Preparing: SELECT create_time as name,COUNT(create_time) as value from ( SELECT DATE_FORMAT(create_time,'%Y-%m-%d') as create_time from t_user_event_log WHERE create_time between ? and ? ) a GROUP BY create_time 
2023-07-12 15:11:33.438 DEBUG 15172 --- [XNIO-1 task-1] r.c.m.x.r.U.selectCountByDate            : ==> Parameters: 2023-07-01 00:00:00.0(Timestamp), 2023-07-31 23:59:59.0(Timestamp)
2023-07-12 15:11:33.448 DEBUG 15172 --- [XNIO-1 task-1] r.c.m.x.r.U.selectCountByDate            : <==      Total: 3
2023-07-12 15:11:33.451 DEBUG 15172 --- [XNIO-1 task-1] r.c.m.x.r.E.selectCountByDate            : ==>  Preparing: SELECT create_time as name,COUNT(create_time) as value from ( SELECT DATE_FORMAT(create_time,'%Y-%m-%d') as create_time from t_exam_paper_question_customer_answer WHERE create_time between ? and ? ) a GROUP BY create_time 
2023-07-12 15:11:33.451 DEBUG 15172 --- [XNIO-1 task-1] r.c.m.x.r.E.selectCountByDate            : ==> Parameters: 2023-07-01 00:00:00.0(Timestamp), 2023-07-31 23:59:59.0(Timestamp)
2023-07-12 15:11:33.452 DEBUG 15172 --- [XNIO-1 task-1] r.c.m.x.r.E.selectCountByDate            : <==      Total: 1
2023-07-12 15:11:57.026 DEBUG 15172 --- [XNIO-1 task-6] r.c.m.x.r.UserMapper.getUserByUserName   : ==>  Preparing: select id, user_uuid, user_name, password, real_name, age, sex, birth_day, user_level, phone, role, status, image_path, create_time, modify_time, last_active_time, deleted, wx_open_id from t_user where deleted=0 and user_name=? limit 1 
2023-07-12 15:11:57.026 DEBUG 15172 --- [XNIO-1 task-6] r.c.m.x.r.UserMapper.getUserByUserName   : ==> Parameters: student(String)
2023-07-12 15:11:57.028 DEBUG 15172 --- [XNIO-1 task-6] r.c.m.x.r.UserMapper.getUserByUserName   : <==      Total: 1
2023-07-12 15:11:57.032 DEBUG 15172 --- [XNIO-1 task-6] r.c.m.x.r.UserMapper.getUserByUserName   : ==>  Preparing: select id, user_uuid, user_name, password, real_name, age, sex, birth_day, user_level, phone, role, status, image_path, create_time, modify_time, last_active_time, deleted, wx_open_id from t_user where deleted=0 and user_name=? limit 1 
2023-07-12 15:11:57.032 DEBUG 15172 --- [XNIO-1 task-6] r.c.m.x.r.UserMapper.getUserByUserName   : ==> Parameters: student(String)
2023-07-12 15:11:57.033 DEBUG 15172 --- [XNIO-1 task-6] r.c.m.x.r.UserMapper.getUserByUserName   : <==      Total: 1
2023-07-12 15:11:57.046 DEBUG 15172 --- [XNIO-1 task-6] r.c.m.x.r.U.insertSelective              : ==>  Preparing: insert into t_user_event_log ( user_id, user_name, real_name, content, create_time ) values ( ?, ?, ?, ?, ? ) 
2023-07-12 15:11:57.047 DEBUG 15172 --- [XNIO-1 task-6] r.c.m.x.r.U.insertSelective              : ==> Parameters: 1(Integer), student(String), 学生(String), student 登录了学之思开源考试系统(String), 2023-07-12 15:11:57.034(Timestamp)
2023-07-12 15:11:57.052 DEBUG 15172 --- [XNIO-1 task-6] r.c.m.x.r.U.insertSelective              : <==    Updates: 1
2023-07-12 15:11:57.148 DEBUG 15172 --- [XNIO-1 task-7] r.c.m.x.r.UserMapper.getUserByUserName   : ==>  Preparing: select id, user_uuid, user_name, password, real_name, age, sex, birth_day, user_level, phone, role, status, image_path, create_time, modify_time, last_active_time, deleted, wx_open_id from t_user where deleted=0 and user_name=? limit 1 
2023-07-12 15:11:57.151 DEBUG 15172 --- [XNIO-1 task-10] r.c.m.x.r.UserMapper.getUserByUserName   : ==>  Preparing: select id, user_uuid, user_name, password, real_name, age, sex, birth_day, user_level, phone, role, status, image_path, create_time, modify_time, last_active_time, deleted, wx_open_id from t_user where deleted=0 and user_name=? limit 1 
2023-07-12 15:11:57.151 DEBUG 15172 --- [XNIO-1 task-8] r.c.m.x.r.UserMapper.getUserByUserName   : ==>  Preparing: select id, user_uuid, user_name, password, real_name, age, sex, birth_day, user_level, phone, role, status, image_path, create_time, modify_time, last_active_time, deleted, wx_open_id from t_user where deleted=0 and user_name=? limit 1 
2023-07-12 15:11:57.151 DEBUG 15172 --- [XNIO-1 task-7] r.c.m.x.r.UserMapper.getUserByUserName   : ==> Parameters: student(String)
2023-07-12 15:11:57.151 DEBUG 15172 --- [XNIO-1 task-10] r.c.m.x.r.UserMapper.getUserByUserName   : ==> Parameters: student(String)
2023-07-12 15:11:57.151 DEBUG 15172 --- [XNIO-1 task-8] r.c.m.x.r.UserMapper.getUserByUserName   : ==> Parameters: student(String)
2023-07-12 15:11:57.151 DEBUG 15172 --- [XNIO-1 task-9] r.c.m.x.r.UserMapper.getUserByUserName   : ==>  Preparing: select id, user_uuid, user_name, password, real_name, age, sex, birth_day, user_level, phone, role, status, image_path, create_time, modify_time, last_active_time, deleted, wx_open_id from t_user where deleted=0 and user_name=? limit 1 
2023-07-12 15:11:57.152 DEBUG 15172 --- [XNIO-1 task-9] r.c.m.x.r.UserMapper.getUserByUserName   : ==> Parameters: student(String)
2023-07-12 15:11:57.154 DEBUG 15172 --- [XNIO-1 task-10] r.c.m.x.r.UserMapper.getUserByUserName   : <==      Total: 1
2023-07-12 15:11:57.154 DEBUG 15172 --- [XNIO-1 task-8] r.c.m.x.r.UserMapper.getUserByUserName   : <==      Total: 1
2023-07-12 15:11:57.154 DEBUG 15172 --- [XNIO-1 task-9] r.c.m.x.r.UserMapper.getUserByUserName   : <==      Total: 1
2023-07-12 15:11:57.154 DEBUG 15172 --- [XNIO-1 task-7] r.c.m.x.r.UserMapper.getUserByUserName   : <==      Total: 1
2023-07-12 15:11:57.156 DEBUG 15172 --- [XNIO-1 task-7] r.c.m.x.r.T.getByGradeLevel              : ==>  Preparing: select id, title, grade_level, frame_text_content_id, create_user, create_time, deleted, create_user_name from t_task_exam where deleted=0 and grade_level = ? 
2023-07-12 15:11:57.156 DEBUG 15172 --- [XNIO-1 task-8] r.c.m.x.r.MessageUserMapper.unReadCount  : ==>  Preparing: select count(*) from t_message_user where readed='f' and receive_user_id = ? 
2023-07-12 15:11:57.156 DEBUG 15172 --- [XNIO-1 task-7] r.c.m.x.r.T.getByGradeLevel              : ==> Parameters: 1(Integer)
2023-07-12 15:11:57.156 DEBUG 15172 --- [XNIO-1 task-8] r.c.m.x.r.MessageUserMapper.unReadCount  : ==> Parameters: 1(Integer)
2023-07-12 15:11:57.157 DEBUG 15172 --- [XNIO-1 task-10] r.c.m.x.r.ExamPaperMapper.indexPaper     : ==>  Preparing: SELECT id,name,limit_start_time,limit_end_time FROM t_exam_paper WHERE deleted=0 and paper_type= ? and grade_level=? ORDER BY id desc limit 5 
2023-07-12 15:11:57.158 DEBUG 15172 --- [XNIO-1 task-10] r.c.m.x.r.ExamPaperMapper.indexPaper     : ==> Parameters: 1(Integer), 1(Integer)
2023-07-12 15:11:57.159 DEBUG 15172 --- [XNIO-1 task-10] r.c.m.x.r.ExamPaperMapper.indexPaper     : <==      Total: 1
2023-07-12 15:11:57.160 DEBUG 15172 --- [XNIO-1 task-7] r.c.m.x.r.T.getByGradeLevel              : <==      Total: 0
2023-07-12 15:11:57.160 DEBUG 15172 --- [XNIO-1 task-10] r.c.m.x.r.ExamPaperMapper.indexPaper     : ==>  Preparing: SELECT id,name,limit_start_time,limit_end_time FROM t_exam_paper WHERE deleted=0 and paper_type= ? and grade_level=? and ? between limit_start_time and limit_end_time ORDER BY id desc limit 5 
2023-07-12 15:11:57.160 DEBUG 15172 --- [XNIO-1 task-10] r.c.m.x.r.ExamPaperMapper.indexPaper     : ==> Parameters: 4(Integer), 1(Integer), 2023-07-12 15:11:57.16(Timestamp)
2023-07-12 15:11:57.162 DEBUG 15172 --- [XNIO-1 task-10] r.c.m.x.r.ExamPaperMapper.indexPaper     : <==      Total: 0
2023-07-12 15:11:57.163 DEBUG 15172 --- [XNIO-1 task-8] r.c.m.x.r.MessageUserMapper.unReadCount  : <==      Total: 1
2023-07-12 15:12:00.647 DEBUG 15172 --- [XNIO-1 task-11] r.c.m.x.r.UserMapper.getUserByUserName   : ==>  Preparing: select id, user_uuid, user_name, password, real_name, age, sex, birth_day, user_level, phone, role, status, image_path, create_time, modify_time, last_active_time, deleted, wx_open_id from t_user where deleted=0 and user_name=? limit 1 
2023-07-12 15:12:00.647 DEBUG 15172 --- [XNIO-1 task-11] r.c.m.x.r.UserMapper.getUserByUserName   : ==> Parameters: student(String)
2023-07-12 15:12:00.648 DEBUG 15172 --- [XNIO-1 task-11] r.c.m.x.r.UserMapper.getUserByUserName   : <==      Total: 1
2023-07-12 15:12:00.666 DEBUG 15172 --- [XNIO-1 task-11] r.c.m.x.r.E.studentPage_COUNT            : ==>  Preparing: SELECT count(0) FROM t_exam_paper_question_customer_answer WHERE do_right = FALSE AND create_user = ? 
2023-07-12 15:12:00.667 DEBUG 15172 --- [XNIO-1 task-11] r.c.m.x.r.E.studentPage_COUNT            : ==> Parameters: 1(Integer)
2023-07-12 15:12:00.669 DEBUG 15172 --- [XNIO-1 task-11] r.c.m.x.r.E.studentPage_COUNT            : <==      Total: 1
2023-07-12 15:12:01.246 DEBUG 15172 --- [XNIO-1 task-12] r.c.m.x.r.UserMapper.getUserByUserName   : ==>  Preparing: select id, user_uuid, user_name, password, real_name, age, sex, birth_day, user_level, phone, role, status, image_path, create_time, modify_time, last_active_time, deleted, wx_open_id from t_user where deleted=0 and user_name=? limit 1 
2023-07-12 15:12:01.246 DEBUG 15172 --- [XNIO-1 task-12] r.c.m.x.r.UserMapper.getUserByUserName   : ==> Parameters: student(String)
2023-07-12 15:12:01.247 DEBUG 15172 --- [XNIO-1 task-12] r.c.m.x.r.UserMapper.getUserByUserName   : <==      Total: 1
2023-07-12 15:12:01.250 DEBUG 15172 --- [XNIO-1 task-12] r.c.m.x.r.E.studentPage_COUNT            : ==>  Preparing: SELECT count(0) FROM t_exam_paper_answer WHERE create_user = ? 
2023-07-12 15:12:01.250 DEBUG 15172 --- [XNIO-1 task-12] r.c.m.x.r.E.studentPage_COUNT            : ==> Parameters: 1(Integer)
2023-07-12 15:12:01.250 DEBUG 15172 --- [XNIO-1 task-12] r.c.m.x.r.E.studentPage_COUNT            : <==      Total: 1
2023-07-12 15:12:01.252 DEBUG 15172 --- [XNIO-1 task-12] r.c.m.x.r.E.studentPage                  : ==>  Preparing: SELECT id, exam_paper_id, paper_name, paper_type, subject_id, system_score, user_score, paper_score, question_correct, question_count, do_time, status, create_user, create_time, task_exam_id FROM t_exam_paper_answer WHERE create_user = ? order by id desc LIMIT ? 
2023-07-12 15:12:01.252 DEBUG 15172 --- [XNIO-1 task-12] r.c.m.x.r.E.studentPage                  : ==> Parameters: 1(Integer), 10(Integer)
2023-07-12 15:12:01.253 DEBUG 15172 --- [XNIO-1 task-12] r.c.m.x.r.E.studentPage                  : <==      Total: 1
2023-07-12 15:12:01.257 DEBUG 15172 --- [XNIO-1 task-12] r.c.m.x.r.S.selectByPrimaryKey           : ==>  Preparing: select id, name, level, level_name, item_order, deleted from t_subject where id = ? 
2023-07-12 15:12:01.257 DEBUG 15172 --- [XNIO-1 task-12] r.c.m.x.r.S.selectByPrimaryKey           : ==> Parameters: 1(Integer)
2023-07-12 15:12:01.260 DEBUG 15172 --- [XNIO-1 task-12] r.c.m.x.r.S.selectByPrimaryKey           : <==      Total: 1
2023-07-12 15:12:01.521 DEBUG 15172 --- [XNIO-1 task-13] r.c.m.x.r.UserMapper.getUserByUserName   : ==>  Preparing: select id, user_uuid, user_name, password, real_name, age, sex, birth_day, user_level, phone, role, status, image_path, create_time, modify_time, last_active_time, deleted, wx_open_id from t_user where deleted=0 and user_name=? limit 1 
2023-07-12 15:12:01.522 DEBUG 15172 --- [XNIO-1 task-13] r.c.m.x.r.UserMapper.getUserByUserName   : ==> Parameters: student(String)
2023-07-12 15:12:01.523 DEBUG 15172 --- [XNIO-1 task-13] r.c.m.x.r.UserMapper.getUserByUserName   : <==      Total: 1
2023-07-12 15:12:01.524 DEBUG 15172 --- [XNIO-1 task-13] r.c.m.x.r.S.getSubjectByLevel            : ==>  Preparing: select id, name, level, level_name, item_order, deleted from t_subject where level= ? order by item_order 
2023-07-12 15:12:01.525 DEBUG 15172 --- [XNIO-1 task-13] r.c.m.x.r.S.getSubjectByLevel            : ==> Parameters: 1(Integer)
2023-07-12 15:12:01.526 DEBUG 15172 --- [XNIO-1 task-13] r.c.m.x.r.S.getSubjectByLevel            : <==      Total: 1
2023-07-12 15:12:01.580 DEBUG 15172 --- [XNIO-1 task-14] r.c.m.x.r.E.studentPage_COUNT            : ==>  Preparing: SELECT count(0) FROM t_exam_paper WHERE deleted = 0 AND subject_id = ? AND paper_type = ? 
2023-07-12 15:12:01.580 DEBUG 15172 --- [XNIO-1 task-14] r.c.m.x.r.E.studentPage_COUNT            : ==> Parameters: 1(Integer), 1(Integer)
2023-07-12 15:12:01.581 DEBUG 15172 --- [XNIO-1 task-14] r.c.m.x.r.E.studentPage_COUNT            : <==      Total: 1
2023-07-12 15:12:01.582 DEBUG 15172 --- [XNIO-1 task-14] r.c.m.x.r.ExamPaperMapper.studentPage    : ==>  Preparing: SELECT id, name, subject_id, paper_type, grade_level, score, question_count, suggest_time, limit_start_time, limit_end_time, frame_text_content_id, create_user, create_time, deleted, task_exam_id FROM t_exam_paper WHERE deleted = 0 AND subject_id = ? AND paper_type = ? order by id desc LIMIT ? 
2023-07-12 15:12:01.582 DEBUG 15172 --- [XNIO-1 task-14] r.c.m.x.r.ExamPaperMapper.studentPage    : ==> Parameters: 1(Integer), 1(Integer), 10(Integer)
2023-07-12 15:12:01.584 DEBUG 15172 --- [XNIO-1 task-14] r.c.m.x.r.ExamPaperMapper.studentPage    : <==      Total: 1
2023-07-12 15:12:02.014 DEBUG 15172 --- [XNIO-1 task-16] r.c.m.x.r.UserMapper.getUserByUserName   : ==>  Preparing: select id, user_uuid, user_name, password, real_name, age, sex, birth_day, user_level, phone, role, status, image_path, create_time, modify_time, last_active_time, deleted, wx_open_id from t_user where deleted=0 and user_name=? limit 1 
2023-07-12 15:12:02.014 DEBUG 15172 --- [XNIO-1 task-15] r.c.m.x.r.UserMapper.getUserByUserName   : ==>  Preparing: select id, user_uuid, user_name, password, real_name, age, sex, birth_day, user_level, phone, role, status, image_path, create_time, modify_time, last_active_time, deleted, wx_open_id from t_user where deleted=0 and user_name=? limit 1 
2023-07-12 15:12:02.015 DEBUG 15172 --- [XNIO-1 task-15] r.c.m.x.r.UserMapper.getUserByUserName   : ==> Parameters: student(String)
2023-07-12 15:12:02.015 DEBUG 15172 --- [XNIO-1 task-16] r.c.m.x.r.UserMapper.getUserByUserName   : ==> Parameters: student(String)
2023-07-12 15:12:02.015 DEBUG 15172 --- [XNIO-1 task-16] r.c.m.x.r.UserMapper.getUserByUserName   : <==      Total: 1
2023-07-12 15:12:02.017 DEBUG 15172 --- [XNIO-1 task-15] r.c.m.x.r.UserMapper.getUserByUserName   : <==      Total: 1
2023-07-12 15:12:02.017 DEBUG 15172 --- [XNIO-1 task-15] r.c.m.x.r.T.getByGradeLevel              : ==>  Preparing: select id, title, grade_level, frame_text_content_id, create_user, create_time, deleted, create_user_name from t_task_exam where deleted=0 and grade_level = ? 
2023-07-12 15:12:02.017 DEBUG 15172 --- [XNIO-1 task-16] r.c.m.x.r.ExamPaperMapper.indexPaper     : ==>  Preparing: SELECT id,name,limit_start_time,limit_end_time FROM t_exam_paper WHERE deleted=0 and paper_type= ? and grade_level=? ORDER BY id desc limit 5 
2023-07-12 15:12:02.018 DEBUG 15172 --- [XNIO-1 task-15] r.c.m.x.r.T.getByGradeLevel              : ==> Parameters: 1(Integer)
2023-07-12 15:12:02.018 DEBUG 15172 --- [XNIO-1 task-16] r.c.m.x.r.ExamPaperMapper.indexPaper     : ==> Parameters: 1(Integer), 1(Integer)
2023-07-12 15:12:02.019 DEBUG 15172 --- [XNIO-1 task-15] r.c.m.x.r.T.getByGradeLevel              : <==      Total: 0
2023-07-12 15:12:02.019 DEBUG 15172 --- [XNIO-1 task-16] r.c.m.x.r.ExamPaperMapper.indexPaper     : <==      Total: 1
2023-07-12 15:12:02.019 DEBUG 15172 --- [XNIO-1 task-16] r.c.m.x.r.ExamPaperMapper.indexPaper     : ==>  Preparing: SELECT id,name,limit_start_time,limit_end_time FROM t_exam_paper WHERE deleted=0 and paper_type= ? and grade_level=? and ? between limit_start_time and limit_end_time ORDER BY id desc limit 5 
2023-07-12 15:12:02.020 DEBUG 15172 --- [XNIO-1 task-16] r.c.m.x.r.ExamPaperMapper.indexPaper     : ==> Parameters: 4(Integer), 1(Integer), 2023-07-12 15:12:02.019(Timestamp)
2023-07-12 15:12:02.021 DEBUG 15172 --- [XNIO-1 task-16] r.c.m.x.r.ExamPaperMapper.indexPaper     : <==      Total: 0
2023-07-12 15:12:02.509 DEBUG 15172 --- [XNIO-1 task-17] r.c.m.x.r.UserMapper.getUserByUserName   : ==>  Preparing: select id, user_uuid, user_name, password, real_name, age, sex, birth_day, user_level, phone, role, status, image_path, create_time, modify_time, last_active_time, deleted, wx_open_id from t_user where deleted=0 and user_name=? limit 1 
2023-07-12 15:12:02.510 DEBUG 15172 --- [XNIO-1 task-17] r.c.m.x.r.UserMapper.getUserByUserName   : ==> Parameters: student(String)
2023-07-12 15:12:02.511 DEBUG 15172 --- [XNIO-1 task-17] r.c.m.x.r.UserMapper.getUserByUserName   : <==      Total: 1
2023-07-12 15:12:02.511 DEBUG 15172 --- [XNIO-1 task-17] r.c.m.x.r.S.getSubjectByLevel            : ==>  Preparing: select id, name, level, level_name, item_order, deleted from t_subject where level= ? order by item_order 
2023-07-12 15:12:02.512 DEBUG 15172 --- [XNIO-1 task-17] r.c.m.x.r.S.getSubjectByLevel            : ==> Parameters: 1(Integer)
2023-07-12 15:12:02.512 DEBUG 15172 --- [XNIO-1 task-17] r.c.m.x.r.S.getSubjectByLevel            : <==      Total: 1
2023-07-12 15:12:02.538 DEBUG 15172 --- [XNIO-1 task-18] r.c.m.x.r.E.studentPage_COUNT            : ==>  Preparing: SELECT count(0) FROM t_exam_paper WHERE deleted = 0 AND subject_id = ? AND paper_type = ? 
2023-07-12 15:12:02.538 DEBUG 15172 --- [XNIO-1 task-18] r.c.m.x.r.E.studentPage_COUNT            : ==> Parameters: 1(Integer), 1(Integer)
2023-07-12 15:12:02.539 DEBUG 15172 --- [XNIO-1 task-18] r.c.m.x.r.E.studentPage_COUNT            : <==      Total: 1
2023-07-12 15:12:02.540 DEBUG 15172 --- [XNIO-1 task-18] r.c.m.x.r.ExamPaperMapper.studentPage    : ==>  Preparing: SELECT id, name, subject_id, paper_type, grade_level, score, question_count, suggest_time, limit_start_time, limit_end_time, frame_text_content_id, create_user, create_time, deleted, task_exam_id FROM t_exam_paper WHERE deleted = 0 AND subject_id = ? AND paper_type = ? order by id desc LIMIT ? 
2023-07-12 15:12:02.541 DEBUG 15172 --- [XNIO-1 task-18] r.c.m.x.r.ExamPaperMapper.studentPage    : ==> Parameters: 1(Integer), 1(Integer), 10(Integer)
2023-07-12 15:12:02.541 DEBUG 15172 --- [XNIO-1 task-18] r.c.m.x.r.ExamPaperMapper.studentPage    : <==      Total: 1
2023-07-12 15:12:03.011 DEBUG 15172 --- [XNIO-1 task-19] r.c.m.x.r.UserMapper.getUserByUserName   : ==>  Preparing: select id, user_uuid, user_name, password, real_name, age, sex, birth_day, user_level, phone, role, status, image_path, create_time, modify_time, last_active_time, deleted, wx_open_id from t_user where deleted=0 and user_name=? limit 1 
2023-07-12 15:12:03.011 DEBUG 15172 --- [XNIO-1 task-19] r.c.m.x.r.UserMapper.getUserByUserName   : ==> Parameters: student(String)
2023-07-12 15:12:03.012 DEBUG 15172 --- [XNIO-1 task-19] r.c.m.x.r.UserMapper.getUserByUserName   : <==      Total: 1
2023-07-12 15:12:03.013 DEBUG 15172 --- [XNIO-1 task-19] r.c.m.x.r.E.studentPage_COUNT            : ==>  Preparing: SELECT count(0) FROM t_exam_paper_answer WHERE create_user = ? 
2023-07-12 15:12:03.014 DEBUG 15172 --- [XNIO-1 task-19] r.c.m.x.r.E.studentPage_COUNT            : ==> Parameters: 1(Integer)
2023-07-12 15:12:03.014 DEBUG 15172 --- [XNIO-1 task-19] r.c.m.x.r.E.studentPage_COUNT            : <==      Total: 1
2023-07-12 15:12:03.016 DEBUG 15172 --- [XNIO-1 task-19] r.c.m.x.r.E.studentPage                  : ==>  Preparing: SELECT id, exam_paper_id, paper_name, paper_type, subject_id, system_score, user_score, paper_score, question_correct, question_count, do_time, status, create_user, create_time, task_exam_id FROM t_exam_paper_answer WHERE create_user = ? order by id desc LIMIT ? 
2023-07-12 15:12:03.016 DEBUG 15172 --- [XNIO-1 task-19] r.c.m.x.r.E.studentPage                  : ==> Parameters: 1(Integer), 10(Integer)
2023-07-12 15:12:03.018 DEBUG 15172 --- [XNIO-1 task-19] r.c.m.x.r.E.studentPage                  : <==      Total: 1
2023-07-12 15:12:03.019 DEBUG 15172 --- [XNIO-1 task-19] r.c.m.x.r.S.selectByPrimaryKey           : ==>  Preparing: select id, name, level, level_name, item_order, deleted from t_subject where id = ? 
2023-07-12 15:12:03.019 DEBUG 15172 --- [XNIO-1 task-19] r.c.m.x.r.S.selectByPrimaryKey           : ==> Parameters: 1(Integer)
2023-07-12 15:12:03.019 DEBUG 15172 --- [XNIO-1 task-19] r.c.m.x.r.S.selectByPrimaryKey           : <==      Total: 1
2023-07-12 15:13:08.467 DEBUG 15172 --- [XNIO-1 task-21] r.c.m.x.r.UserMapper.getUserByUserName   : ==>  Preparing: select id, user_uuid, user_name, password, real_name, age, sex, birth_day, user_level, phone, role, status, image_path, create_time, modify_time, last_active_time, deleted, wx_open_id from t_user where deleted=0 and user_name=? limit 1 
2023-07-12 15:13:08.468 DEBUG 15172 --- [XNIO-1 task-21] r.c.m.x.r.UserMapper.getUserByUserName   : ==> Parameters: admin(String)
2023-07-12 15:13:08.470 DEBUG 15172 --- [XNIO-1 task-21] r.c.m.x.r.UserMapper.getUserByUserName   : <==      Total: 1
2023-07-12 15:13:08.473 DEBUG 15172 --- [XNIO-1 task-21] r.c.m.x.r.UserMapper.getUserByUserName   : ==>  Preparing: select id, user_uuid, user_name, password, real_name, age, sex, birth_day, user_level, phone, role, status, image_path, create_time, modify_time, last_active_time, deleted, wx_open_id from t_user where deleted=0 and user_name=? limit 1 
2023-07-12 15:13:08.473 DEBUG 15172 --- [XNIO-1 task-21] r.c.m.x.r.UserMapper.getUserByUserName   : ==> Parameters: admin(String)
2023-07-12 15:13:08.474 DEBUG 15172 --- [XNIO-1 task-21] r.c.m.x.r.UserMapper.getUserByUserName   : <==      Total: 1
2023-07-12 15:13:08.474 DEBUG 15172 --- [XNIO-1 task-21] r.c.m.x.r.U.insertSelective              : ==>  Preparing: insert into t_user_event_log ( user_id, user_name, real_name, content, create_time ) values ( ?, ?, ?, ?, ? ) 
2023-07-12 15:13:08.475 DEBUG 15172 --- [XNIO-1 task-21] r.c.m.x.r.U.insertSelective              : ==> Parameters: 2(Integer), admin(String), 管理员(String), admin 登录了学之思开源考试系统(String), 2023-07-12 15:13:08.474(Timestamp)
2023-07-12 15:13:08.477 DEBUG 15172 --- [XNIO-1 task-21] r.c.m.x.r.U.insertSelective              : <==    Updates: 1
2023-07-12 15:13:08.562 DEBUG 15172 --- [XNIO-1 task-22] r.c.m.x.r.E.selectAllCount               : ==>  Preparing: SELECT count(*) from t_exam_paper where deleted=0 
2023-07-12 15:13:08.562 DEBUG 15172 --- [XNIO-1 task-22] r.c.m.x.r.E.selectAllCount               : ==> Parameters: 
2023-07-12 15:13:08.563 DEBUG 15172 --- [XNIO-1 task-22] r.c.m.x.r.E.selectAllCount               : <==      Total: 1
2023-07-12 15:13:08.563 DEBUG 15172 --- [XNIO-1 task-22] r.c.m.x.r.QuestionMapper.selectAllCount  : ==>  Preparing: SELECT count(*) from t_question where deleted=0 
2023-07-12 15:13:08.563 DEBUG 15172 --- [XNIO-1 task-22] r.c.m.x.r.QuestionMapper.selectAllCount  : ==> Parameters: 
2023-07-12 15:13:08.565 DEBUG 15172 --- [XNIO-1 task-22] r.c.m.x.r.QuestionMapper.selectAllCount  : <==      Total: 1
2023-07-12 15:13:08.565 DEBUG 15172 --- [XNIO-1 task-22] r.c.m.x.r.E.selectAllCount               : ==>  Preparing: SELECT count(*) from t_exam_paper_answer 
2023-07-12 15:13:08.565 DEBUG 15172 --- [XNIO-1 task-22] r.c.m.x.r.E.selectAllCount               : ==> Parameters: 
2023-07-12 15:13:08.566 DEBUG 15172 --- [XNIO-1 task-22] r.c.m.x.r.E.selectAllCount               : <==      Total: 1
2023-07-12 15:13:08.566 DEBUG 15172 --- [XNIO-1 task-22] r.c.m.x.r.E.selectAllCount               : ==>  Preparing: SELECT count(*) from t_exam_paper_question_customer_answer 
2023-07-12 15:13:08.566 DEBUG 15172 --- [XNIO-1 task-22] r.c.m.x.r.E.selectAllCount               : ==> Parameters: 
2023-07-12 15:13:08.569 DEBUG 15172 --- [XNIO-1 task-22] r.c.m.x.r.E.selectAllCount               : <==      Total: 1
2023-07-12 15:13:08.569 DEBUG 15172 --- [XNIO-1 task-22] r.c.m.x.r.U.selectCountByDate            : ==>  Preparing: SELECT create_time as name,COUNT(create_time) as value from ( SELECT DATE_FORMAT(create_time,'%Y-%m-%d') as create_time from t_user_event_log WHERE create_time between ? and ? ) a GROUP BY create_time 
2023-07-12 15:13:08.570 DEBUG 15172 --- [XNIO-1 task-22] r.c.m.x.r.U.selectCountByDate            : ==> Parameters: 2023-07-01 00:00:00.0(Timestamp), 2023-07-31 23:59:59.0(Timestamp)
2023-07-12 15:13:08.571 DEBUG 15172 --- [XNIO-1 task-22] r.c.m.x.r.U.selectCountByDate            : <==      Total: 4
2023-07-12 15:13:08.572 DEBUG 15172 --- [XNIO-1 task-22] r.c.m.x.r.E.selectCountByDate            : ==>  Preparing: SELECT create_time as name,COUNT(create_time) as value from ( SELECT DATE_FORMAT(create_time,'%Y-%m-%d') as create_time from t_exam_paper_question_customer_answer WHERE create_time between ? and ? ) a GROUP BY create_time 
2023-07-12 15:13:08.572 DEBUG 15172 --- [XNIO-1 task-22] r.c.m.x.r.E.selectCountByDate            : ==> Parameters: 2023-07-01 00:00:00.0(Timestamp), 2023-07-31 23:59:59.0(Timestamp)
2023-07-12 15:13:08.572 DEBUG 15172 --- [XNIO-1 task-22] r.c.m.x.r.E.selectCountByDate            : <==      Total: 1
2023-07-12 15:13:13.473 DEBUG 15172 --- [XNIO-1 task-23] r.c.m.x.r.SubjectMapper.page_COUNT       : ==>  Preparing: SELECT count(0) FROM t_subject WHERE deleted = 0 
2023-07-12 15:13:13.473 DEBUG 15172 --- [XNIO-1 task-23] r.c.m.x.r.SubjectMapper.page_COUNT       : ==> Parameters: 
2023-07-12 15:13:13.473 DEBUG 15172 --- [XNIO-1 task-23] r.c.m.x.r.SubjectMapper.page_COUNT       : <==      Total: 1
2023-07-12 15:13:13.474 DEBUG 15172 --- [XNIO-1 task-23] r.c.m.xzs.repository.SubjectMapper.page  : ==>  Preparing: SELECT id, name, level, level_name, item_order, deleted FROM t_subject WHERE deleted = 0 order by id desc LIMIT ? 
2023-07-12 15:13:13.474 DEBUG 15172 --- [XNIO-1 task-23] r.c.m.xzs.repository.SubjectMapper.page  : ==> Parameters: 10(Integer)
2023-07-12 15:13:13.475 DEBUG 15172 --- [XNIO-1 task-23] r.c.m.xzs.repository.SubjectMapper.page  : <==      Total: 1
2023-07-12 15:13:15.714 DEBUG 15172 --- [XNIO-1 task-24] r.c.m.x.r.S.selectByPrimaryKey           : ==>  Preparing: select id, name, level, level_name, item_order, deleted from t_subject where id = ? 
2023-07-12 15:13:15.714 DEBUG 15172 --- [XNIO-1 task-24] r.c.m.x.r.S.selectByPrimaryKey           : ==> Parameters: 1(Integer)
2023-07-12 15:13:15.714 DEBUG 15172 --- [XNIO-1 task-24] r.c.m.x.r.S.selectByPrimaryKey           : <==      Total: 1
2023-07-12 15:14:17.123 DEBUG 15172 --- [XNIO-1 task-27] r.c.m.x.r.SubjectMapper.page_COUNT       : ==>  Preparing: SELECT count(0) FROM t_subject WHERE deleted = 0 
2023-07-12 15:14:17.123 DEBUG 15172 --- [XNIO-1 task-27] r.c.m.x.r.SubjectMapper.page_COUNT       : ==> Parameters: 
2023-07-12 15:14:17.124 DEBUG 15172 --- [XNIO-1 task-27] r.c.m.x.r.SubjectMapper.page_COUNT       : <==      Total: 1
2023-07-12 15:14:17.125 DEBUG 15172 --- [XNIO-1 task-27] r.c.m.xzs.repository.SubjectMapper.page  : ==>  Preparing: SELECT id, name, level, level_name, item_order, deleted FROM t_subject WHERE deleted = 0 order by id desc LIMIT ? 
2023-07-12 15:14:17.125 DEBUG 15172 --- [XNIO-1 task-27] r.c.m.xzs.repository.SubjectMapper.page  : ==> Parameters: 10(Integer)
2023-07-12 15:14:17.126 DEBUG 15172 --- [XNIO-1 task-27] r.c.m.xzs.repository.SubjectMapper.page  : <==      Total: 1
2023-07-12 15:14:19.480 DEBUG 15172 --- [XNIO-1 task-28] r.c.m.x.r.S.selectByPrimaryKey           : ==>  Preparing: select id, name, level, level_name, item_order, deleted from t_subject where id = ? 
2023-07-12 15:14:19.480 DEBUG 15172 --- [XNIO-1 task-28] r.c.m.x.r.S.selectByPrimaryKey           : ==> Parameters: 1(Integer)
2023-07-12 15:14:19.481 DEBUG 15172 --- [XNIO-1 task-28] r.c.m.x.r.S.selectByPrimaryKey           : <==      Total: 1
2023-07-12 15:14:23.535 DEBUG 15172 --- [XNIO-1 task-29] r.c.m.x.r.SubjectMapper.page_COUNT       : ==>  Preparing: SELECT count(0) FROM t_subject WHERE deleted = 0 
2023-07-12 15:14:23.535 DEBUG 15172 --- [XNIO-1 task-29] r.c.m.x.r.SubjectMapper.page_COUNT       : ==> Parameters: 
2023-07-12 15:14:23.536 DEBUG 15172 --- [XNIO-1 task-29] r.c.m.x.r.SubjectMapper.page_COUNT       : <==      Total: 1
2023-07-12 15:14:23.536 DEBUG 15172 --- [XNIO-1 task-29] r.c.m.xzs.repository.SubjectMapper.page  : ==>  Preparing: SELECT id, name, level, level_name, item_order, deleted FROM t_subject WHERE deleted = 0 order by id desc LIMIT ? 
2023-07-12 15:14:23.536 DEBUG 15172 --- [XNIO-1 task-29] r.c.m.xzs.repository.SubjectMapper.page  : ==> Parameters: 10(Integer)
2023-07-12 15:14:23.537 DEBUG 15172 --- [XNIO-1 task-29] r.c.m.xzs.repository.SubjectMapper.page  : <==      Total: 1
2023-07-12 15:24:40.587 DEBUG 15172 --- [XNIO-1 task-31] r.c.m.x.r.SubjectMapper.allSubject       : ==>  Preparing: select id, name, level, level_name, item_order, deleted from t_subject 
2023-07-12 15:24:40.592 DEBUG 15172 --- [XNIO-1 task-31] r.c.m.x.r.SubjectMapper.allSubject       : ==> Parameters: 
2023-07-12 15:24:40.596 DEBUG 15172 --- [XNIO-1 task-31] r.c.m.x.r.SubjectMapper.allSubject       : <==      Total: 1
2023-07-12 15:24:40.607 DEBUG 15172 --- [XNIO-1 task-30] r.c.m.x.r.ExamPaperMapper.page_COUNT     : ==>  Preparing: SELECT count(0) FROM t_exam_paper WHERE deleted = 0 
2023-07-12 15:24:40.608 DEBUG 15172 --- [XNIO-1 task-30] r.c.m.x.r.ExamPaperMapper.page_COUNT     : ==> Parameters: 
2023-07-12 15:24:40.608 DEBUG 15172 --- [XNIO-1 task-30] r.c.m.x.r.ExamPaperMapper.page_COUNT     : <==      Total: 1
2023-07-12 15:24:40.611 DEBUG 15172 --- [XNIO-1 task-30] r.c.m.x.repository.ExamPaperMapper.page  : ==>  Preparing: SELECT id, name, subject_id, paper_type, grade_level, score, question_count, suggest_time, limit_start_time, limit_end_time, frame_text_content_id, create_user, create_time, deleted, task_exam_id FROM t_exam_paper WHERE deleted = 0 order by id desc LIMIT ? 
2023-07-12 15:24:40.612 DEBUG 15172 --- [XNIO-1 task-30] r.c.m.x.repository.ExamPaperMapper.page  : ==> Parameters: 10(Integer)
2023-07-12 15:24:40.613 DEBUG 15172 --- [XNIO-1 task-30] r.c.m.x.repository.ExamPaperMapper.page  : <==      Total: 2
2023-07-12 15:24:44.879 DEBUG 15172 --- [XNIO-1 task-32] r.c.m.x.r.TaskExamMapper.page_COUNT      : ==>  Preparing: SELECT count(0) FROM t_task_exam WHERE deleted = 0 
2023-07-12 15:24:44.879 DEBUG 15172 --- [XNIO-1 task-32] r.c.m.x.r.TaskExamMapper.page_COUNT      : ==> Parameters: 
2023-07-12 15:24:44.880 DEBUG 15172 --- [XNIO-1 task-32] r.c.m.x.r.TaskExamMapper.page_COUNT      : <==      Total: 1
2023-07-12 15:24:47.213 DEBUG 15172 --- [XNIO-1 task-33] r.c.m.x.r.UserMapper.userPage_COUNT      : ==>  Preparing: SELECT count(0) FROM t_user WHERE deleted = 0 AND role = ? 
2023-07-12 15:24:47.213 DEBUG 15172 --- [XNIO-1 task-33] r.c.m.x.r.UserMapper.userPage_COUNT      : ==> Parameters: 1(Integer)
2023-07-12 15:24:47.214 DEBUG 15172 --- [XNIO-1 task-33] r.c.m.x.r.UserMapper.userPage_COUNT      : <==      Total: 1
2023-07-12 15:24:47.215 DEBUG 15172 --- [XNIO-1 task-33] r.c.m.x.repository.UserMapper.userPage   : ==>  Preparing: SELECT id, user_uuid, user_name, password, real_name, age, sex, birth_day, user_level, phone, role, status, image_path, create_time, modify_time, last_active_time, deleted, wx_open_id FROM t_user WHERE deleted = 0 AND role = ? order by id desc LIMIT ? 
2023-07-12 15:24:47.215 DEBUG 15172 --- [XNIO-1 task-33] r.c.m.x.repository.UserMapper.userPage   : ==> Parameters: 1(Integer), 10(Integer)
2023-07-12 15:24:47.216 DEBUG 15172 --- [XNIO-1 task-33] r.c.m.x.repository.UserMapper.userPage   : <==      Total: 2
2023-07-12 15:24:48.810 DEBUG 15172 --- [XNIO-1 task-34] r.c.m.x.r.UserMapper.userPage_COUNT      : ==>  Preparing: SELECT count(0) FROM t_user WHERE deleted = 0 AND role = ? 
2023-07-12 15:24:48.810 DEBUG 15172 --- [XNIO-1 task-34] r.c.m.x.r.UserMapper.userPage_COUNT      : ==> Parameters: 3(Integer)
2023-07-12 15:24:48.810 DEBUG 15172 --- [XNIO-1 task-34] r.c.m.x.r.UserMapper.userPage_COUNT      : <==      Total: 1
2023-07-12 15:24:48.811 DEBUG 15172 --- [XNIO-1 task-34] r.c.m.x.repository.UserMapper.userPage   : ==>  Preparing: SELECT id, user_uuid, user_name, password, real_name, age, sex, birth_day, user_level, phone, role, status, image_path, create_time, modify_time, last_active_time, deleted, wx_open_id FROM t_user WHERE deleted = 0 AND role = ? order by id desc LIMIT ? 
2023-07-12 15:24:48.811 DEBUG 15172 --- [XNIO-1 task-34] r.c.m.x.repository.UserMapper.userPage   : ==> Parameters: 3(Integer), 10(Integer)
2023-07-12 15:24:48.811 DEBUG 15172 --- [XNIO-1 task-34] r.c.m.x.repository.UserMapper.userPage   : <==      Total: 1
2023-07-12 15:25:14.514 DEBUG 15172 --- [XNIO-1 task-35] r.c.m.x.r.SubjectMapper.allSubject       : ==>  Preparing: select id, name, level, level_name, item_order, deleted from t_subject 
2023-07-12 15:25:14.514 DEBUG 15172 --- [XNIO-1 task-35] r.c.m.x.r.SubjectMapper.allSubject       : ==> Parameters: 
2023-07-12 15:25:14.516 DEBUG 15172 --- [XNIO-1 task-35] r.c.m.x.r.SubjectMapper.allSubject       : <==      Total: 1
2023-07-12 15:25:14.518 DEBUG 15172 --- [XNIO-1 task-36] r.c.m.x.r.E.adminPage_COUNT              : ==>  Preparing: SELECT count(0) FROM t_exam_paper_answer 
2023-07-12 15:25:14.519 DEBUG 15172 --- [XNIO-1 task-36] r.c.m.x.r.E.adminPage_COUNT              : ==> Parameters: 
2023-07-12 15:25:14.520 DEBUG 15172 --- [XNIO-1 task-36] r.c.m.x.r.E.adminPage_COUNT              : <==      Total: 1
2023-07-12 15:25:14.520 DEBUG 15172 --- [XNIO-1 task-36] r.c.m.x.r.E.adminPage                    : ==>  Preparing: SELECT id, exam_paper_id, paper_name, paper_type, subject_id, system_score, user_score, paper_score, question_correct, question_count, do_time, status, create_user, create_time, task_exam_id FROM t_exam_paper_answer order by id desc LIMIT ? 
2023-07-12 15:25:14.521 DEBUG 15172 --- [XNIO-1 task-36] r.c.m.x.r.E.adminPage                    : ==> Parameters: 10(Integer)
2023-07-12 15:25:14.521 DEBUG 15172 --- [XNIO-1 task-36] r.c.m.x.r.E.adminPage                    : <==      Total: 1
2023-07-12 15:25:14.523 DEBUG 15172 --- [XNIO-1 task-36] r.c.m.x.r.S.selectByPrimaryKey           : ==>  Preparing: select id, name, level, level_name, item_order, deleted from t_subject where id = ? 
2023-07-12 15:25:14.523 DEBUG 15172 --- [XNIO-1 task-36] r.c.m.x.r.S.selectByPrimaryKey           : ==> Parameters: 1(Integer)
2023-07-12 15:25:14.523 DEBUG 15172 --- [XNIO-1 task-36] r.c.m.x.r.S.selectByPrimaryKey           : <==      Total: 1
2023-07-12 15:25:14.525 DEBUG 15172 --- [XNIO-1 task-36] r.c.m.x.r.UserMapper.selectByPrimaryKey  : ==>  Preparing: select id, user_uuid, user_name, password, real_name, age, sex, birth_day, user_level, phone, role, status, image_path, create_time, modify_time, last_active_time, deleted, wx_open_id from t_user where id = ? 
2023-07-12 15:25:14.525 DEBUG 15172 --- [XNIO-1 task-36] r.c.m.x.r.UserMapper.selectByPrimaryKey  : ==> Parameters: 1(Integer)
2023-07-12 15:25:14.527 DEBUG 15172 --- [XNIO-1 task-36] r.c.m.x.r.UserMapper.selectByPrimaryKey  : <==      Total: 1
2023-07-12 15:25:17.825 DEBUG 15172 --- [XNIO-1 task-37] r.c.m.x.r.SubjectMapper.allSubject       : ==>  Preparing: select id, name, level, level_name, item_order, deleted from t_subject 
2023-07-12 15:25:17.825 DEBUG 15172 --- [XNIO-1 task-37] r.c.m.x.r.SubjectMapper.allSubject       : ==> Parameters: 
2023-07-12 15:25:17.826 DEBUG 15172 --- [XNIO-1 task-37] r.c.m.x.r.SubjectMapper.allSubject       : <==      Total: 1
2023-07-12 15:25:19.694 DEBUG 15172 --- [XNIO-1 task-39] r.c.m.x.r.SubjectMapper.allSubject       : ==>  Preparing: select id, name, level, level_name, item_order, deleted from t_subject 
2023-07-12 15:25:19.694 DEBUG 15172 --- [XNIO-1 task-39] r.c.m.x.r.SubjectMapper.allSubject       : ==> Parameters: 
2023-07-12 15:25:19.695 DEBUG 15172 --- [XNIO-1 task-39] r.c.m.x.r.SubjectMapper.allSubject       : <==      Total: 1
2023-07-12 15:25:19.695 DEBUG 15172 --- [XNIO-1 task-38] r.c.m.x.r.ExamPaperMapper.page_COUNT     : ==>  Preparing: SELECT count(0) FROM t_exam_paper WHERE deleted = 0 
2023-07-12 15:25:19.695 DEBUG 15172 --- [XNIO-1 task-38] r.c.m.x.r.ExamPaperMapper.page_COUNT     : ==> Parameters: 
2023-07-12 15:25:19.695 DEBUG 15172 --- [XNIO-1 task-38] r.c.m.x.r.ExamPaperMapper.page_COUNT     : <==      Total: 1
2023-07-12 15:25:19.697 DEBUG 15172 --- [XNIO-1 task-38] r.c.m.x.repository.ExamPaperMapper.page  : ==>  Preparing: SELECT id, name, subject_id, paper_type, grade_level, score, question_count, suggest_time, limit_start_time, limit_end_time, frame_text_content_id, create_user, create_time, deleted, task_exam_id FROM t_exam_paper WHERE deleted = 0 order by id desc LIMIT ? 
2023-07-12 15:25:19.697 DEBUG 15172 --- [XNIO-1 task-38] r.c.m.x.repository.ExamPaperMapper.page  : ==> Parameters: 10(Integer)
2023-07-12 15:25:19.697 DEBUG 15172 --- [XNIO-1 task-38] r.c.m.x.repository.ExamPaperMapper.page  : <==      Total: 2
2023-07-12 15:25:22.670 DEBUG 15172 --- [XNIO-1 task-40] r.c.m.x.r.SubjectMapper.allSubject       : ==>  Preparing: select id, name, level, level_name, item_order, deleted from t_subject 
2023-07-12 15:25:22.671 DEBUG 15172 --- [XNIO-1 task-40] r.c.m.x.r.SubjectMapper.allSubject       : ==> Parameters: 
2023-07-12 15:25:22.671 DEBUG 15172 --- [XNIO-1 task-40] r.c.m.x.r.SubjectMapper.allSubject       : <==      Total: 1
2023-07-12 15:25:22.673 DEBUG 15172 --- [XNIO-1 task-41] r.c.m.x.r.QuestionMapper.page_COUNT      : ==>  Preparing: SELECT count(0) FROM t_question WHERE deleted = 0 
2023-07-12 15:25:22.673 DEBUG 15172 --- [XNIO-1 task-41] r.c.m.x.r.QuestionMapper.page_COUNT      : ==> Parameters: 
2023-07-12 15:25:22.674 DEBUG 15172 --- [XNIO-1 task-41] r.c.m.x.r.QuestionMapper.page_COUNT      : <==      Total: 1
2023-07-12 15:25:22.675 DEBUG 15172 --- [XNIO-1 task-41] r.c.m.x.repository.QuestionMapper.page   : ==>  Preparing: SELECT id, question_type, subject_id, score, grade_level, difficult, correct, info_text_content_id, create_user, status, create_time, deleted FROM t_question WHERE deleted = 0 order by id desc LIMIT ? 
2023-07-12 15:25:22.675 DEBUG 15172 --- [XNIO-1 task-41] r.c.m.x.repository.QuestionMapper.page   : ==> Parameters: 10(Integer)
2023-07-12 15:25:22.686 DEBUG 15172 --- [XNIO-1 task-41] r.c.m.x.repository.QuestionMapper.page   : <==      Total: 1
2023-07-12 15:25:22.688 DEBUG 15172 --- [XNIO-1 task-41] r.c.m.x.r.T.selectByPrimaryKey           : ==>  Preparing: select id, content, create_time from t_text_content where id = ? 
2023-07-12 15:25:22.688 DEBUG 15172 --- [XNIO-1 task-41] r.c.m.x.r.T.selectByPrimaryKey           : ==> Parameters: 1(Integer)
2023-07-12 15:25:22.693 DEBUG 15172 --- [XNIO-1 task-41] r.c.m.x.r.T.selectByPrimaryKey           : <==      Total: 1
2023-07-12 15:25:25.330 DEBUG 15172 --- [XNIO-1 task-42] r.c.m.x.r.SubjectMapper.allSubject       : ==>  Preparing: select id, name, level, level_name, item_order, deleted from t_subject 
2023-07-12 15:25:25.330 DEBUG 15172 --- [XNIO-1 task-42] r.c.m.x.r.SubjectMapper.allSubject       : ==> Parameters: 
2023-07-12 15:25:25.331 DEBUG 15172 --- [XNIO-1 task-43] r.c.m.x.r.Q.selectByPrimaryKey           : ==>  Preparing: select id, question_type, subject_id, score, grade_level, difficult, correct, info_text_content_id, create_user, status, create_time, deleted from t_question where id = ? 
2023-07-12 15:25:25.331 DEBUG 15172 --- [XNIO-1 task-42] r.c.m.x.r.SubjectMapper.allSubject       : <==      Total: 1
2023-07-12 15:25:25.331 DEBUG 15172 --- [XNIO-1 task-43] r.c.m.x.r.Q.selectByPrimaryKey           : ==> Parameters: 1(Integer)
2023-07-12 15:25:25.332 DEBUG 15172 --- [XNIO-1 task-43] r.c.m.x.r.Q.selectByPrimaryKey           : <==      Total: 1
2023-07-12 15:25:25.332 DEBUG 15172 --- [XNIO-1 task-43] r.c.m.x.r.T.selectByPrimaryKey           : ==>  Preparing: select id, content, create_time from t_text_content where id = ? 
2023-07-12 15:25:25.333 DEBUG 15172 --- [XNIO-1 task-43] r.c.m.x.r.T.selectByPrimaryKey           : ==> Parameters: 1(Integer)
2023-07-12 15:25:25.333 DEBUG 15172 --- [XNIO-1 task-43] r.c.m.x.r.T.selectByPrimaryKey           : <==      Total: 1
2023-07-12 15:25:31.164 DEBUG 15172 --- [XNIO-1 task-44] r.c.m.x.r.SubjectMapper.allSubject       : ==>  Preparing: select id, name, level, level_name, item_order, deleted from t_subject 
2023-07-12 15:25:31.164 DEBUG 15172 --- [XNIO-1 task-44] r.c.m.x.r.SubjectMapper.allSubject       : ==> Parameters: 
2023-07-12 15:25:31.166 DEBUG 15172 --- [XNIO-1 task-44] r.c.m.x.r.SubjectMapper.allSubject       : <==      Total: 1
2023-07-12 15:25:31.166 DEBUG 15172 --- [XNIO-1 task-45] r.c.m.x.r.QuestionMapper.page_COUNT      : ==>  Preparing: SELECT count(0) FROM t_question WHERE deleted = 0 
2023-07-12 15:25:31.166 DEBUG 15172 --- [XNIO-1 task-45] r.c.m.x.r.QuestionMapper.page_COUNT      : ==> Parameters: 
2023-07-12 15:25:31.167 DEBUG 15172 --- [XNIO-1 task-45] r.c.m.x.r.QuestionMapper.page_COUNT      : <==      Total: 1
2023-07-12 15:25:31.168 DEBUG 15172 --- [XNIO-1 task-45] r.c.m.x.repository.QuestionMapper.page   : ==>  Preparing: SELECT id, question_type, subject_id, score, grade_level, difficult, correct, info_text_content_id, create_user, status, create_time, deleted FROM t_question WHERE deleted = 0 order by id desc LIMIT ? 
2023-07-12 15:25:31.168 DEBUG 15172 --- [XNIO-1 task-45] r.c.m.x.repository.QuestionMapper.page   : ==> Parameters: 10(Integer)
2023-07-12 15:25:31.168 DEBUG 15172 --- [XNIO-1 task-45] r.c.m.x.repository.QuestionMapper.page   : <==      Total: 1
2023-07-12 15:25:31.169 DEBUG 15172 --- [XNIO-1 task-45] r.c.m.x.r.T.selectByPrimaryKey           : ==>  Preparing: select id, content, create_time from t_text_content where id = ? 
2023-07-12 15:25:31.169 DEBUG 15172 --- [XNIO-1 task-45] r.c.m.x.r.T.selectByPrimaryKey           : ==> Parameters: 1(Integer)
2023-07-12 15:25:31.170 DEBUG 15172 --- [XNIO-1 task-45] r.c.m.x.r.T.selectByPrimaryKey           : <==      Total: 1
2023-07-12 15:25:36.913 DEBUG 15172 --- [XNIO-1 task-46] r.c.m.x.r.Q.selectByPrimaryKey           : ==>  Preparing: select id, question_type, subject_id, score, grade_level, difficult, correct, info_text_content_id, create_user, status, create_time, deleted from t_question where id = ? 
2023-07-12 15:25:36.913 DEBUG 15172 --- [XNIO-1 task-46] r.c.m.x.r.Q.selectByPrimaryKey           : ==> Parameters: 1(Integer)
2023-07-12 15:25:36.914 DEBUG 15172 --- [XNIO-1 task-46] r.c.m.x.r.Q.selectByPrimaryKey           : <==      Total: 1
2023-07-12 15:25:36.914 DEBUG 15172 --- [XNIO-1 task-46] r.c.m.x.r.T.selectByPrimaryKey           : ==>  Preparing: select id, content, create_time from t_text_content where id = ? 
2023-07-12 15:25:36.914 DEBUG 15172 --- [XNIO-1 task-46] r.c.m.x.r.T.selectByPrimaryKey           : ==> Parameters: 1(Integer)
2023-07-12 15:25:36.915 DEBUG 15172 --- [XNIO-1 task-46] r.c.m.x.r.T.selectByPrimaryKey           : <==      Total: 1
2023-07-12 15:25:43.339 DEBUG 15172 --- [XNIO-1 task-47] r.c.m.x.r.SubjectMapper.allSubject       : ==>  Preparing: select id, name, level, level_name, item_order, deleted from t_subject 
2023-07-12 15:25:43.340 DEBUG 15172 --- [XNIO-1 task-47] r.c.m.x.r.SubjectMapper.allSubject       : ==> Parameters: 
2023-07-12 15:25:43.340 DEBUG 15172 --- [XNIO-1 task-47] r.c.m.x.r.SubjectMapper.allSubject       : <==      Total: 1
2023-07-12 15:25:46.455 DEBUG 15172 --- [XNIO-1 task-49] r.c.m.x.r.SubjectMapper.allSubject       : ==>  Preparing: select id, name, level, level_name, item_order, deleted from t_subject 
2023-07-12 15:25:46.455 DEBUG 15172 --- [XNIO-1 task-49] r.c.m.x.r.SubjectMapper.allSubject       : ==> Parameters: 
2023-07-12 15:25:46.455 DEBUG 15172 --- [XNIO-1 task-48] r.c.m.x.r.QuestionMapper.page_COUNT      : ==>  Preparing: SELECT count(0) FROM t_question WHERE deleted = 0 
2023-07-12 15:25:46.455 DEBUG 15172 --- [XNIO-1 task-49] r.c.m.x.r.SubjectMapper.allSubject       : <==      Total: 1
2023-07-12 15:25:46.455 DEBUG 15172 --- [XNIO-1 task-48] r.c.m.x.r.QuestionMapper.page_COUNT      : ==> Parameters: 
2023-07-12 15:25:46.456 DEBUG 15172 --- [XNIO-1 task-48] r.c.m.x.r.QuestionMapper.page_COUNT      : <==      Total: 1
2023-07-12 15:25:46.456 DEBUG 15172 --- [XNIO-1 task-48] r.c.m.x.repository.QuestionMapper.page   : ==>  Preparing: SELECT id, question_type, subject_id, score, grade_level, difficult, correct, info_text_content_id, create_user, status, create_time, deleted FROM t_question WHERE deleted = 0 order by id desc LIMIT ? 
2023-07-12 15:25:46.456 DEBUG 15172 --- [XNIO-1 task-48] r.c.m.x.repository.QuestionMapper.page   : ==> Parameters: 10(Integer)
2023-07-12 15:25:46.457 DEBUG 15172 --- [XNIO-1 task-48] r.c.m.x.repository.QuestionMapper.page   : <==      Total: 1
2023-07-12 15:25:46.457 DEBUG 15172 --- [XNIO-1 task-48] r.c.m.x.r.T.selectByPrimaryKey           : ==>  Preparing: select id, content, create_time from t_text_content where id = ? 
2023-07-12 15:25:46.457 DEBUG 15172 --- [XNIO-1 task-48] r.c.m.x.r.T.selectByPrimaryKey           : ==> Parameters: 1(Integer)
2023-07-12 15:25:46.458 DEBUG 15172 --- [XNIO-1 task-48] r.c.m.x.r.T.selectByPrimaryKey           : <==      Total: 1
2023-07-12 15:29:50.336 DEBUG 15172 --- [XNIO-1 task-50] r.c.m.x.r.SubjectMapper.allSubject       : ==>  Preparing: select id, name, level, level_name, item_order, deleted from t_subject 
2023-07-12 15:29:50.336 DEBUG 15172 --- [XNIO-1 task-51] r.c.m.x.r.Q.selectByPrimaryKey           : ==>  Preparing: select id, question_type, subject_id, score, grade_level, difficult, correct, info_text_content_id, create_user, status, create_time, deleted from t_question where id = ? 
2023-07-12 15:29:50.336 DEBUG 15172 --- [XNIO-1 task-50] r.c.m.x.r.SubjectMapper.allSubject       : ==> Parameters: 
2023-07-12 15:29:50.337 DEBUG 15172 --- [XNIO-1 task-51] r.c.m.x.r.Q.selectByPrimaryKey           : ==> Parameters: 1(Integer)
2023-07-12 15:29:50.337 DEBUG 15172 --- [XNIO-1 task-50] r.c.m.x.r.SubjectMapper.allSubject       : <==      Total: 1
2023-07-12 15:29:50.337 DEBUG 15172 --- [XNIO-1 task-51] r.c.m.x.r.Q.selectByPrimaryKey           : <==      Total: 1
2023-07-12 15:29:50.337 DEBUG 15172 --- [XNIO-1 task-51] r.c.m.x.r.T.selectByPrimaryKey           : ==>  Preparing: select id, content, create_time from t_text_content where id = ? 
2023-07-12 15:29:50.337 DEBUG 15172 --- [XNIO-1 task-51] r.c.m.x.r.T.selectByPrimaryKey           : ==> Parameters: 1(Integer)
2023-07-12 15:29:50.338 DEBUG 15172 --- [XNIO-1 task-51] r.c.m.x.r.T.selectByPrimaryKey           : <==      Total: 1
2023-07-12 15:30:00.872 DEBUG 15172 --- [XNIO-1 task-53] r.c.m.x.r.SubjectMapper.allSubject       : ==>  Preparing: select id, name, level, level_name, item_order, deleted from t_subject 
2023-07-12 15:30:00.872 DEBUG 15172 --- [XNIO-1 task-53] r.c.m.x.r.SubjectMapper.allSubject       : ==> Parameters: 
2023-07-12 15:30:00.873 DEBUG 15172 --- [XNIO-1 task-53] r.c.m.x.r.SubjectMapper.allSubject       : <==      Total: 1
2023-07-12 15:30:00.874 DEBUG 15172 --- [XNIO-1 task-52] r.c.m.x.r.QuestionMapper.page_COUNT      : ==>  Preparing: SELECT count(0) FROM t_question WHERE deleted = 0 
2023-07-12 15:30:00.874 DEBUG 15172 --- [XNIO-1 task-52] r.c.m.x.r.QuestionMapper.page_COUNT      : ==> Parameters: 
2023-07-12 15:30:00.875 DEBUG 15172 --- [XNIO-1 task-52] r.c.m.x.r.QuestionMapper.page_COUNT      : <==      Total: 1
2023-07-12 15:30:00.875 DEBUG 15172 --- [XNIO-1 task-52] r.c.m.x.repository.QuestionMapper.page   : ==>  Preparing: SELECT id, question_type, subject_id, score, grade_level, difficult, correct, info_text_content_id, create_user, status, create_time, deleted FROM t_question WHERE deleted = 0 order by id desc LIMIT ? 
2023-07-12 15:30:00.875 DEBUG 15172 --- [XNIO-1 task-52] r.c.m.x.repository.QuestionMapper.page   : ==> Parameters: 10(Integer)
2023-07-12 15:30:00.876 DEBUG 15172 --- [XNIO-1 task-52] r.c.m.x.repository.QuestionMapper.page   : <==      Total: 1
2023-07-12 15:30:00.876 DEBUG 15172 --- [XNIO-1 task-52] r.c.m.x.r.T.selectByPrimaryKey           : ==>  Preparing: select id, content, create_time from t_text_content where id = ? 
2023-07-12 15:30:00.876 DEBUG 15172 --- [XNIO-1 task-52] r.c.m.x.r.T.selectByPrimaryKey           : ==> Parameters: 1(Integer)
2023-07-12 15:30:00.876 DEBUG 15172 --- [XNIO-1 task-52] r.c.m.x.r.T.selectByPrimaryKey           : <==      Total: 1
2023-07-12 15:30:03.884 DEBUG 15172 --- [XNIO-1 task-55] r.c.m.x.r.SubjectMapper.allSubject       : ==>  Preparing: select id, name, level, level_name, item_order, deleted from t_subject 
2023-07-12 15:30:03.884 DEBUG 15172 --- [XNIO-1 task-54] r.c.m.x.r.Q.selectByPrimaryKey           : ==>  Preparing: select id, question_type, subject_id, score, grade_level, difficult, correct, info_text_content_id, create_user, status, create_time, deleted from t_question where id = ? 
2023-07-12 15:30:03.884 DEBUG 15172 --- [XNIO-1 task-55] r.c.m.x.r.SubjectMapper.allSubject       : ==> Parameters: 
2023-07-12 15:30:03.884 DEBUG 15172 --- [XNIO-1 task-54] r.c.m.x.r.Q.selectByPrimaryKey           : ==> Parameters: 1(Integer)
2023-07-12 15:30:03.885 DEBUG 15172 --- [XNIO-1 task-55] r.c.m.x.r.SubjectMapper.allSubject       : <==      Total: 1
2023-07-12 15:30:03.885 DEBUG 15172 --- [XNIO-1 task-54] r.c.m.x.r.Q.selectByPrimaryKey           : <==      Total: 1
2023-07-12 15:30:03.885 DEBUG 15172 --- [XNIO-1 task-54] r.c.m.x.r.T.selectByPrimaryKey           : ==>  Preparing: select id, content, create_time from t_text_content where id = ? 
2023-07-12 15:30:03.885 DEBUG 15172 --- [XNIO-1 task-54] r.c.m.x.r.T.selectByPrimaryKey           : ==> Parameters: 1(Integer)
2023-07-12 15:30:03.885 DEBUG 15172 --- [XNIO-1 task-54] r.c.m.x.r.T.selectByPrimaryKey           : <==      Total: 1
2023-07-12 15:30:06.341 DEBUG 15172 --- [XNIO-1 task-56] r.c.m.x.r.SubjectMapper.allSubject       : ==>  Preparing: select id, name, level, level_name, item_order, deleted from t_subject 
2023-07-12 15:30:06.341 DEBUG 15172 --- [XNIO-1 task-56] r.c.m.x.r.SubjectMapper.allSubject       : ==> Parameters: 
2023-07-12 15:30:06.341 DEBUG 15172 --- [XNIO-1 task-56] r.c.m.x.r.SubjectMapper.allSubject       : <==      Total: 1
2023-07-12 15:30:06.341 DEBUG 15172 --- [XNIO-1 task-57] r.c.m.x.r.QuestionMapper.page_COUNT      : ==>  Preparing: SELECT count(0) FROM t_question WHERE deleted = 0 
2023-07-12 15:30:06.341 DEBUG 15172 --- [XNIO-1 task-57] r.c.m.x.r.QuestionMapper.page_COUNT      : ==> Parameters: 
2023-07-12 15:30:06.342 DEBUG 15172 --- [XNIO-1 task-57] r.c.m.x.r.QuestionMapper.page_COUNT      : <==      Total: 1
2023-07-12 15:30:06.342 DEBUG 15172 --- [XNIO-1 task-57] r.c.m.x.repository.QuestionMapper.page   : ==>  Preparing: SELECT id, question_type, subject_id, score, grade_level, difficult, correct, info_text_content_id, create_user, status, create_time, deleted FROM t_question WHERE deleted = 0 order by id desc LIMIT ? 
2023-07-12 15:30:06.342 DEBUG 15172 --- [XNIO-1 task-57] r.c.m.x.repository.QuestionMapper.page   : ==> Parameters: 10(Integer)
2023-07-12 15:30:06.343 DEBUG 15172 --- [XNIO-1 task-57] r.c.m.x.repository.QuestionMapper.page   : <==      Total: 1
2023-07-12 15:30:06.343 DEBUG 15172 --- [XNIO-1 task-57] r.c.m.x.r.T.selectByPrimaryKey           : ==>  Preparing: select id, content, create_time from t_text_content where id = ? 
2023-07-12 15:30:06.343 DEBUG 15172 --- [XNIO-1 task-57] r.c.m.x.r.T.selectByPrimaryKey           : ==> Parameters: 1(Integer)
2023-07-12 15:30:06.345 DEBUG 15172 --- [XNIO-1 task-57] r.c.m.x.r.T.selectByPrimaryKey           : <==      Total: 1
2023-07-12 15:30:10.133 DEBUG 15172 --- [XNIO-1 task-58] r.c.m.x.r.SubjectMapper.allSubject       : ==>  Preparing: select id, name, level, level_name, item_order, deleted from t_subject 
2023-07-12 15:30:10.133 DEBUG 15172 --- [XNIO-1 task-58] r.c.m.x.r.SubjectMapper.allSubject       : ==> Parameters: 
2023-07-12 15:30:10.133 DEBUG 15172 --- [XNIO-1 task-58] r.c.m.x.r.SubjectMapper.allSubject       : <==      Total: 1
2023-07-12 15:42:40.441 DEBUG 15172 --- [XNIO-1 task-61] r.c.m.x.r.SubjectMapper.allSubject       : ==>  Preparing: select id, name, level, level_name, item_order, deleted from t_subject 
2023-07-12 15:42:40.442 DEBUG 15172 --- [XNIO-1 task-61] r.c.m.x.r.SubjectMapper.allSubject       : ==> Parameters: 
2023-07-12 15:42:40.445 DEBUG 15172 --- [XNIO-1 task-61] r.c.m.x.r.SubjectMapper.allSubject       : <==      Total: 1
2023-07-12 15:42:40.446 DEBUG 15172 --- [XNIO-1 task-62] r.c.m.x.r.QuestionMapper.page_COUNT      : ==>  Preparing: SELECT count(0) FROM t_question WHERE deleted = 0 
2023-07-12 15:42:40.446 DEBUG 15172 --- [XNIO-1 task-62] r.c.m.x.r.QuestionMapper.page_COUNT      : ==> Parameters: 
2023-07-12 15:42:40.447 DEBUG 15172 --- [XNIO-1 task-62] r.c.m.x.r.QuestionMapper.page_COUNT      : <==      Total: 1
2023-07-12 15:42:40.448 DEBUG 15172 --- [XNIO-1 task-62] r.c.m.x.repository.QuestionMapper.page   : ==>  Preparing: SELECT id, question_type, subject_id, score, grade_level, difficult, correct, info_text_content_id, create_user, status, create_time, deleted FROM t_question WHERE deleted = 0 order by id desc LIMIT ? 
2023-07-12 15:42:40.448 DEBUG 15172 --- [XNIO-1 task-62] r.c.m.x.repository.QuestionMapper.page   : ==> Parameters: 10(Integer)
2023-07-12 15:42:40.449 DEBUG 15172 --- [XNIO-1 task-62] r.c.m.x.repository.QuestionMapper.page   : <==      Total: 1
2023-07-12 15:42:40.450 DEBUG 15172 --- [XNIO-1 task-62] r.c.m.x.r.T.selectByPrimaryKey           : ==>  Preparing: select id, content, create_time from t_text_content where id = ? 
2023-07-12 15:42:40.450 DEBUG 15172 --- [XNIO-1 task-62] r.c.m.x.r.T.selectByPrimaryKey           : ==> Parameters: 1(Integer)
2023-07-12 15:42:40.451 DEBUG 15172 --- [XNIO-1 task-62] r.c.m.x.r.T.selectByPrimaryKey           : <==      Total: 1
2023-07-12 15:44:44.997 DEBUG 15172 --- [XNIO-1 task-78] r.c.m.x.r.E.selectAllCount               : ==>  Preparing: SELECT count(*) from t_exam_paper where deleted=0 
2023-07-12 15:44:44.997 DEBUG 15172 --- [XNIO-1 task-78] r.c.m.x.r.E.selectAllCount               : ==> Parameters: 
2023-07-12 15:44:44.999 DEBUG 15172 --- [XNIO-1 task-78] r.c.m.x.r.E.selectAllCount               : <==      Total: 1
2023-07-12 15:44:44.999 DEBUG 15172 --- [XNIO-1 task-78] r.c.m.x.r.QuestionMapper.selectAllCount  : ==>  Preparing: SELECT count(*) from t_question where deleted=0 
2023-07-12 15:44:44.999 DEBUG 15172 --- [XNIO-1 task-78] r.c.m.x.r.QuestionMapper.selectAllCount  : ==> Parameters: 
2023-07-12 15:44:44.999 DEBUG 15172 --- [XNIO-1 task-78] r.c.m.x.r.QuestionMapper.selectAllCount  : <==      Total: 1
2023-07-12 15:44:45.000 DEBUG 15172 --- [XNIO-1 task-78] r.c.m.x.r.E.selectAllCount               : ==>  Preparing: SELECT count(*) from t_exam_paper_answer 
2023-07-12 15:44:45.000 DEBUG 15172 --- [XNIO-1 task-78] r.c.m.x.r.E.selectAllCount               : ==> Parameters: 
2023-07-12 15:44:45.001 DEBUG 15172 --- [XNIO-1 task-78] r.c.m.x.r.E.selectAllCount               : <==      Total: 1
2023-07-12 15:44:45.001 DEBUG 15172 --- [XNIO-1 task-78] r.c.m.x.r.E.selectAllCount               : ==>  Preparing: SELECT count(*) from t_exam_paper_question_customer_answer 
2023-07-12 15:44:45.001 DEBUG 15172 --- [XNIO-1 task-78] r.c.m.x.r.E.selectAllCount               : ==> Parameters: 
2023-07-12 15:44:45.002 DEBUG 15172 --- [XNIO-1 task-78] r.c.m.x.r.E.selectAllCount               : <==      Total: 1
2023-07-12 15:44:45.004 DEBUG 15172 --- [XNIO-1 task-78] r.c.m.x.r.U.selectCountByDate            : ==>  Preparing: SELECT create_time as name,COUNT(create_time) as value from ( SELECT DATE_FORMAT(create_time,'%Y-%m-%d') as create_time from t_user_event_log WHERE create_time between ? and ? ) a GROUP BY create_time 
2023-07-12 15:44:45.005 DEBUG 15172 --- [XNIO-1 task-78] r.c.m.x.r.U.selectCountByDate            : ==> Parameters: 2023-07-01 00:00:00.0(Timestamp), 2023-07-31 23:59:59.0(Timestamp)
2023-07-12 15:44:45.007 DEBUG 15172 --- [XNIO-1 task-78] r.c.m.x.r.U.selectCountByDate            : <==      Total: 4
2023-07-12 15:44:45.008 DEBUG 15172 --- [XNIO-1 task-78] r.c.m.x.r.E.selectCountByDate            : ==>  Preparing: SELECT create_time as name,COUNT(create_time) as value from ( SELECT DATE_FORMAT(create_time,'%Y-%m-%d') as create_time from t_exam_paper_question_customer_answer WHERE create_time between ? and ? ) a GROUP BY create_time 
2023-07-12 15:44:45.009 DEBUG 15172 --- [XNIO-1 task-78] r.c.m.x.r.E.selectCountByDate            : ==> Parameters: 2023-07-01 00:00:00.0(Timestamp), 2023-07-31 23:59:59.0(Timestamp)
2023-07-12 15:44:45.010 DEBUG 15172 --- [XNIO-1 task-78] r.c.m.x.r.E.selectCountByDate            : <==      Total: 1
2023-07-12 15:44:51.819 DEBUG 15172 --- [XNIO-1 task-79] r.c.m.x.r.SubjectMapper.allSubject       : ==>  Preparing: select id, name, level, level_name, item_order, deleted from t_subject 
2023-07-12 15:44:51.820 DEBUG 15172 --- [XNIO-1 task-79] r.c.m.x.r.SubjectMapper.allSubject       : ==> Parameters: 
2023-07-12 15:44:51.820 DEBUG 15172 --- [XNIO-1 task-79] r.c.m.x.r.SubjectMapper.allSubject       : <==      Total: 1
2023-07-12 15:44:51.821 DEBUG 15172 --- [XNIO-1 task-80] r.c.m.x.r.QuestionMapper.page_COUNT      : ==>  Preparing: SELECT count(0) FROM t_question WHERE deleted = 0 
2023-07-12 15:44:51.821 DEBUG 15172 --- [XNIO-1 task-80] r.c.m.x.r.QuestionMapper.page_COUNT      : ==> Parameters: 
2023-07-12 15:44:51.822 DEBUG 15172 --- [XNIO-1 task-80] r.c.m.x.r.QuestionMapper.page_COUNT      : <==      Total: 1
2023-07-12 15:44:51.822 DEBUG 15172 --- [XNIO-1 task-80] r.c.m.x.repository.QuestionMapper.page   : ==>  Preparing: SELECT id, question_type, subject_id, score, grade_level, difficult, correct, info_text_content_id, create_user, status, create_time, deleted FROM t_question WHERE deleted = 0 order by id desc LIMIT ? 
2023-07-12 15:44:51.822 DEBUG 15172 --- [XNIO-1 task-80] r.c.m.x.repository.QuestionMapper.page   : ==> Parameters: 10(Integer)
2023-07-12 15:44:51.823 DEBUG 15172 --- [XNIO-1 task-80] r.c.m.x.repository.QuestionMapper.page   : <==      Total: 1
2023-07-12 15:44:51.824 DEBUG 15172 --- [XNIO-1 task-80] r.c.m.x.r.T.selectByPrimaryKey           : ==>  Preparing: select id, content, create_time from t_text_content where id = ? 
2023-07-12 15:44:51.824 DEBUG 15172 --- [XNIO-1 task-80] r.c.m.x.r.T.selectByPrimaryKey           : ==> Parameters: 1(Integer)
2023-07-12 15:44:51.825 DEBUG 15172 --- [XNIO-1 task-80] r.c.m.x.r.T.selectByPrimaryKey           : <==      Total: 1
2023-07-12 15:44:53.158 DEBUG 15172 --- [XNIO-1 task-81] r.c.m.x.r.UserMapper.userPage_COUNT      : ==>  Preparing: SELECT count(0) FROM t_user WHERE deleted = 0 AND role = ? 
2023-07-12 15:44:53.158 DEBUG 15172 --- [XNIO-1 task-81] r.c.m.x.r.UserMapper.userPage_COUNT      : ==> Parameters: 3(Integer)
2023-07-12 15:44:53.159 DEBUG 15172 --- [XNIO-1 task-81] r.c.m.x.r.UserMapper.userPage_COUNT      : <==      Total: 1
2023-07-12 15:44:53.159 DEBUG 15172 --- [XNIO-1 task-81] r.c.m.x.repository.UserMapper.userPage   : ==>  Preparing: SELECT id, user_uuid, user_name, password, real_name, age, sex, birth_day, user_level, phone, role, status, image_path, create_time, modify_time, last_active_time, deleted, wx_open_id FROM t_user WHERE deleted = 0 AND role = ? order by id desc LIMIT ? 
2023-07-12 15:44:53.159 DEBUG 15172 --- [XNIO-1 task-81] r.c.m.x.repository.UserMapper.userPage   : ==> Parameters: 3(Integer), 10(Integer)
2023-07-12 15:44:53.160 DEBUG 15172 --- [XNIO-1 task-81] r.c.m.x.repository.UserMapper.userPage   : <==      Total: 1
2023-07-12 15:44:56.614 DEBUG 15172 --- [XNIO-1 task-82] r.c.m.x.r.SubjectMapper.allSubject       : ==>  Preparing: select id, name, level, level_name, item_order, deleted from t_subject 
2023-07-12 15:44:56.614 DEBUG 15172 --- [XNIO-1 task-82] r.c.m.x.r.SubjectMapper.allSubject       : ==> Parameters: 
2023-07-12 15:44:56.615 DEBUG 15172 --- [XNIO-1 task-82] r.c.m.x.r.SubjectMapper.allSubject       : <==      Total: 1
2023-07-12 15:44:58.289 DEBUG 15172 --- [XNIO-1 task-83] r.c.m.x.r.TaskExamMapper.page_COUNT      : ==>  Preparing: SELECT count(0) FROM t_task_exam WHERE deleted = 0 
2023-07-12 15:44:58.289 DEBUG 15172 --- [XNIO-1 task-83] r.c.m.x.r.TaskExamMapper.page_COUNT      : ==> Parameters: 
2023-07-12 15:44:58.290 DEBUG 15172 --- [XNIO-1 task-83] r.c.m.x.r.TaskExamMapper.page_COUNT      : <==      Total: 1
2023-07-12 15:45:01.028 DEBUG 15172 --- [XNIO-1 task-84] r.c.m.x.r.SubjectMapper.page_COUNT       : ==>  Preparing: SELECT count(0) FROM t_subject WHERE deleted = 0 
2023-07-12 15:45:01.029 DEBUG 15172 --- [XNIO-1 task-84] r.c.m.x.r.SubjectMapper.page_COUNT       : ==> Parameters: 
2023-07-12 15:45:01.029 DEBUG 15172 --- [XNIO-1 task-84] r.c.m.x.r.SubjectMapper.page_COUNT       : <==      Total: 1
2023-07-12 15:45:01.030 DEBUG 15172 --- [XNIO-1 task-84] r.c.m.xzs.repository.SubjectMapper.page  : ==>  Preparing: SELECT id, name, level, level_name, item_order, deleted FROM t_subject WHERE deleted = 0 order by id desc LIMIT ? 
2023-07-12 15:45:01.030 DEBUG 15172 --- [XNIO-1 task-84] r.c.m.xzs.repository.SubjectMapper.page  : ==> Parameters: 10(Integer)
2023-07-12 15:45:01.032 DEBUG 15172 --- [XNIO-1 task-84] r.c.m.xzs.repository.SubjectMapper.page  : <==      Total: 1
2023-07-12 15:45:05.090 DEBUG 15172 --- [XNIO-1 task-85] r.c.m.x.r.SubjectMapper.page_COUNT       : ==>  Preparing: SELECT count(0) FROM t_subject WHERE deleted = 0 
2023-07-12 15:45:05.090 DEBUG 15172 --- [XNIO-1 task-85] r.c.m.x.r.SubjectMapper.page_COUNT       : ==> Parameters: 
2023-07-12 15:45:05.091 DEBUG 15172 --- [XNIO-1 task-85] r.c.m.x.r.SubjectMapper.page_COUNT       : <==      Total: 1
2023-07-12 15:45:05.091 DEBUG 15172 --- [XNIO-1 task-85] r.c.m.xzs.repository.SubjectMapper.page  : ==>  Preparing: SELECT id, name, level, level_name, item_order, deleted FROM t_subject WHERE deleted = 0 order by id desc LIMIT ? 
2023-07-12 15:45:05.091 DEBUG 15172 --- [XNIO-1 task-85] r.c.m.xzs.repository.SubjectMapper.page  : ==> Parameters: 10(Integer)
2023-07-12 15:45:05.092 DEBUG 15172 --- [XNIO-1 task-85] r.c.m.xzs.repository.SubjectMapper.page  : <==      Total: 1
2023-07-12 15:45:06.860 DEBUG 15172 --- [XNIO-1 task-86] r.c.m.x.r.SubjectMapper.allSubject       : ==>  Preparing: select id, name, level, level_name, item_order, deleted from t_subject 
2023-07-12 15:45:06.860 DEBUG 15172 --- [XNIO-1 task-86] r.c.m.x.r.SubjectMapper.allSubject       : ==> Parameters: 
2023-07-12 15:45:06.860 DEBUG 15172 --- [XNIO-1 task-86] r.c.m.x.r.SubjectMapper.allSubject       : <==      Total: 1
2023-07-12 15:45:08.658 DEBUG 15172 --- [XNIO-1 task-87] r.c.m.x.r.SubjectMapper.allSubject       : ==>  Preparing: select id, name, level, level_name, item_order, deleted from t_subject 
2023-07-12 15:45:08.659 DEBUG 15172 --- [XNIO-1 task-87] r.c.m.x.r.SubjectMapper.allSubject       : ==> Parameters: 
2023-07-12 15:45:08.659 DEBUG 15172 --- [XNIO-1 task-87] r.c.m.x.r.SubjectMapper.allSubject       : <==      Total: 1
2023-07-12 15:45:08.661 DEBUG 15172 --- [XNIO-1 task-88] r.c.m.x.r.ExamPaperMapper.page_COUNT     : ==>  Preparing: SELECT count(0) FROM t_exam_paper WHERE deleted = 0 
2023-07-12 15:45:08.661 DEBUG 15172 --- [XNIO-1 task-88] r.c.m.x.r.ExamPaperMapper.page_COUNT     : ==> Parameters: 
2023-07-12 15:45:08.663 DEBUG 15172 --- [XNIO-1 task-88] r.c.m.x.r.ExamPaperMapper.page_COUNT     : <==      Total: 1
2023-07-12 15:45:08.663 DEBUG 15172 --- [XNIO-1 task-88] r.c.m.x.repository.ExamPaperMapper.page  : ==>  Preparing: SELECT id, name, subject_id, paper_type, grade_level, score, question_count, suggest_time, limit_start_time, limit_end_time, frame_text_content_id, create_user, create_time, deleted, task_exam_id FROM t_exam_paper WHERE deleted = 0 order by id desc LIMIT ? 
2023-07-12 15:45:08.664 DEBUG 15172 --- [XNIO-1 task-88] r.c.m.x.repository.ExamPaperMapper.page  : ==> Parameters: 10(Integer)
2023-07-12 15:45:08.664 DEBUG 15172 --- [XNIO-1 task-88] r.c.m.x.repository.ExamPaperMapper.page  : <==      Total: 2
2023-07-12 15:45:13.339 DEBUG 15172 --- [XNIO-1 task-89] r.c.m.x.r.SubjectMapper.allSubject       : ==>  Preparing: select id, name, level, level_name, item_order, deleted from t_subject 
2023-07-12 15:45:13.339 DEBUG 15172 --- [XNIO-1 task-89] r.c.m.x.r.SubjectMapper.allSubject       : ==> Parameters: 
2023-07-12 15:45:13.340 DEBUG 15172 --- [XNIO-1 task-90] r.c.m.x.r.QuestionMapper.page_COUNT      : ==>  Preparing: SELECT count(0) FROM t_question WHERE deleted = 0 
2023-07-12 15:45:13.340 DEBUG 15172 --- [XNIO-1 task-89] r.c.m.x.r.SubjectMapper.allSubject       : <==      Total: 1
2023-07-12 15:45:13.340 DEBUG 15172 --- [XNIO-1 task-90] r.c.m.x.r.QuestionMapper.page_COUNT      : ==> Parameters: 
2023-07-12 15:45:13.340 DEBUG 15172 --- [XNIO-1 task-90] r.c.m.x.r.QuestionMapper.page_COUNT      : <==      Total: 1
2023-07-12 15:45:13.341 DEBUG 15172 --- [XNIO-1 task-90] r.c.m.x.repository.QuestionMapper.page   : ==>  Preparing: SELECT id, question_type, subject_id, score, grade_level, difficult, correct, info_text_content_id, create_user, status, create_time, deleted FROM t_question WHERE deleted = 0 order by id desc LIMIT ? 
2023-07-12 15:45:13.341 DEBUG 15172 --- [XNIO-1 task-90] r.c.m.x.repository.QuestionMapper.page   : ==> Parameters: 10(Integer)
2023-07-12 15:45:13.342 DEBUG 15172 --- [XNIO-1 task-90] r.c.m.x.repository.QuestionMapper.page   : <==      Total: 1
2023-07-12 15:45:13.342 DEBUG 15172 --- [XNIO-1 task-90] r.c.m.x.r.T.selectByPrimaryKey           : ==>  Preparing: select id, content, create_time from t_text_content where id = ? 
2023-07-12 15:45:13.342 DEBUG 15172 --- [XNIO-1 task-90] r.c.m.x.r.T.selectByPrimaryKey           : ==> Parameters: 1(Integer)
2023-07-12 15:45:13.343 DEBUG 15172 --- [XNIO-1 task-90] r.c.m.x.r.T.selectByPrimaryKey           : <==      Total: 1
2023-07-12 15:49:48.621 DEBUG 15172 --- [XNIO-1 task-91] r.c.m.x.r.SubjectMapper.allSubject       : ==>  Preparing: select id, name, level, level_name, item_order, deleted from t_subject 
2023-07-12 15:49:48.623 DEBUG 15172 --- [XNIO-1 task-91] r.c.m.x.r.SubjectMapper.allSubject       : ==> Parameters: 
2023-07-12 15:49:48.624 DEBUG 15172 --- [XNIO-1 task-92] r.c.m.x.r.E.adminPage_COUNT              : ==>  Preparing: SELECT count(0) FROM t_exam_paper_answer 
2023-07-12 15:49:48.624 DEBUG 15172 --- [XNIO-1 task-92] r.c.m.x.r.E.adminPage_COUNT              : ==> Parameters: 
2023-07-12 15:49:48.625 DEBUG 15172 --- [XNIO-1 task-92] r.c.m.x.r.E.adminPage_COUNT              : <==      Total: 1
2023-07-12 15:49:48.625 DEBUG 15172 --- [XNIO-1 task-91] r.c.m.x.r.SubjectMapper.allSubject       : <==      Total: 1
2023-07-12 15:49:48.626 DEBUG 15172 --- [XNIO-1 task-92] r.c.m.x.r.E.adminPage                    : ==>  Preparing: SELECT id, exam_paper_id, paper_name, paper_type, subject_id, system_score, user_score, paper_score, question_correct, question_count, do_time, status, create_user, create_time, task_exam_id FROM t_exam_paper_answer order by id desc LIMIT ? 
2023-07-12 15:49:48.626 DEBUG 15172 --- [XNIO-1 task-92] r.c.m.x.r.E.adminPage                    : ==> Parameters: 10(Integer)
2023-07-12 15:49:48.628 DEBUG 15172 --- [XNIO-1 task-92] r.c.m.x.r.E.adminPage                    : <==      Total: 1
2023-07-12 15:49:48.629 DEBUG 15172 --- [XNIO-1 task-92] r.c.m.x.r.S.selectByPrimaryKey           : ==>  Preparing: select id, name, level, level_name, item_order, deleted from t_subject where id = ? 
2023-07-12 15:49:48.629 DEBUG 15172 --- [XNIO-1 task-92] r.c.m.x.r.S.selectByPrimaryKey           : ==> Parameters: 1(Integer)
2023-07-12 15:49:48.629 DEBUG 15172 --- [XNIO-1 task-92] r.c.m.x.r.S.selectByPrimaryKey           : <==      Total: 1
2023-07-12 15:49:48.630 DEBUG 15172 --- [XNIO-1 task-92] r.c.m.x.r.UserMapper.selectByPrimaryKey  : ==>  Preparing: select id, user_uuid, user_name, password, real_name, age, sex, birth_day, user_level, phone, role, status, image_path, create_time, modify_time, last_active_time, deleted, wx_open_id from t_user where id = ? 
2023-07-12 15:49:48.630 DEBUG 15172 --- [XNIO-1 task-92] r.c.m.x.r.UserMapper.selectByPrimaryKey  : ==> Parameters: 1(Integer)
2023-07-12 15:49:48.633 DEBUG 15172 --- [XNIO-1 task-92] r.c.m.x.r.UserMapper.selectByPrimaryKey  : <==      Total: 1
2023-07-12 15:49:53.952 DEBUG 15172 --- [XNIO-1 task-93] r.c.m.x.r.E.adminPage_COUNT              : ==>  Preparing: SELECT count(0) FROM t_exam_paper_answer 
2023-07-12 15:49:53.952 DEBUG 15172 --- [XNIO-1 task-93] r.c.m.x.r.E.adminPage_COUNT              : ==> Parameters: 
2023-07-12 15:49:53.953 DEBUG 15172 --- [XNIO-1 task-93] r.c.m.x.r.E.adminPage_COUNT              : <==      Total: 1
2023-07-12 15:49:53.953 DEBUG 15172 --- [XNIO-1 task-93] r.c.m.x.r.E.adminPage                    : ==>  Preparing: SELECT id, exam_paper_id, paper_name, paper_type, subject_id, system_score, user_score, paper_score, question_correct, question_count, do_time, status, create_user, create_time, task_exam_id FROM t_exam_paper_answer order by id desc LIMIT ? 
2023-07-12 15:49:53.953 DEBUG 15172 --- [XNIO-1 task-93] r.c.m.x.r.E.adminPage                    : ==> Parameters: 10(Integer)
2023-07-12 15:49:53.954 DEBUG 15172 --- [XNIO-1 task-93] r.c.m.x.r.E.adminPage                    : <==      Total: 1
2023-07-12 15:49:53.954 DEBUG 15172 --- [XNIO-1 task-93] r.c.m.x.r.S.selectByPrimaryKey           : ==>  Preparing: select id, name, level, level_name, item_order, deleted from t_subject where id = ? 
2023-07-12 15:49:53.954 DEBUG 15172 --- [XNIO-1 task-93] r.c.m.x.r.S.selectByPrimaryKey           : ==> Parameters: 1(Integer)
2023-07-12 15:49:53.955 DEBUG 15172 --- [XNIO-1 task-93] r.c.m.x.r.S.selectByPrimaryKey           : <==      Total: 1
2023-07-12 15:49:53.955 DEBUG 15172 --- [XNIO-1 task-93] r.c.m.x.r.UserMapper.selectByPrimaryKey  : ==>  Preparing: select id, user_uuid, user_name, password, real_name, age, sex, birth_day, user_level, phone, role, status, image_path, create_time, modify_time, last_active_time, deleted, wx_open_id from t_user where id = ? 
2023-07-12 15:49:53.955 DEBUG 15172 --- [XNIO-1 task-93] r.c.m.x.r.UserMapper.selectByPrimaryKey  : ==> Parameters: 1(Integer)
2023-07-12 15:49:53.956 DEBUG 15172 --- [XNIO-1 task-93] r.c.m.x.r.UserMapper.selectByPrimaryKey  : <==      Total: 1
2023-07-12 15:50:33.925 DEBUG 15172 --- [XNIO-1 task-95] r.c.m.x.r.SubjectMapper.allSubject       : ==>  Preparing: select id, name, level, level_name, item_order, deleted from t_subject 
2023-07-12 15:50:33.926 DEBUG 15172 --- [XNIO-1 task-95] r.c.m.x.r.SubjectMapper.allSubject       : ==> Parameters: 
2023-07-12 15:50:33.927 DEBUG 15172 --- [XNIO-1 task-95] r.c.m.x.r.SubjectMapper.allSubject       : <==      Total: 1
2023-07-12 15:50:33.928 DEBUG 15172 --- [XNIO-1 task-94] r.c.m.x.r.QuestionMapper.page_COUNT      : ==>  Preparing: SELECT count(0) FROM t_question WHERE deleted = 0 
2023-07-12 15:50:33.928 DEBUG 15172 --- [XNIO-1 task-94] r.c.m.x.r.QuestionMapper.page_COUNT      : ==> Parameters: 
2023-07-12 15:50:33.928 DEBUG 15172 --- [XNIO-1 task-94] r.c.m.x.r.QuestionMapper.page_COUNT      : <==      Total: 1
2023-07-12 15:50:33.929 DEBUG 15172 --- [XNIO-1 task-94] r.c.m.x.repository.QuestionMapper.page   : ==>  Preparing: SELECT id, question_type, subject_id, score, grade_level, difficult, correct, info_text_content_id, create_user, status, create_time, deleted FROM t_question WHERE deleted = 0 order by id desc LIMIT ? 
2023-07-12 15:50:33.929 DEBUG 15172 --- [XNIO-1 task-94] r.c.m.x.repository.QuestionMapper.page   : ==> Parameters: 10(Integer)
2023-07-12 15:50:33.929 DEBUG 15172 --- [XNIO-1 task-94] r.c.m.x.repository.QuestionMapper.page   : <==      Total: 1
2023-07-12 15:50:33.930 DEBUG 15172 --- [XNIO-1 task-94] r.c.m.x.r.T.selectByPrimaryKey           : ==>  Preparing: select id, content, create_time from t_text_content where id = ? 
2023-07-12 15:50:33.930 DEBUG 15172 --- [XNIO-1 task-94] r.c.m.x.r.T.selectByPrimaryKey           : ==> Parameters: 1(Integer)
2023-07-12 15:50:33.931 DEBUG 15172 --- [XNIO-1 task-94] r.c.m.x.r.T.selectByPrimaryKey           : <==      Total: 1
2023-07-12 15:50:35.395 DEBUG 15172 --- [XNIO-1 task-96] r.c.m.x.r.E.selectAllCount               : ==>  Preparing: SELECT count(*) from t_exam_paper where deleted=0 
2023-07-12 15:50:35.395 DEBUG 15172 --- [XNIO-1 task-96] r.c.m.x.r.E.selectAllCount               : ==> Parameters: 
2023-07-12 15:50:35.395 DEBUG 15172 --- [XNIO-1 task-96] r.c.m.x.r.E.selectAllCount               : <==      Total: 1
2023-07-12 15:50:35.395 DEBUG 15172 --- [XNIO-1 task-96] r.c.m.x.r.QuestionMapper.selectAllCount  : ==>  Preparing: SELECT count(*) from t_question where deleted=0 
2023-07-12 15:50:35.395 DEBUG 15172 --- [XNIO-1 task-96] r.c.m.x.r.QuestionMapper.selectAllCount  : ==> Parameters: 
2023-07-12 15:50:35.396 DEBUG 15172 --- [XNIO-1 task-96] r.c.m.x.r.QuestionMapper.selectAllCount  : <==      Total: 1
2023-07-12 15:50:35.396 DEBUG 15172 --- [XNIO-1 task-96] r.c.m.x.r.E.selectAllCount               : ==>  Preparing: SELECT count(*) from t_exam_paper_answer 
2023-07-12 15:50:35.396 DEBUG 15172 --- [XNIO-1 task-96] r.c.m.x.r.E.selectAllCount               : ==> Parameters: 
2023-07-12 15:50:35.397 DEBUG 15172 --- [XNIO-1 task-96] r.c.m.x.r.E.selectAllCount               : <==      Total: 1
2023-07-12 15:50:35.397 DEBUG 15172 --- [XNIO-1 task-96] r.c.m.x.r.E.selectAllCount               : ==>  Preparing: SELECT count(*) from t_exam_paper_question_customer_answer 
2023-07-12 15:50:35.397 DEBUG 15172 --- [XNIO-1 task-96] r.c.m.x.r.E.selectAllCount               : ==> Parameters: 
2023-07-12 15:50:35.398 DEBUG 15172 --- [XNIO-1 task-96] r.c.m.x.r.E.selectAllCount               : <==      Total: 1
2023-07-12 15:50:35.399 DEBUG 15172 --- [XNIO-1 task-96] r.c.m.x.r.U.selectCountByDate            : ==>  Preparing: SELECT create_time as name,COUNT(create_time) as value from ( SELECT DATE_FORMAT(create_time,'%Y-%m-%d') as create_time from t_user_event_log WHERE create_time between ? and ? ) a GROUP BY create_time 
2023-07-12 15:50:35.399 DEBUG 15172 --- [XNIO-1 task-96] r.c.m.x.r.U.selectCountByDate            : ==> Parameters: 2023-07-01 00:00:00.0(Timestamp), 2023-07-31 23:59:59.0(Timestamp)
2023-07-12 15:50:35.402 DEBUG 15172 --- [XNIO-1 task-96] r.c.m.x.r.U.selectCountByDate            : <==      Total: 4
2023-07-12 15:50:35.402 DEBUG 15172 --- [XNIO-1 task-96] r.c.m.x.r.E.selectCountByDate            : ==>  Preparing: SELECT create_time as name,COUNT(create_time) as value from ( SELECT DATE_FORMAT(create_time,'%Y-%m-%d') as create_time from t_exam_paper_question_customer_answer WHERE create_time between ? and ? ) a GROUP BY create_time 
2023-07-12 15:50:35.403 DEBUG 15172 --- [XNIO-1 task-96] r.c.m.x.r.E.selectCountByDate            : ==> Parameters: 2023-07-01 00:00:00.0(Timestamp), 2023-07-31 23:59:59.0(Timestamp)
2023-07-12 15:50:35.403 DEBUG 15172 --- [XNIO-1 task-96] r.c.m.x.r.E.selectCountByDate            : <==      Total: 1
2023-07-12 15:50:40.213 DEBUG 15172 --- [XNIO-1 task-97] r.c.m.x.r.MessageMapper.page_COUNT       : ==>  Preparing: SELECT count(0) FROM t_message 
2023-07-12 15:50:40.213 DEBUG 15172 --- [XNIO-1 task-97] r.c.m.x.r.MessageMapper.page_COUNT       : ==> Parameters: 
2023-07-12 15:50:40.246 DEBUG 15172 --- [XNIO-1 task-97] r.c.m.x.r.MessageMapper.page_COUNT       : <==      Total: 1
2023-07-12 15:50:40.247 DEBUG 15172 --- [XNIO-1 task-97] r.c.m.xzs.repository.MessageMapper.page  : ==>  Preparing: SELECT id, title, content, create_time, send_user_id, send_user_name, send_real_name, receive_user_count, read_count FROM t_message order by id desc LIMIT ? 
2023-07-12 15:50:40.248 DEBUG 15172 --- [XNIO-1 task-97] r.c.m.xzs.repository.MessageMapper.page  : ==> Parameters: 10(Integer)
2023-07-12 15:50:40.248 DEBUG 15172 --- [XNIO-1 task-97] r.c.m.xzs.repository.MessageMapper.page  : <==      Total: 1
2023-07-12 15:50:40.253 DEBUG 15172 --- [XNIO-1 task-97] r.c.m.x.r.M.selectByMessageIds           : ==>  Preparing: select id, message_id, receive_user_id, receive_user_name, receive_real_name, readed, create_time, read_time from t_message_user where message_id in ( ? ) 
2023-07-12 15:50:40.254 DEBUG 15172 --- [XNIO-1 task-97] r.c.m.x.r.M.selectByMessageIds           : ==> Parameters: 1(Integer)
2023-07-12 15:50:40.254 DEBUG 15172 --- [XNIO-1 task-97] r.c.m.x.r.M.selectByMessageIds           : <==      Total: 1
2023-07-12 15:50:43.400 DEBUG 15172 --- [XNIO-1 task-98] r.c.m.x.r.SubjectMapper.allSubject       : ==>  Preparing: select id, name, level, level_name, item_order, deleted from t_subject 
2023-07-12 15:50:43.400 DEBUG 15172 --- [XNIO-1 task-98] r.c.m.x.r.SubjectMapper.allSubject       : ==> Parameters: 
2023-07-12 15:50:43.401 DEBUG 15172 --- [XNIO-1 task-98] r.c.m.x.r.SubjectMapper.allSubject       : <==      Total: 1
2023-07-12 15:50:44.894 DEBUG 15172 --- [XNIO-1 task-99] r.c.m.x.r.TaskExamMapper.page_COUNT      : ==>  Preparing: SELECT count(0) FROM t_task_exam WHERE deleted = 0 
2023-07-12 15:50:44.894 DEBUG 15172 --- [XNIO-1 task-99] r.c.m.x.r.TaskExamMapper.page_COUNT      : ==> Parameters: 
2023-07-12 15:50:44.894 DEBUG 15172 --- [XNIO-1 task-99] r.c.m.x.r.TaskExamMapper.page_COUNT      : <==      Total: 1
2023-07-12 15:50:47.171 DEBUG 15172 --- [XNIO-1 task-100] r.c.m.x.r.SubjectMapper.allSubject       : ==>  Preparing: select id, name, level, level_name, item_order, deleted from t_subject 
2023-07-12 15:50:47.171 DEBUG 15172 --- [XNIO-1 task-100] r.c.m.x.r.SubjectMapper.allSubject       : ==> Parameters: 
2023-07-12 15:50:47.171 DEBUG 15172 --- [XNIO-1 task-100] r.c.m.x.r.SubjectMapper.allSubject       : <==      Total: 1
2023-07-12 15:50:47.171 DEBUG 15172 --- [XNIO-1 task-101] r.c.m.x.r.QuestionMapper.page_COUNT      : ==>  Preparing: SELECT count(0) FROM t_question WHERE deleted = 0 
2023-07-12 15:50:47.173 DEBUG 15172 --- [XNIO-1 task-101] r.c.m.x.r.QuestionMapper.page_COUNT      : ==> Parameters: 
2023-07-12 15:50:47.173 DEBUG 15172 --- [XNIO-1 task-101] r.c.m.x.r.QuestionMapper.page_COUNT      : <==      Total: 1
2023-07-12 15:50:47.173 DEBUG 15172 --- [XNIO-1 task-101] r.c.m.x.repository.QuestionMapper.page   : ==>  Preparing: SELECT id, question_type, subject_id, score, grade_level, difficult, correct, info_text_content_id, create_user, status, create_time, deleted FROM t_question WHERE deleted = 0 order by id desc LIMIT ? 
2023-07-12 15:50:47.173 DEBUG 15172 --- [XNIO-1 task-101] r.c.m.x.repository.QuestionMapper.page   : ==> Parameters: 10(Integer)
2023-07-12 15:50:47.174 DEBUG 15172 --- [XNIO-1 task-101] r.c.m.x.repository.QuestionMapper.page   : <==      Total: 1
2023-07-12 15:50:47.174 DEBUG 15172 --- [XNIO-1 task-101] r.c.m.x.r.T.selectByPrimaryKey           : ==>  Preparing: select id, content, create_time from t_text_content where id = ? 
2023-07-12 15:50:47.174 DEBUG 15172 --- [XNIO-1 task-101] r.c.m.x.r.T.selectByPrimaryKey           : ==> Parameters: 1(Integer)
2023-07-12 15:50:47.175 DEBUG 15172 --- [XNIO-1 task-101] r.c.m.x.r.T.selectByPrimaryKey           : <==      Total: 1
2023-07-12 15:50:54.683 DEBUG 15172 --- [XNIO-1 task-102] r.c.m.x.r.TaskExamMapper.page_COUNT      : ==>  Preparing: SELECT count(0) FROM t_task_exam WHERE deleted = 0 
2023-07-12 15:50:54.683 DEBUG 15172 --- [XNIO-1 task-102] r.c.m.x.r.TaskExamMapper.page_COUNT      : ==> Parameters: 
2023-07-12 15:50:54.684 DEBUG 15172 --- [XNIO-1 task-102] r.c.m.x.r.TaskExamMapper.page_COUNT      : <==      Total: 1
2023-07-12 15:50:55.994 DEBUG 15172 --- [XNIO-1 task-103] r.c.m.x.r.SubjectMapper.allSubject       : ==>  Preparing: select id, name, level, level_name, item_order, deleted from t_subject 
2023-07-12 15:50:55.994 DEBUG 15172 --- [XNIO-1 task-103] r.c.m.x.r.SubjectMapper.allSubject       : ==> Parameters: 
2023-07-12 15:50:55.994 DEBUG 15172 --- [XNIO-1 task-103] r.c.m.x.r.SubjectMapper.allSubject       : <==      Total: 1
2023-07-12 15:50:55.995 DEBUG 15172 --- [XNIO-1 task-104] r.c.m.x.r.ExamPaperMapper.page_COUNT     : ==>  Preparing: SELECT count(0) FROM t_exam_paper WHERE deleted = 0 
2023-07-12 15:50:55.995 DEBUG 15172 --- [XNIO-1 task-104] r.c.m.x.r.ExamPaperMapper.page_COUNT     : ==> Parameters: 
2023-07-12 15:50:55.996 DEBUG 15172 --- [XNIO-1 task-104] r.c.m.x.r.ExamPaperMapper.page_COUNT     : <==      Total: 1
2023-07-12 15:50:55.996 DEBUG 15172 --- [XNIO-1 task-104] r.c.m.x.repository.ExamPaperMapper.page  : ==>  Preparing: SELECT id, name, subject_id, paper_type, grade_level, score, question_count, suggest_time, limit_start_time, limit_end_time, frame_text_content_id, create_user, create_time, deleted, task_exam_id FROM t_exam_paper WHERE deleted = 0 order by id desc LIMIT ? 
2023-07-12 15:50:55.996 DEBUG 15172 --- [XNIO-1 task-104] r.c.m.x.repository.ExamPaperMapper.page  : ==> Parameters: 10(Integer)
2023-07-12 15:50:55.998 DEBUG 15172 --- [XNIO-1 task-104] r.c.m.x.repository.ExamPaperMapper.page  : <==      Total: 2
2023-07-12 15:50:57.782 DEBUG 15172 --- [XNIO-1 task-105] r.c.m.x.r.SubjectMapper.allSubject       : ==>  Preparing: select id, name, level, level_name, item_order, deleted from t_subject 
2023-07-12 15:50:57.783 DEBUG 15172 --- [XNIO-1 task-105] r.c.m.x.r.SubjectMapper.allSubject       : ==> Parameters: 
2023-07-12 15:50:57.783 DEBUG 15172 --- [XNIO-1 task-105] r.c.m.x.r.SubjectMapper.allSubject       : <==      Total: 1
2023-07-12 15:51:01.301 DEBUG 15172 --- [XNIO-1 task-107] r.c.m.x.r.SubjectMapper.allSubject       : ==>  Preparing: select id, name, level, level_name, item_order, deleted from t_subject 
2023-07-12 15:51:01.301 DEBUG 15172 --- [XNIO-1 task-107] r.c.m.x.r.SubjectMapper.allSubject       : ==> Parameters: 
2023-07-12 15:51:01.302 DEBUG 15172 --- [XNIO-1 task-106] r.c.m.x.r.ExamPaperMapper.page_COUNT     : ==>  Preparing: SELECT count(0) FROM t_exam_paper WHERE deleted = 0 
2023-07-12 15:51:01.302 DEBUG 15172 --- [XNIO-1 task-106] r.c.m.x.r.ExamPaperMapper.page_COUNT     : ==> Parameters: 
2023-07-12 15:51:01.302 DEBUG 15172 --- [XNIO-1 task-107] r.c.m.x.r.SubjectMapper.allSubject       : <==      Total: 1
2023-07-12 15:51:01.302 DEBUG 15172 --- [XNIO-1 task-106] r.c.m.x.r.ExamPaperMapper.page_COUNT     : <==      Total: 1
2023-07-12 15:51:01.302 DEBUG 15172 --- [XNIO-1 task-106] r.c.m.x.repository.ExamPaperMapper.page  : ==>  Preparing: SELECT id, name, subject_id, paper_type, grade_level, score, question_count, suggest_time, limit_start_time, limit_end_time, frame_text_content_id, create_user, create_time, deleted, task_exam_id FROM t_exam_paper WHERE deleted = 0 order by id desc LIMIT ? 
2023-07-12 15:51:01.303 DEBUG 15172 --- [XNIO-1 task-106] r.c.m.x.repository.ExamPaperMapper.page  : ==> Parameters: 10(Integer)
2023-07-12 15:51:01.303 DEBUG 15172 --- [XNIO-1 task-106] r.c.m.x.repository.ExamPaperMapper.page  : <==      Total: 2
2023-07-12 16:58:01.522 DEBUG 15172 --- [XNIO-1 task-110] r.c.m.x.r.UserMapper.getUserByUserName   : ==>  Preparing: select id, user_uuid, user_name, password, real_name, age, sex, birth_day, user_level, phone, role, status, image_path, create_time, modify_time, last_active_time, deleted, wx_open_id from t_user where deleted=0 and user_name=? limit 1 
2023-07-12 16:58:01.522 DEBUG 15172 --- [XNIO-1 task-111] r.c.m.x.r.UserMapper.getUserByUserName   : ==>  Preparing: select id, user_uuid, user_name, password, real_name, age, sex, birth_day, user_level, phone, role, status, image_path, create_time, modify_time, last_active_time, deleted, wx_open_id from t_user where deleted=0 and user_name=? limit 1 
2023-07-12 16:58:01.526 DEBUG 15172 --- [XNIO-1 task-110] r.c.m.x.r.UserMapper.getUserByUserName   : ==> Parameters: admin(String)
2023-07-12 16:58:01.526 DEBUG 15172 --- [XNIO-1 task-111] r.c.m.x.r.UserMapper.getUserByUserName   : ==> Parameters: admin(String)
2023-07-12 16:58:01.530 DEBUG 15172 --- [XNIO-1 task-110] r.c.m.x.r.UserMapper.getUserByUserName   : <==      Total: 1
2023-07-12 16:58:01.530 DEBUG 15172 --- [XNIO-1 task-111] r.c.m.x.r.UserMapper.getUserByUserName   : <==      Total: 1
2023-07-12 16:58:01.533 DEBUG 15172 --- [XNIO-1 task-110] r.c.m.x.r.UserMapper.getUserByUserName   : ==>  Preparing: select id, user_uuid, user_name, password, real_name, age, sex, birth_day, user_level, phone, role, status, image_path, create_time, modify_time, last_active_time, deleted, wx_open_id from t_user where deleted=0 and user_name=? limit 1 
2023-07-12 16:58:01.533 DEBUG 15172 --- [XNIO-1 task-111] r.c.m.x.r.UserMapper.getUserByUserName   : ==>  Preparing: select id, user_uuid, user_name, password, real_name, age, sex, birth_day, user_level, phone, role, status, image_path, create_time, modify_time, last_active_time, deleted, wx_open_id from t_user where deleted=0 and user_name=? limit 1 
2023-07-12 16:58:01.533 DEBUG 15172 --- [XNIO-1 task-110] r.c.m.x.r.UserMapper.getUserByUserName   : ==> Parameters: admin(String)
2023-07-12 16:58:01.533 DEBUG 15172 --- [XNIO-1 task-111] r.c.m.x.r.UserMapper.getUserByUserName   : ==> Parameters: admin(String)
2023-07-12 16:58:01.534 DEBUG 15172 --- [XNIO-1 task-111] r.c.m.x.r.UserMapper.getUserByUserName   : <==      Total: 1
2023-07-12 16:58:01.534 DEBUG 15172 --- [XNIO-1 task-110] r.c.m.x.r.UserMapper.getUserByUserName   : <==      Total: 1
2023-07-12 16:58:01.547 DEBUG 15172 --- [XNIO-1 task-111] r.c.m.x.r.SubjectMapper.allSubject       : ==>  Preparing: select id, name, level, level_name, item_order, deleted from t_subject 
2023-07-12 16:58:01.547 DEBUG 15172 --- [XNIO-1 task-111] r.c.m.x.r.SubjectMapper.allSubject       : ==> Parameters: 
2023-07-12 16:58:01.548 DEBUG 15172 --- [XNIO-1 task-111] r.c.m.x.r.SubjectMapper.allSubject       : <==      Total: 1
2023-07-12 16:58:01.554 DEBUG 15172 --- [XNIO-1 task-110] r.c.m.x.r.ExamPaperMapper.page_COUNT     : ==>  Preparing: SELECT count(0) FROM t_exam_paper WHERE deleted = 0 
2023-07-12 16:58:01.554 DEBUG 15172 --- [XNIO-1 task-110] r.c.m.x.r.ExamPaperMapper.page_COUNT     : ==> Parameters: 
2023-07-12 16:58:01.555 DEBUG 15172 --- [XNIO-1 task-110] r.c.m.x.r.ExamPaperMapper.page_COUNT     : <==      Total: 1
2023-07-12 16:58:01.556 DEBUG 15172 --- [XNIO-1 task-110] r.c.m.x.repository.ExamPaperMapper.page  : ==>  Preparing: SELECT id, name, subject_id, paper_type, grade_level, score, question_count, suggest_time, limit_start_time, limit_end_time, frame_text_content_id, create_user, create_time, deleted, task_exam_id FROM t_exam_paper WHERE deleted = 0 order by id desc LIMIT ? 
2023-07-12 16:58:01.556 DEBUG 15172 --- [XNIO-1 task-110] r.c.m.x.repository.ExamPaperMapper.page  : ==> Parameters: 10(Integer)
2023-07-12 16:58:01.557 DEBUG 15172 --- [XNIO-1 task-110] r.c.m.x.repository.ExamPaperMapper.page  : <==      Total: 2
2023-07-12 17:20:01.613 DEBUG 15172 --- [XNIO-1 task-112] r.c.m.x.r.SubjectMapper.allSubject       : ==>  Preparing: select id, name, level, level_name, item_order, deleted from t_subject 
2023-07-12 17:20:01.616 DEBUG 15172 --- [XNIO-1 task-112] r.c.m.x.r.SubjectMapper.allSubject       : ==> Parameters: 
2023-07-12 17:20:01.618 DEBUG 15172 --- [XNIO-1 task-113] r.c.m.x.r.E.selectByPrimaryKey           : ==>  Preparing: select id, name, subject_id, paper_type, grade_level, score, question_count, suggest_time, limit_start_time, limit_end_time, frame_text_content_id, create_user, create_time, deleted, task_exam_id from t_exam_paper where id = ? 
2023-07-12 17:20:01.618 DEBUG 15172 --- [XNIO-1 task-113] r.c.m.x.r.E.selectByPrimaryKey           : ==> Parameters: 2(Integer)
2023-07-12 17:20:01.620 DEBUG 15172 --- [XNIO-1 task-112] r.c.m.x.r.SubjectMapper.allSubject       : <==      Total: 1
2023-07-12 17:20:01.620 DEBUG 15172 --- [XNIO-1 task-113] r.c.m.x.r.E.selectByPrimaryKey           : <==      Total: 1
2023-07-12 17:20:01.625 DEBUG 15172 --- [XNIO-1 task-113] r.c.m.x.r.T.selectByPrimaryKey           : ==>  Preparing: select id, content, create_time from t_text_content where id = ? 
2023-07-12 17:20:01.626 DEBUG 15172 --- [XNIO-1 task-113] r.c.m.x.r.T.selectByPrimaryKey           : ==> Parameters: 3(Integer)
2023-07-12 17:20:01.626 DEBUG 15172 --- [XNIO-1 task-113] r.c.m.x.r.T.selectByPrimaryKey           : <==      Total: 1
2023-07-12 17:20:01.640 DEBUG 15172 --- [XNIO-1 task-113] r.c.m.x.r.QuestionMapper.selectByIds     : ==>  Preparing: SELECT id, question_type, subject_id, score, grade_level, difficult, correct, info_text_content_id, create_user, status, create_time, deleted FROM t_question where id in ( ? ) 
2023-07-12 17:20:01.641 DEBUG 15172 --- [XNIO-1 task-113] r.c.m.x.r.QuestionMapper.selectByIds     : ==> Parameters: 1(Integer)
2023-07-12 17:20:01.641 DEBUG 15172 --- [XNIO-1 task-113] r.c.m.x.r.QuestionMapper.selectByIds     : <==      Total: 1
2023-07-12 17:20:01.650 DEBUG 15172 --- [XNIO-1 task-113] r.c.m.x.r.T.selectByPrimaryKey           : ==>  Preparing: select id, content, create_time from t_text_content where id = ? 
2023-07-12 17:20:01.651 DEBUG 15172 --- [XNIO-1 task-113] r.c.m.x.r.T.selectByPrimaryKey           : ==> Parameters: 1(Integer)
2023-07-12 17:20:01.653 DEBUG 15172 --- [XNIO-1 task-113] r.c.m.x.r.T.selectByPrimaryKey           : <==      Total: 1
2023-07-12 17:30:51.575 DEBUG 15172 --- [XNIO-1 task-116] r.c.m.x.r.MessageMapper.page_COUNT       : ==>  Preparing: SELECT count(0) FROM t_message 
2023-07-12 17:30:51.577 DEBUG 15172 --- [XNIO-1 task-116] r.c.m.x.r.MessageMapper.page_COUNT       : ==> Parameters: 
2023-07-12 17:30:51.583 DEBUG 15172 --- [XNIO-1 task-116] r.c.m.x.r.MessageMapper.page_COUNT       : <==      Total: 1
2023-07-12 17:30:51.584 DEBUG 15172 --- [XNIO-1 task-116] r.c.m.xzs.repository.MessageMapper.page  : ==>  Preparing: SELECT id, title, content, create_time, send_user_id, send_user_name, send_real_name, receive_user_count, read_count FROM t_message order by id desc LIMIT ? 
2023-07-12 17:30:51.584 DEBUG 15172 --- [XNIO-1 task-116] r.c.m.xzs.repository.MessageMapper.page  : ==> Parameters: 10(Integer)
2023-07-12 17:30:51.585 DEBUG 15172 --- [XNIO-1 task-116] r.c.m.xzs.repository.MessageMapper.page  : <==      Total: 1
2023-07-12 17:30:51.586 DEBUG 15172 --- [XNIO-1 task-116] r.c.m.x.r.M.selectByMessageIds           : ==>  Preparing: select id, message_id, receive_user_id, receive_user_name, receive_real_name, readed, create_time, read_time from t_message_user where message_id in ( ? ) 
2023-07-12 17:30:51.586 DEBUG 15172 --- [XNIO-1 task-116] r.c.m.x.r.M.selectByMessageIds           : ==> Parameters: 1(Integer)
2023-07-12 17:30:51.587 DEBUG 15172 --- [XNIO-1 task-116] r.c.m.x.r.M.selectByMessageIds           : <==      Total: 1
